Using pre-set license
Built from '2021.3/staging' branch; Version is '2021.3.10f1 (1c7d0df0160b) revision 1867021'; Using compiler version '192829333'; Build Type 'Release'
OS: 'Windows 10  (10.0.19044) 64bit Education' Language: 'pl' Physical Memory: 32693 MB
BatchMode: 1, IsHumanControllingUs: 0, StartBugReporterOnCrash: 0, Is64bit: 1, IsPro: 1

COMMAND LINE ARGUMENTS:
C:\Program Files\Unity\Hub\Editor\2021.3.10f1\Editor\Unity.exe
-adb2
-batchMode
-noUpm
-name
AssetImportWorker6
-projectPath
C:/Users/student/Desktop/Unity-Laboratoria-main/My project
-logFile
Logs/AssetImportWorker6.log
-srvPort
52669
Successfully changed project path to: C:/Users/student/Desktop/Unity-Laboratoria-main/My project
C:/Users/student/Desktop/Unity-Laboratoria-main/My project
[UnityMemory] Configuration Parameters - Can be set up in boot.config
    "memorysetup-bucket-allocator-granularity=16"
    "memorysetup-bucket-allocator-bucket-count=8"
    "memorysetup-bucket-allocator-block-size=33554432"
    "memorysetup-bucket-allocator-block-count=8"
    "memorysetup-main-allocator-block-size=16777216"
    "memorysetup-thread-allocator-block-size=16777216"
    "memorysetup-gfx-main-allocator-block-size=16777216"
    "memorysetup-gfx-thread-allocator-block-size=16777216"
    "memorysetup-cache-allocator-block-size=4194304"
    "memorysetup-typetree-allocator-block-size=2097152"
    "memorysetup-profiler-bucket-allocator-granularity=16"
    "memorysetup-profiler-bucket-allocator-bucket-count=8"
    "memorysetup-profiler-bucket-allocator-block-size=33554432"
    "memorysetup-profiler-bucket-allocator-block-count=8"
    "memorysetup-profiler-allocator-block-size=16777216"
    "memorysetup-profiler-editor-allocator-block-size=1048576"
    "memorysetup-temp-allocator-size-main=16777216"
    "memorysetup-job-temp-allocator-block-size=2097152"
    "memorysetup-job-temp-allocator-block-size-background=1048576"
    "memorysetup-job-temp-allocator-reduction-small-platforms=262144"
    "memorysetup-temp-allocator-size-background-worker=32768"
    "memorysetup-temp-allocator-size-job-worker=262144"
    "memorysetup-temp-allocator-size-preload-manager=33554432"
    "memorysetup-temp-allocator-size-nav-mesh-worker=65536"
    "memorysetup-temp-allocator-size-audio-worker=65536"
    "memorysetup-temp-allocator-size-cloud-worker=32768"
    "memorysetup-temp-allocator-size-gi-baking-worker=262144"
    "memorysetup-temp-allocator-size-gfx=262144"
Refreshing native plugins compatible for Editor in 120.52 ms, found 3 plugins.
Preloading 0 native plugins for Editor in 0.00 ms.
Initialize engine version: 2021.3.10f1 (1c7d0df0160b)
[Subsystems] Discovering subsystems at path C:/Program Files/Unity/Hub/Editor/2021.3.10f1/Editor/Data/Resources/UnitySubsystems
[Subsystems] Discovering subsystems at path C:/Users/student/Desktop/Unity-Laboratoria-main/My project/Assets
GfxDevice: creating device client; threaded=0; jobified=0
Direct3D:
    Version:  Direct3D 11.0 [level 11.1]
    Renderer: NVIDIA GeForce GTX 1070 (ID=0x1b81)
    Vendor:   NVIDIA
    VRAM:     8081 MB
    Driver:   31.0.15.3623
Initialize mono
Mono path[0] = 'C:/Program Files/Unity/Hub/Editor/2021.3.10f1/Editor/Data/Managed'
Mono path[1] = 'C:/Program Files/Unity/Hub/Editor/2021.3.10f1/Editor/Data/MonoBleedingEdge/lib/mono/unityjit-win32'
Mono config path = 'C:/Program Files/Unity/Hub/Editor/2021.3.10f1/Editor/Data/MonoBleedingEdge/etc'
Using monoOptions --debugger-agent=transport=dt_socket,embedding=1,server=y,suspend=n,address=127.0.0.1:56468
Begin MonoManager ReloadAssembly
Registering precompiled unity dll's ...
Register platform support module: C:/Program Files/Unity/Hub/Editor/2021.3.10f1/Editor/Data/PlaybackEngines/WebGLSupport/UnityEditor.WebGL.Extensions.dll
Register platform support module: C:/Program Files/Unity/Hub/Editor/2021.3.10f1/Editor/Data/PlaybackEngines/WindowsStandaloneSupport/UnityEditor.WindowsStandalone.Extensions.dll
Registered in 0.012924 seconds.
Native extension for WindowsStandalone target not found
Native extension for WebGL target not found
Refreshing native plugins compatible for Editor in 99.68 ms, found 3 plugins.
Preloading 0 native plugins for Editor in 0.00 ms.
Mono: successfully reloaded assembly
- Completed reload, in  0.895 seconds
Domain Reload Profiling:
	ReloadAssembly (896ms)
		BeginReloadAssembly (111ms)
			ExecutionOrderSort (0ms)
			DisableScriptedObjects (0ms)
			BackupInstance (0ms)
			ReleaseScriptingObjects (0ms)
			CreateAndSetChildDomain (2ms)
		EndReloadAssembly (618ms)
			LoadAssemblies (107ms)
			RebuildTransferFunctionScriptingTraits (0ms)
			SetupTypeCache (177ms)
			ReleaseScriptCaches (0ms)
			RebuildScriptCaches (35ms)
			SetupLoadedEditorAssemblies (348ms)
				LogAssemblyErrors (0ms)
				InitializePlatformSupportModulesInManaged (12ms)
				SetLoadedEditorAssemblies (0ms)
				RefreshPlugins (100ms)
				BeforeProcessingInitializeOnLoad (2ms)
				ProcessInitializeOnLoadAttributes (177ms)
				ProcessInitializeOnLoadMethodAttributes (57ms)
				AfterProcessingInitializeOnLoad (0ms)
				EditorAssembliesLoaded (0ms)
			ExecutionOrderSort2 (0ms)
			AwakeInstancesAfterBackupRestoration (0ms)
Platform modules already initialized, skipping
Registering precompiled user dll's ...
Registered in 0.007396 seconds.
Begin MonoManager ReloadAssembly
Native extension for WindowsStandalone target not found
Native extension for WebGL target not found
Refreshing native plugins compatible for Editor in 0.85 ms, found 3 plugins.
Preloading 0 native plugins for Editor in 0.00 ms.
Mono: successfully reloaded assembly
- Completed reload, in  1.355 seconds
Domain Reload Profiling:
	ReloadAssembly (1356ms)
		BeginReloadAssembly (141ms)
			ExecutionOrderSort (0ms)
			DisableScriptedObjects (7ms)
			BackupInstance (0ms)
			ReleaseScriptingObjects (0ms)
			CreateAndSetChildDomain (24ms)
		EndReloadAssembly (1043ms)
			LoadAssemblies (109ms)
			RebuildTransferFunctionScriptingTraits (0ms)
			SetupTypeCache (346ms)
			ReleaseScriptCaches (1ms)
			RebuildScriptCaches (62ms)
			SetupLoadedEditorAssemblies (481ms)
				LogAssemblyErrors (0ms)
				InitializePlatformSupportModulesInManaged (10ms)
				SetLoadedEditorAssemblies (1ms)
				RefreshPlugins (1ms)
				BeforeProcessingInitializeOnLoad (103ms)
				ProcessInitializeOnLoadAttributes (335ms)
				ProcessInitializeOnLoadMethodAttributes (21ms)
				AfterProcessingInitializeOnLoad (11ms)
				EditorAssembliesLoaded (0ms)
			ExecutionOrderSort2 (0ms)
			AwakeInstancesAfterBackupRestoration (8ms)
Platform modules already initialized, skipping
========================================================================
Worker process is ready to serve import requests
Launched and connected shader compiler UnityShaderCompiler.exe after 0.05 seconds
Refreshing native plugins compatible for Editor in 1.04 ms, found 3 plugins.
Preloading 0 native plugins for Editor in 0.00 ms.
Unloading 3098 Unused Serialized files (Serialized files now loaded: 0)
Unloading 22 unused Assets / (56.5 KB). Loaded Objects now: 3563.
Memory consumption went from 113.1 MB to 113.1 MB.
Total: 3.137700 ms (FindLiveObjects: 0.373600 ms CreateObjectMapping: 0.247300 ms MarkObjects: 2.424500 ms  DeleteObjects: 0.091000 ms)

AssetImportParameters requested are different than current active one (requested -> active):
  custom:video-decoder-ogg-theora: a1e56fd34408186e4bbccfd4996cb3dc -> 
  custom:container-muxer-webm: aa71ff27fc2769a1b78a27578f13a17b -> 
  custom:container-demuxer-webm: 4f35f7cbe854078d1ac9338744f61a02 -> 
  custom:video-encoder-webm-vp8: eb34c28f22e8b96e1ab97ce403110664 -> 
  custom:audio-encoder-webm-vorbis: bf7c407c2cedff20999df2af8eb42d56 -> 
  custom:framework-win-MediaFoundation: 216162199b28c13a410421893ffa2e32 -> 
  custom:container-demuxer-ogg: 62fdf1f143b41e24485cea50d1cbac27 -> 
  custom:video-decoder-webm-vp8: 9c59270c3fd7afecdb556c50c9e8de78 -> 
  custom:audio-decoder-ogg-vorbis: bf7c407c2cedff20999df2af8eb42d56 -> 
========================================================================
Received Import Request.
  Time since last request: 16702.321239 seconds.
  path: Assets/Playing Cards/Resource/Textures/PlayingCards_Heart13_00_col.tif
  artifactKey: Guid(d10e1bbb6b98a5640aaa904c370bc7fe) Importer(815301076,1909f56bfc062723c751e8b465ee728b)
Start importing Assets/Playing Cards/Resource/Textures/PlayingCards_Heart13_00_col.tif using Guid(d10e1bbb6b98a5640aaa904c370bc7fe) Importer(815301076,1909f56bfc062723c751e8b465ee728b)  -> (artifact id: '45edee4ab10b71d004bca04c7b3b9ae6') in 0.134865 seconds 
========================================================================
Received Import Request.
  Time since last request: 21.968857 seconds.
  path: Assets/Playing Cards/Resource/Textures/PlayingCards_Diamond01_00_col.tif
  artifactKey: Guid(0399fab79e1c49e429d10cda852a7174) Importer(815301076,1909f56bfc062723c751e8b465ee728b)
Start importing Assets/Playing Cards/Resource/Textures/PlayingCards_Diamond01_00_col.tif using Guid(0399fab79e1c49e429d10cda852a7174) Importer(815301076,1909f56bfc062723c751e8b465ee728b)  -> (artifact id: '118f0f10b1b541e7a70ebc8becbd98d1') in 0.019630 seconds 
========================================================================
Received Import Request.
  Time since last request: 0.000023 seconds.
  path: Assets/Playing Cards/Resource/Textures/PlayingCards_Diamond05_00_col.tif
  artifactKey: Guid(4fefcdc232bbd73408c008727fc4aaf8) Importer(815301076,1909f56bfc062723c751e8b465ee728b)
Start importing Assets/Playing Cards/Resource/Textures/PlayingCards_Diamond05_00_col.tif using Guid(4fefcdc232bbd73408c008727fc4aaf8) Importer(815301076,1909f56bfc062723c751e8b465ee728b)  -> (artifact id: '8cad9a96c6d08ad1574fce9d665d613b') in 0.017381 seconds 
========================================================================
Received Import Request.
  Time since last request: 0.000026 seconds.
  path: Assets/Playing Cards/Resource/Textures/PlayingCards_Diamond07_00_col.tif
  artifactKey: Guid(829da171e270818418fa97e8dd3ee643) Importer(815301076,1909f56bfc062723c751e8b465ee728b)
Start importing Assets/Playing Cards/Resource/Textures/PlayingCards_Diamond07_00_col.tif using Guid(829da171e270818418fa97e8dd3ee643) Importer(815301076,1909f56bfc062723c751e8b465ee728b)  -> (artifact id: '69058408452a94d44ab922210b0d9fbf') in 0.018289 seconds 
========================================================================
Received Import Request.
  Time since last request: 0.000052 seconds.
  path: Assets/Playing Cards/Resource/Textures/PlayingCards_Diamond04_00_col.tif
  artifactKey: Guid(38a6480e26381b74fb7de05110adeb98) Importer(815301076,1909f56bfc062723c751e8b465ee728b)
Start importing Assets/Playing Cards/Resource/Textures/PlayingCards_Diamond04_00_col.tif using Guid(38a6480e26381b74fb7de05110adeb98) Importer(815301076,1909f56bfc062723c751e8b465ee728b)  -> (artifact id: '3ab0828f24c99369374ae6475e71ecfe') in 0.016991 seconds 
========================================================================
Received Import Request.
  Time since last request: 0.856510 seconds.
  path: Assets/Playing Cards/Resource/Textures/PlayingCards_Diamond10_00_col.tif
  artifactKey: Guid(3d596c1d428efba4997d49c3c08a7317) Importer(815301076,1909f56bfc062723c751e8b465ee728b)
Start importing Assets/Playing Cards/Resource/Textures/PlayingCards_Diamond10_00_col.tif using Guid(3d596c1d428efba4997d49c3c08a7317) Importer(815301076,1909f56bfc062723c751e8b465ee728b)  -> (artifact id: '0e1917115f2994ec706404e6738b4171') in 0.016886 seconds 
========================================================================
Received Import Request.
  Time since last request: 0.000019 seconds.
  path: Assets/Playing Cards/Resource/Textures/PlayingCards_Diamond12_00_col.tif
  artifactKey: Guid(a2b62a80dbef4e446bce9cdeb176d9dd) Importer(815301076,1909f56bfc062723c751e8b465ee728b)
Start importing Assets/Playing Cards/Resource/Textures/PlayingCards_Diamond12_00_col.tif using Guid(a2b62a80dbef4e446bce9cdeb176d9dd) Importer(815301076,1909f56bfc062723c751e8b465ee728b)  -> (artifact id: '22d546a3e145007bc42bac7dec2942ff') in 0.016045 seconds 
========================================================================
Received Import Request.
  Time since last request: 0.025020 seconds.
  path: Assets/Playing Cards/Resource/Textures/PlayingCards_Heart01_00_col.tif
  artifactKey: Guid(4d1b51ff893f77f4eb46c6be477db461) Importer(815301076,1909f56bfc062723c751e8b465ee728b)
Start importing Assets/Playing Cards/Resource/Textures/PlayingCards_Heart01_00_col.tif using Guid(4d1b51ff893f77f4eb46c6be477db461) Importer(815301076,1909f56bfc062723c751e8b465ee728b)  -> (artifact id: 'c6001890c4f2d152a677d63f8bb42fb1') in 0.017183 seconds 
========================================================================
Received Import Request.
  Time since last request: 0.000023 seconds.
  path: Assets/Playing Cards/Resource/Textures/PlayingCards_Heart02_00_col.tif
  artifactKey: Guid(a4a4f0979dd68aa469aef3147f16e815) Importer(815301076,1909f56bfc062723c751e8b465ee728b)
Start importing Assets/Playing Cards/Resource/Textures/PlayingCards_Heart02_00_col.tif using Guid(a4a4f0979dd68aa469aef3147f16e815) Importer(815301076,1909f56bfc062723c751e8b465ee728b)  -> (artifact id: 'ebd4a034361bc986d99b8e56adf240f2') in 0.018732 seconds 
========================================================================
Received Import Request.
  Time since last request: 0.330942 seconds.
  path: Assets/Playing Cards/Resource/Textures/PlayingCards_Heart05_00_col.tif
  artifactKey: Guid(e8a753b1d0b0fed41ac68cb93da562ab) Importer(815301076,1909f56bfc062723c751e8b465ee728b)
Start importing Assets/Playing Cards/Resource/Textures/PlayingCards_Heart05_00_col.tif using Guid(e8a753b1d0b0fed41ac68cb93da562ab) Importer(815301076,1909f56bfc062723c751e8b465ee728b)  -> (artifact id: '73b4ff9bc4ee69a9f493c2fd7947e2c6') in 0.017078 seconds 
========================================================================
Received Import Request.
  Time since last request: 0.000018 seconds.
  path: Assets/Playing Cards/Resource/Textures/PlayingCards_Heart07_00_col.tif
  artifactKey: Guid(26f4887358b4d4a4a8b72b0142411f2c) Importer(815301076,1909f56bfc062723c751e8b465ee728b)
Start importing Assets/Playing Cards/Resource/Textures/PlayingCards_Heart07_00_col.tif using Guid(26f4887358b4d4a4a8b72b0142411f2c) Importer(815301076,1909f56bfc062723c751e8b465ee728b)  -> (artifact id: 'a6d2a745afb7c5f1f2e409798798bd4e') in 0.015368 seconds 
========================================================================
Received Import Request.
  Time since last request: 11.381121 seconds.
  path: Assets/Playing Cards/Resource/Textures/PlayingCards_LineUp_BackColor_Black_col.tif
  artifactKey: Guid(601b9d940422e2340a90fed3f5d06161) Importer(815301076,1909f56bfc062723c751e8b465ee728b)
Start importing Assets/Playing Cards/Resource/Textures/PlayingCards_LineUp_BackColor_Black_col.tif using Guid(601b9d940422e2340a90fed3f5d06161) Importer(815301076,1909f56bfc062723c751e8b465ee728b)  -> (artifact id: 'f84a596cbecc39d776be02e141a0267c') in 0.088026 seconds 
========================================================================
Received Import Request.
  Time since last request: 0.000027 seconds.
  path: Assets/Playing Cards/Resource/Textures/PlayingCards_LineUp_BackColor_Red_col.tif
  artifactKey: Guid(4148470737cf4a64f9bc39d699d35ab1) Importer(815301076,1909f56bfc062723c751e8b465ee728b)
Start importing Assets/Playing Cards/Resource/Textures/PlayingCards_LineUp_BackColor_Red_col.tif using Guid(4148470737cf4a64f9bc39d699d35ab1) Importer(815301076,1909f56bfc062723c751e8b465ee728b)  -> (artifact id: '28738d36d6c8a85b08de03d6b500aa66') in 0.059839 seconds 
========================================================================
Received Import Request.
  Time since last request: 1.201573 seconds.
  path: Assets/Playing Cards/Resource/Textures/PlayingCards_Spade03_00_col.tif
  artifactKey: Guid(1ebc45997fc84c6409851d3b02740341) Importer(815301076,1909f56bfc062723c751e8b465ee728b)
Start importing Assets/Playing Cards/Resource/Textures/PlayingCards_Spade03_00_col.tif using Guid(1ebc45997fc84c6409851d3b02740341) Importer(815301076,1909f56bfc062723c751e8b465ee728b)  -> (artifact id: '4dcf2dba636e6d7be02fae8a1bb9c06e') in 0.016819 seconds 
========================================================================
Received Import Request.
  Time since last request: 0.351558 seconds.
  path: Assets/Playing Cards/Resource/Textures/PlayingCards_Spade06_00_col.tif
  artifactKey: Guid(7176b5f3c402a1b44819c16653b503d0) Importer(815301076,1909f56bfc062723c751e8b465ee728b)
Start importing Assets/Playing Cards/Resource/Textures/PlayingCards_Spade06_00_col.tif using Guid(7176b5f3c402a1b44819c16653b503d0) Importer(815301076,1909f56bfc062723c751e8b465ee728b)  -> (artifact id: '46a6d0133704cd6cc6acdf983a92b3d5') in 0.013873 seconds 
========================================================================
Received Import Request.
  Time since last request: 0.024870 seconds.
  path: Assets/Playing Cards/Resource/Textures/PlayingCards_Spade10_00_col.tif
  artifactKey: Guid(e5a665f03667f98439e86f36bad4f7fc) Importer(815301076,1909f56bfc062723c751e8b465ee728b)
Start importing Assets/Playing Cards/Resource/Textures/PlayingCards_Spade10_00_col.tif using Guid(e5a665f03667f98439e86f36bad4f7fc) Importer(815301076,1909f56bfc062723c751e8b465ee728b)  -> (artifact id: 'd3ddc3d0c0e5d9e08d5a5f762a8f5226') in 0.019692 seconds 
========================================================================
Received Import Request.
  Time since last request: 0.569057 seconds.
  path: Assets/Playing Cards/Resource/Textures/RiffleShuffle_First_Blue_00_col.tif
  artifactKey: Guid(5012875477522e648b9a141fecf93eda) Importer(815301076,1909f56bfc062723c751e8b465ee728b)
Start importing Assets/Playing Cards/Resource/Textures/RiffleShuffle_First_Blue_00_col.tif using Guid(5012875477522e648b9a141fecf93eda) Importer(815301076,1909f56bfc062723c751e8b465ee728b)  -> (artifact id: '87ca71df0de20a1683ae8c96279cbe82') in 0.032655 seconds 
========================================================================
Received Import Request.
  Time since last request: 0.817143 seconds.
  path: Packages/com.unity.textmeshpro/Editor Resources/Textures/SectionHeader_Dark.psd
  artifactKey: Guid(fb5730e24283d0c489e5c7d0bee023d9) Importer(815301076,1909f56bfc062723c751e8b465ee728b)
Start importing Packages/com.unity.textmeshpro/Editor Resources/Textures/SectionHeader_Dark.psd using Guid(fb5730e24283d0c489e5c7d0bee023d9) Importer(815301076,1909f56bfc062723c751e8b465ee728b)  -> (artifact id: '3a166fad45de24c66936a778b80dc742') in 0.017463 seconds 
========================================================================
Received Import Request.
  Time since last request: 0.059206 seconds.
  path: Assets/Playing Cards/Image/PlayingCards/Spade01.png
  artifactKey: Guid(f068beb6338e31243afd5b1a3ed6604f) Importer(815301076,1909f56bfc062723c751e8b465ee728b)
Start importing Assets/Playing Cards/Image/PlayingCards/Spade01.png using Guid(f068beb6338e31243afd5b1a3ed6604f) Importer(815301076,1909f56bfc062723c751e8b465ee728b)  -> (artifact id: 'f10935f6e7c249365071ac3e13a5a8f5') in 0.025435 seconds 
========================================================================
Received Import Request.
  Time since last request: 0.402836 seconds.
  path: Assets/Playing Cards/Image/PlayingCards/Spade06.png
  artifactKey: Guid(6a15298c71266594086136f6121ae454) Importer(815301076,1909f56bfc062723c751e8b465ee728b)
Start importing Assets/Playing Cards/Image/PlayingCards/Spade06.png using Guid(6a15298c71266594086136f6121ae454) Importer(815301076,1909f56bfc062723c751e8b465ee728b)  -> (artifact id: 'd0fd97cd294089d4c019918f5b6f4886') in 0.024329 seconds 
========================================================================
Received Import Request.
  Time since last request: 0.392177 seconds.
  path: Assets/Playing Cards/Image/PlayingCards/Spade12.png
  artifactKey: Guid(0bc0a39dce7af2d40b541dddf4ed86dc) Importer(815301076,1909f56bfc062723c751e8b465ee728b)
Start importing Assets/Playing Cards/Image/PlayingCards/Spade12.png using Guid(0bc0a39dce7af2d40b541dddf4ed86dc) Importer(815301076,1909f56bfc062723c751e8b465ee728b)  -> (artifact id: '5b21fde3c7b8be3a473aa01be94c90d1') in 0.022729 seconds 
========================================================================
Received Import Request.
  Time since last request: 0.280392 seconds.
  path: Packages/com.unity.collab-proxy/Editor/PlasticSCM/Assets/Images/step1@2x.png
  artifactKey: Guid(affeade9874cf2347abb155e8d0db4d8) Importer(815301076,1909f56bfc062723c751e8b465ee728b)
Start importing Packages/com.unity.collab-proxy/Editor/PlasticSCM/Assets/Images/step1@2x.png using Guid(affeade9874cf2347abb155e8d0db4d8) Importer(815301076,1909f56bfc062723c751e8b465ee728b)  -> (artifact id: 'b46473e9e43d48ff2e0254f7d0c4921c') in 0.011629 seconds 
========================================================================
Received Import Request.
  Time since last request: 0.027917 seconds.
  path: Packages/com.unity.collab-proxy/Editor/PlasticSCM/Assets/Images/step3.png
  artifactKey: Guid(69899ed144c8eea4baea48b858b37746) Importer(815301076,1909f56bfc062723c751e8b465ee728b)
Start importing Packages/com.unity.collab-proxy/Editor/PlasticSCM/Assets/Images/step3.png using Guid(69899ed144c8eea4baea48b858b37746) Importer(815301076,1909f56bfc062723c751e8b465ee728b)  -> (artifact id: '713c295df56b40f5abea97978fedd8bb') in 0.012058 seconds 
========================================================================
Received Import Request.
  Time since last request: 0.262764 seconds.
  path: Assets/Playing Cards/Resource/Textures/Table_Rectangle_nml.tif
  artifactKey: Guid(5ebc6c2a2affa0043b6996609b0f32a3) Importer(815301076,1909f56bfc062723c751e8b465ee728b)
Start importing Assets/Playing Cards/Resource/Textures/Table_Rectangle_nml.tif using Guid(5ebc6c2a2affa0043b6996609b0f32a3) Importer(815301076,1909f56bfc062723c751e8b465ee728b)  -> (artifact id: 'a0a3a308de800aa0a65efabac46a7b71') in 0.094573 seconds 
========================================================================
Received Import Request.
  Time since last request: 0.000022 seconds.
  path: Packages/com.unity.timeline/Editor/StyleSheets/Images/Shared/Timeline-Marker-Multi-Overlay.png
  artifactKey: Guid(75f26f1c549568c4e9950a368bd08cb8) Importer(815301076,1909f56bfc062723c751e8b465ee728b)
Start importing Packages/com.unity.timeline/Editor/StyleSheets/Images/Shared/Timeline-Marker-Multi-Overlay.png using Guid(75f26f1c549568c4e9950a368bd08cb8) Importer(815301076,1909f56bfc062723c751e8b465ee728b)  -> (artifact id: '99cfa1bdb4941b597a74ae1151b7c833') in 0.009342 seconds 
========================================================================
Received Import Request.
  Time since last request: 0.000029 seconds.
  path: Assets/TextMesh Pro/Examples & Extras/Textures/Text Overflow - Linked Text Image 1.png
  artifactKey: Guid(4ccf43d26c4748c792174516f4a8fcef) Importer(815301076,1909f56bfc062723c751e8b465ee728b)
Start importing Assets/TextMesh Pro/Examples & Extras/Textures/Text Overflow - Linked Text Image 1.png using Guid(4ccf43d26c4748c792174516f4a8fcef) Importer(815301076,1909f56bfc062723c751e8b465ee728b)  -> (artifact id: 'e011b4d7df1a7d51b3a39fdc3ddcab93') in 0.012777 seconds 
========================================================================
Received Import Request.
  Time since last request: 0.550471 seconds.
  path: Packages/com.unity.timeline/Editor/StyleSheets/Images/DarkSkin/TimelineAutokey@2x.png
  artifactKey: Guid(af24c542434a025448222d576f61a956) Importer(815301076,1909f56bfc062723c751e8b465ee728b)
Start importing Packages/com.unity.timeline/Editor/StyleSheets/Images/DarkSkin/TimelineAutokey@2x.png using Guid(af24c542434a025448222d576f61a956) Importer(815301076,1909f56bfc062723c751e8b465ee728b)  -> (artifact id: 'b3d53fe477f27116583ec4e6d481fa65') in 0.010262 seconds 
========================================================================
Received Import Request.
  Time since last request: 0.000023 seconds.
  path: Packages/com.unity.timeline/Editor/StyleSheets/Images/DarkSkin/TimelineAutokey_active@2x.png
  artifactKey: Guid(183f7b7549219ab47becb461a16df882) Importer(815301076,1909f56bfc062723c751e8b465ee728b)
Start importing Packages/com.unity.timeline/Editor/StyleSheets/Images/DarkSkin/TimelineAutokey_active@2x.png using Guid(183f7b7549219ab47becb461a16df882) Importer(815301076,1909f56bfc062723c751e8b465ee728b)  -> (artifact id: 'ee3628d3fc8e2b066c7cce68a6749a0d') in 0.007922 seconds 
========================================================================
Received Import Request.
  Time since last request: 0.303552 seconds.
  path: Packages/com.unity.timeline/Editor/StyleSheets/Images/Icons/TimelineCollapseMarkerButtonDisabled.png
  artifactKey: Guid(b80d5b6acdfbc114b9efab6295fd96c1) Importer(815301076,1909f56bfc062723c751e8b465ee728b)
Start importing Packages/com.unity.timeline/Editor/StyleSheets/Images/Icons/TimelineCollapseMarkerButtonDisabled.png using Guid(b80d5b6acdfbc114b9efab6295fd96c1) Importer(815301076,1909f56bfc062723c751e8b465ee728b)  -> (artifact id: 'edb7d924672f424b9bf5245965acedb4') in 0.009576 seconds 
========================================================================
Received Import Request.
  Time since last request: 0.033164 seconds.
  path: Packages/com.unity.timeline/Editor/StyleSheets/Images/LightSkin/TimelineContinue.png
  artifactKey: Guid(61c21f74972ba8246b3ea400a9231841) Importer(815301076,1909f56bfc062723c751e8b465ee728b)
Start importing Packages/com.unity.timeline/Editor/StyleSheets/Images/LightSkin/TimelineContinue.png using Guid(61c21f74972ba8246b3ea400a9231841) Importer(815301076,1909f56bfc062723c751e8b465ee728b)  -> (artifact id: '634c1e444a40dc6f7ebca910cb396ded') in 0.011822 seconds 
========================================================================
Received Import Request.
  Time since last request: 3.194526 seconds.
  path: Assets/TextMesh Pro/Examples & Extras/Textures/Wipe Pattern - Radial Double.psd
  artifactKey: Guid(7631f4eff8f74ed38eb3eb9db17134e1) Importer(815301076,1909f56bfc062723c751e8b465ee728b)
Start importing Assets/TextMesh Pro/Examples & Extras/Textures/Wipe Pattern - Radial Double.psd using Guid(7631f4eff8f74ed38eb3eb9db17134e1) Importer(815301076,1909f56bfc062723c751e8b465ee728b)  -> (artifact id: '11170396fa93cf1c2cfe0a48ab7d4b92') in 0.009674 seconds 
========================================================================
Received Prepare
Registering precompiled user dll's ...
Registered in 0.007833 seconds.
Begin MonoManager ReloadAssembly
Native extension for WindowsStandalone target not found
Native extension for WebGL target not found
Refreshing native plugins compatible for Editor in 0.89 ms, found 3 plugins.
Preloading 0 native plugins for Editor in 0.00 ms.
Mono: successfully reloaded assembly
- Completed reload, in  1.490 seconds
Domain Reload Profiling:
	ReloadAssembly (1491ms)
		BeginReloadAssembly (164ms)
			ExecutionOrderSort (0ms)
			DisableScriptedObjects (5ms)
			BackupInstance (0ms)
			ReleaseScriptingObjects (0ms)
			CreateAndSetChildDomain (43ms)
		EndReloadAssembly (1190ms)
			LoadAssemblies (114ms)
			RebuildTransferFunctionScriptingTraits (0ms)
			SetupTypeCache (390ms)
			ReleaseScriptCaches (1ms)
			RebuildScriptCaches (61ms)
			SetupLoadedEditorAssemblies (550ms)
				LogAssemblyErrors (0ms)
				InitializePlatformSupportModulesInManaged (22ms)
				SetLoadedEditorAssemblies (1ms)
				RefreshPlugins (1ms)
				BeforeProcessingInitializeOnLoad (100ms)
				ProcessInitializeOnLoadAttributes (382ms)
				ProcessInitializeOnLoadMethodAttributes (31ms)
				AfterProcessingInitializeOnLoad (15ms)
				EditorAssembliesLoaded (0ms)
			ExecutionOrderSort2 (0ms)
			AwakeInstancesAfterBackupRestoration (10ms)
Platform modules already initialized, skipping
Refreshing native plugins compatible for Editor in 2.78 ms, found 3 plugins.
Preloading 0 native plugins for Editor in 0.00 ms.
Unloading 3077 Unused Serialized files (Serialized files now loaded: 0)
Unloading 15 unused Assets / (24.7 KB). Loaded Objects now: 3585.
Memory consumption went from 115.8 MB to 115.8 MB.
Total: 2.718100 ms (FindLiveObjects: 0.280300 ms CreateObjectMapping: 0.208900 ms MarkObjects: 2.204000 ms  DeleteObjects: 0.023700 ms)

AssetImportParameters requested are different than current active one (requested -> active):
  custom:video-decoder-ogg-theora: a1e56fd34408186e4bbccfd4996cb3dc -> 
  custom:container-muxer-webm: aa71ff27fc2769a1b78a27578f13a17b -> 
  custom:container-demuxer-webm: 4f35f7cbe854078d1ac9338744f61a02 -> 
  custom:video-encoder-webm-vp8: eb34c28f22e8b96e1ab97ce403110664 -> 
  custom:audio-encoder-webm-vorbis: bf7c407c2cedff20999df2af8eb42d56 -> 
  custom:framework-win-MediaFoundation: 216162199b28c13a410421893ffa2e32 -> 
  custom:container-demuxer-ogg: 62fdf1f143b41e24485cea50d1cbac27 -> 
  custom:video-decoder-webm-vp8: 9c59270c3fd7afecdb556c50c9e8de78 -> 
  custom:audio-decoder-ogg-vorbis: bf7c407c2cedff20999df2af8eb42d56 -> 
========================================================================
Received Prepare
Registering precompiled user dll's ...
Registered in 0.005696 seconds.
Begin MonoManager ReloadAssembly
Native extension for WindowsStandalone target not found
Native extension for WebGL target not found
Refreshing native plugins compatible for Editor in 0.89 ms, found 3 plugins.
Preloading 0 native plugins for Editor in 0.00 ms.
Mono: successfully reloaded assembly
- Completed reload, in  1.374 seconds
Domain Reload Profiling:
	ReloadAssembly (1375ms)
		BeginReloadAssembly (142ms)
			ExecutionOrderSort (0ms)
			DisableScriptedObjects (7ms)
			BackupInstance (0ms)
			ReleaseScriptingObjects (0ms)
			CreateAndSetChildDomain (39ms)
		EndReloadAssembly (1099ms)
			LoadAssemblies (85ms)
			RebuildTransferFunctionScriptingTraits (0ms)
			SetupTypeCache (379ms)
			ReleaseScriptCaches (1ms)
			RebuildScriptCaches (61ms)
			SetupLoadedEditorAssemblies (493ms)
				LogAssemblyErrors (0ms)
				InitializePlatformSupportModulesInManaged (21ms)
				SetLoadedEditorAssemblies (1ms)
				RefreshPlugins (1ms)
				BeforeProcessingInitializeOnLoad (92ms)
				ProcessInitializeOnLoadAttributes (339ms)
				ProcessInitializeOnLoadMethodAttributes (27ms)
				AfterProcessingInitializeOnLoad (13ms)
				EditorAssembliesLoaded (0ms)
			ExecutionOrderSort2 (0ms)
			AwakeInstancesAfterBackupRestoration (8ms)
Platform modules already initialized, skipping
Refreshing native plugins compatible for Editor in 1.96 ms, found 3 plugins.
Preloading 0 native plugins for Editor in 0.00 ms.
Unloading 3077 Unused Serialized files (Serialized files now loaded: 0)
Unloading 15 unused Assets / (24.6 KB). Loaded Objects now: 3588.
Memory consumption went from 115.8 MB to 115.8 MB.
Total: 2.789100 ms (FindLiveObjects: 0.359300 ms CreateObjectMapping: 0.196800 ms MarkObjects: 2.210200 ms  DeleteObjects: 0.021600 ms)

AssetImportParameters requested are different than current active one (requested -> active):
  custom:video-decoder-ogg-theora: a1e56fd34408186e4bbccfd4996cb3dc -> 
  custom:container-muxer-webm: aa71ff27fc2769a1b78a27578f13a17b -> 
  custom:container-demuxer-webm: 4f35f7cbe854078d1ac9338744f61a02 -> 
  custom:video-encoder-webm-vp8: eb34c28f22e8b96e1ab97ce403110664 -> 
  custom:audio-encoder-webm-vorbis: bf7c407c2cedff20999df2af8eb42d56 -> 
  custom:framework-win-MediaFoundation: 216162199b28c13a410421893ffa2e32 -> 
  custom:container-demuxer-ogg: 62fdf1f143b41e24485cea50d1cbac27 -> 
  custom:video-decoder-webm-vp8: 9c59270c3fd7afecdb556c50c9e8de78 -> 
  custom:audio-decoder-ogg-vorbis: bf7c407c2cedff20999df2af8eb42d56 -> 
Editor requested this worker to shutdown with reason: Scaling down because of idle timeout
AssetImportWorker is now disconnected from the server
Process exiting
Exiting without the bug reporter. Application will terminate with return code 0