Using pre-set license
Built from '2022.3/staging' branch; Version is '2022.3.11f1 (d00248457e15) revision 13632072'; Using compiler version '192829333'; Build Type 'Release'
OS: 'Windows 10  (10.0.19045) 64bit Core' Language: 'pl' Physical Memory: 16343 MB
BatchMode: 1, IsHumanControllingUs: 0, StartBugReporterOnCrash: 0, Is64bit: 1, IsPro: 1

COMMAND LINE ARGUMENTS:
E:\Unity Editor\2022.3.11f1\Editor\Unity.exe
-adb2
-batchMode
-noUpm
-name
AssetImportWorker6
-projectPath
E:/Unity-Laboratoria/My project
-logFile
Logs/AssetImportWorker6.log
-srvPort
61763
Successfully changed project path to: E:/Unity-Laboratoria/My project
E:/Unity-Laboratoria/My project
[UnityMemory] Configuration Parameters - Can be set up in boot.config
    "memorysetup-bucket-allocator-granularity=16"
    "memorysetup-bucket-allocator-bucket-count=8"
    "memorysetup-bucket-allocator-block-size=33554432"
    "memorysetup-bucket-allocator-block-count=8"
    "memorysetup-main-allocator-block-size=16777216"
    "memorysetup-thread-allocator-block-size=16777216"
    "memorysetup-gfx-main-allocator-block-size=16777216"
    "memorysetup-gfx-thread-allocator-block-size=16777216"
    "memorysetup-cache-allocator-block-size=4194304"
    "memorysetup-typetree-allocator-block-size=2097152"
    "memorysetup-profiler-bucket-allocator-granularity=16"
    "memorysetup-profiler-bucket-allocator-bucket-count=8"
    "memorysetup-profiler-bucket-allocator-block-size=33554432"
    "memorysetup-profiler-bucket-allocator-block-count=8"
    "memorysetup-profiler-allocator-block-size=16777216"
    "memorysetup-profiler-editor-allocator-block-size=1048576"
    "memorysetup-temp-allocator-size-main=16777216"
    "memorysetup-job-temp-allocator-block-size=2097152"
    "memorysetup-job-temp-allocator-block-size-background=1048576"
    "memorysetup-job-temp-allocator-reduction-small-platforms=262144"
    "memorysetup-allocator-temp-initial-block-size-main=262144"
    "memorysetup-allocator-temp-initial-block-size-worker=262144"
    "memorysetup-temp-allocator-size-background-worker=32768"
    "memorysetup-temp-allocator-size-job-worker=262144"
    "memorysetup-temp-allocator-size-preload-manager=33554432"
    "memorysetup-temp-allocator-size-nav-mesh-worker=65536"
    "memorysetup-temp-allocator-size-audio-worker=65536"
    "memorysetup-temp-allocator-size-cloud-worker=32768"
    "memorysetup-temp-allocator-size-gi-baking-worker=262144"
    "memorysetup-temp-allocator-size-gfx=262144"
Player connection [17916] Host "[IP] 192.168.1.3 [Port] 0 [Flags] 2 [Guid] 1493287439 [EditorId] 1493287439 [Version] 1048832 [Id] WindowsEditor(7,MILOSZ) [Debug] 1 [PackageName] WindowsEditor [ProjectName] Editor" joined multi-casting on [225.0.0.222:54997]...

Player connection [17916] Host "[IP] 192.168.1.3 [Port] 0 [Flags] 2 [Guid] 1493287439 [EditorId] 1493287439 [Version] 1048832 [Id] WindowsEditor(7,MILOSZ) [Debug] 1 [PackageName] WindowsEditor [ProjectName] Editor" joined alternative multi-casting on [225.0.0.222:34997]...

[Physics::Module] Initialized MultithreadedJobDispatcher with 3 workers.
Refreshing native plugins compatible for Editor in 17.39 ms, found 3 plugins.
Preloading 0 native plugins for Editor in 0.00 ms.
Initialize engine version: 2022.3.11f1 (d00248457e15)
[Subsystems] Discovering subsystems at path E:/Unity Editor/2022.3.11f1/Editor/Data/Resources/UnitySubsystems
[Subsystems] Discovering subsystems at path E:/Unity-Laboratoria/My project/Assets
GfxDevice: creating device client; threaded=0; jobified=0
Direct3D:
    Version:  Direct3D 11.0 [level 11.1]
    Renderer: NVIDIA GeForce GTX 1060 6GB (ID=0x1c03)
    Vendor:   NVIDIA
    VRAM:     6043 MB
    Driver:   31.0.15.3623
Initialize mono
Mono path[0] = 'E:/Unity Editor/2022.3.11f1/Editor/Data/Managed'
Mono path[1] = 'E:/Unity Editor/2022.3.11f1/Editor/Data/MonoBleedingEdge/lib/mono/unityjit-win32'
Mono config path = 'E:/Unity Editor/2022.3.11f1/Editor/Data/MonoBleedingEdge/etc'
Using monoOptions --debugger-agent=transport=dt_socket,embedding=1,server=y,suspend=n,address=127.0.0.1:56488
Begin MonoManager ReloadAssembly
Registering precompiled unity dll's ...
Register platform support module: E:/Unity Editor/2022.3.11f1/Editor/Data/PlaybackEngines/WindowsStandaloneSupport/UnityEditor.WindowsStandalone.Extensions.dll
Registered in 0.005178 seconds.
- Loaded All Assemblies, in  0.381 seconds
Native extension for WindowsStandalone target not found
Mono: successfully reloaded assembly
- Finished resetting the current domain, in  0.312 seconds
Domain Reload Profiling: 693ms
	BeginReloadAssembly (122ms)
		ExecutionOrderSort (0ms)
		DisableScriptedObjects (0ms)
		BackupInstance (0ms)
		ReleaseScriptingObjects (0ms)
		CreateAndSetChildDomain (1ms)
	RebuildCommonClasses (38ms)
	RebuildNativeTypeToScriptingClass (12ms)
	initialDomainReloadingComplete (54ms)
	LoadAllAssembliesAndSetupDomain (154ms)
		LoadAssemblies (121ms)
		RebuildTransferFunctionScriptingTraits (0ms)
		AnalyzeDomain (152ms)
			TypeCache.Refresh (150ms)
				TypeCache.ScanAssembly (135ms)
			ScanForSourceGeneratedMonoScriptInfo (0ms)
			ResolveRequiredComponents (1ms)
	FinalizeReload (312ms)
		ReleaseScriptCaches (0ms)
		RebuildScriptCaches (0ms)
		SetupLoadedEditorAssemblies (236ms)
			LogAssemblyErrors (0ms)
			InitializePlatformSupportModulesInManaged (10ms)
			SetLoadedEditorAssemblies (10ms)
			RefreshPlugins (0ms)
			BeforeProcessingInitializeOnLoad (3ms)
			ProcessInitializeOnLoadAttributes (151ms)
			ProcessInitializeOnLoadMethodAttributes (63ms)
			AfterProcessingInitializeOnLoad (0ms)
			EditorAssembliesLoaded (0ms)
		ExecutionOrderSort2 (0ms)
		AwakeInstancesAfterBackupRestoration (0ms)
========================================================================
Worker process is ready to serve import requests
Begin MonoManager ReloadAssembly
- Loaded All Assemblies, in  0.683 seconds
Refreshing native plugins compatible for Editor in 2.54 ms, found 3 plugins.
Native extension for WindowsStandalone target not found
Package Manager log level set to [2]
[Package Manager] Server::EnsureServerProcessIsRunning -- launch failed, reason: Unity was launched with the -noUpm command-line argument
[Package Manager] UpmClient::Send -- Unable to send message (not connected to UPM process).
[Package Manager] Cannot connect to Unity Package Manager local server
Mono: successfully reloaded assembly
- Finished resetting the current domain, in  0.610 seconds
Domain Reload Profiling: 1293ms
	BeginReloadAssembly (179ms)
		ExecutionOrderSort (0ms)
		DisableScriptedObjects (7ms)
		BackupInstance (0ms)
		ReleaseScriptingObjects (0ms)
		CreateAndSetChildDomain (24ms)
	RebuildCommonClasses (39ms)
	RebuildNativeTypeToScriptingClass (13ms)
	initialDomainReloadingComplete (41ms)
	LoadAllAssembliesAndSetupDomain (412ms)
		LoadAssemblies (319ms)
		RebuildTransferFunctionScriptingTraits (0ms)
		AnalyzeDomain (198ms)
			TypeCache.Refresh (174ms)
				TypeCache.ScanAssembly (159ms)
			ScanForSourceGeneratedMonoScriptInfo (16ms)
			ResolveRequiredComponents (7ms)
	FinalizeReload (610ms)
		ReleaseScriptCaches (0ms)
		RebuildScriptCaches (0ms)
		SetupLoadedEditorAssemblies (442ms)
			LogAssemblyErrors (0ms)
			InitializePlatformSupportModulesInManaged (5ms)
			SetLoadedEditorAssemblies (5ms)
			RefreshPlugins (0ms)
			BeforeProcessingInitializeOnLoad (60ms)
			ProcessInitializeOnLoadAttributes (345ms)
			ProcessInitializeOnLoadMethodAttributes (24ms)
			AfterProcessingInitializeOnLoad (3ms)
			EditorAssembliesLoaded (0ms)
		ExecutionOrderSort2 (0ms)
		AwakeInstancesAfterBackupRestoration (14ms)
Launched and connected shader compiler UnityShaderCompiler.exe after 0.06 seconds
Refreshing native plugins compatible for Editor in 2.35 ms, found 3 plugins.
Preloading 0 native plugins for Editor in 0.00 ms.
Unloading 3133 Unused Serialized files (Serialized files now loaded: 0)
Unloading 32 unused Assets / (56.9 KB). Loaded Objects now: 3597.
Memory consumption went from 127.2 MB to 127.1 MB.
Total: 3.038000 ms (FindLiveObjects: 0.264900 ms CreateObjectMapping: 0.268500 ms MarkObjects: 2.377300 ms  DeleteObjects: 0.126000 ms)

AssetImportParameters requested are different than current active one (requested -> active):
  custom:container-demuxer-ogg: 62fdf1f143b41e24485cea50d1cbac27 -> 
  custom:video-decoder-ogg-theora: a1e56fd34408186e4bbccfd4996cb3dc -> 
  custom:framework-win-MediaFoundation: 216162199b28c13a410421893ffa2e32 -> 
  custom:CustomObjectIndexerAttribute: 756ad292c208cfabdd7b50bc23989ffe -> 
  custom:container-demuxer-webm: 4f35f7cbe854078d1ac9338744f61a02 -> 
  custom:container-muxer-webm: aa71ff27fc2769a1b78a27578f13a17b -> 
  custom:video-decoder-webm-vp8: 9c59270c3fd7afecdb556c50c9e8de78 -> 
  custom:SearchIndexIgnoredProperties: e643bd26f0fe6173181afceb89e7c659 -> 
  custom:AudioImporter_EditorPlatform: d09bf68614088b80899f8185d706f6e7 -> 
  custom:video-encoder-webm-vp8: eb34c28f22e8b96e1ab97ce403110664 -> 
  custom:audio-decoder-ogg-vorbis: bf7c407c2cedff20999df2af8eb42d56 -> 
  custom:audio-encoder-webm-vorbis: bf7c407c2cedff20999df2af8eb42d56 -> 
========================================================================
Received Prepare
Begin MonoManager ReloadAssembly
- Loaded All Assemblies, in  0.444 seconds
Refreshing native plugins compatible for Editor in 2.30 ms, found 3 plugins.
Native extension for WindowsStandalone target not found
[Package Manager] Server::EnsureServerProcessIsRunning -- launch failed, reason: Unity was launched with the -noUpm command-line argument
[Package Manager] UpmClient::Send -- Unable to send message (not connected to UPM process).
[Package Manager] Cannot connect to Unity Package Manager local server
Mono: successfully reloaded assembly
- Finished resetting the current domain, in  0.913 seconds
Domain Reload Profiling: 1356ms
	BeginReloadAssembly (166ms)
		ExecutionOrderSort (0ms)
		DisableScriptedObjects (6ms)
		BackupInstance (0ms)
		ReleaseScriptingObjects (0ms)
		CreateAndSetChildDomain (35ms)
	RebuildCommonClasses (37ms)
	RebuildNativeTypeToScriptingClass (13ms)
	initialDomainReloadingComplete (27ms)
	LoadAllAssembliesAndSetupDomain (199ms)
		LoadAssemblies (267ms)
		RebuildTransferFunctionScriptingTraits (0ms)
		AnalyzeDomain (22ms)
			TypeCache.Refresh (8ms)
				TypeCache.ScanAssembly (1ms)
			ScanForSourceGeneratedMonoScriptInfo (7ms)
			ResolveRequiredComponents (5ms)
	FinalizeReload (913ms)
		ReleaseScriptCaches (0ms)
		RebuildScriptCaches (0ms)
		SetupLoadedEditorAssemblies (399ms)
			LogAssemblyErrors (0ms)
			InitializePlatformSupportModulesInManaged (7ms)
			SetLoadedEditorAssemblies (7ms)
			RefreshPlugins (0ms)
			BeforeProcessingInitializeOnLoad (63ms)
			ProcessInitializeOnLoadAttributes (294ms)
			ProcessInitializeOnLoadMethodAttributes (24ms)
			AfterProcessingInitializeOnLoad (4ms)
			EditorAssembliesLoaded (0ms)
		ExecutionOrderSort2 (0ms)
		AwakeInstancesAfterBackupRestoration (15ms)
Refreshing native plugins compatible for Editor in 2.57 ms, found 3 plugins.
Preloading 0 native plugins for Editor in 0.00 ms.
Unloading 3112 Unused Serialized files (Serialized files now loaded: 0)
Unloading 23 unused Assets / (31.1 KB). Loaded Objects now: 3600.
Memory consumption went from 124.6 MB to 124.6 MB.
Total: 2.892400 ms (FindLiveObjects: 0.286800 ms CreateObjectMapping: 0.333900 ms MarkObjects: 2.223700 ms  DeleteObjects: 0.046700 ms)

Prepare: number of updated asset objects reloaded= 0
AssetImportParameters requested are different than current active one (requested -> active):
  custom:container-demuxer-ogg: 62fdf1f143b41e24485cea50d1cbac27 -> 
  custom:video-decoder-ogg-theora: a1e56fd34408186e4bbccfd4996cb3dc -> 
  custom:framework-win-MediaFoundation: 216162199b28c13a410421893ffa2e32 -> 
  custom:CustomObjectIndexerAttribute: 756ad292c208cfabdd7b50bc23989ffe -> 
  custom:container-demuxer-webm: 4f35f7cbe854078d1ac9338744f61a02 -> 
  custom:container-muxer-webm: aa71ff27fc2769a1b78a27578f13a17b -> 
  custom:video-decoder-webm-vp8: 9c59270c3fd7afecdb556c50c9e8de78 -> 
  custom:SearchIndexIgnoredProperties: e643bd26f0fe6173181afceb89e7c659 -> 
  custom:AudioImporter_EditorPlatform: d09bf68614088b80899f8185d706f6e7 -> 
  custom:video-encoder-webm-vp8: eb34c28f22e8b96e1ab97ce403110664 -> 
  custom:audio-decoder-ogg-vorbis: bf7c407c2cedff20999df2af8eb42d56 -> 
  custom:audio-encoder-webm-vorbis: bf7c407c2cedff20999df2af8eb42d56 -> 
========================================================================
Received Prepare
Begin MonoManager ReloadAssembly
- Loaded All Assemblies, in  0.438 seconds
Refreshing native plugins compatible for Editor in 2.32 ms, found 3 plugins.
Native extension for WindowsStandalone target not found
[Package Manager] Server::EnsureServerProcessIsRunning -- launch failed, reason: Unity was launched with the -noUpm command-line argument
[Package Manager] UpmClient::Send -- Unable to send message (not connected to UPM process).
[Package Manager] Cannot connect to Unity Package Manager local server
Mono: successfully reloaded assembly
- Finished resetting the current domain, in  1.298 seconds
Domain Reload Profiling: 1736ms
	BeginReloadAssembly (165ms)
		ExecutionOrderSort (0ms)
		DisableScriptedObjects (6ms)
		BackupInstance (0ms)
		ReleaseScriptingObjects (0ms)
		CreateAndSetChildDomain (35ms)
	RebuildCommonClasses (37ms)
	RebuildNativeTypeToScriptingClass (13ms)
	initialDomainReloadingComplete (26ms)
	LoadAllAssembliesAndSetupDomain (196ms)
		LoadAssemblies (275ms)
		RebuildTransferFunctionScriptingTraits (0ms)
		AnalyzeDomain (13ms)
			TypeCache.Refresh (5ms)
				TypeCache.ScanAssembly (0ms)
			ScanForSourceGeneratedMonoScriptInfo (0ms)
			ResolveRequiredComponents (6ms)
	FinalizeReload (1299ms)
		ReleaseScriptCaches (0ms)
		RebuildScriptCaches (0ms)
		SetupLoadedEditorAssemblies (681ms)
			LogAssemblyErrors (0ms)
			InitializePlatformSupportModulesInManaged (8ms)
			SetLoadedEditorAssemblies (6ms)
			RefreshPlugins (0ms)
			BeforeProcessingInitializeOnLoad (110ms)
			ProcessInitializeOnLoadAttributes (509ms)
			ProcessInitializeOnLoadMethodAttributes (42ms)
			AfterProcessingInitializeOnLoad (6ms)
			EditorAssembliesLoaded (0ms)
		ExecutionOrderSort2 (0ms)
		AwakeInstancesAfterBackupRestoration (26ms)
Refreshing native plugins compatible for Editor in 5.49 ms, found 3 plugins.
Preloading 0 native plugins for Editor in 0.00 ms.
Unloading 3112 Unused Serialized files (Serialized files now loaded: 0)
Unloading 23 unused Assets / (31.2 KB). Loaded Objects now: 3603.
Memory consumption went from 126.6 MB to 126.5 MB.
Total: 3.867200 ms (FindLiveObjects: 0.313900 ms CreateObjectMapping: 0.333500 ms MarkObjects: 3.162200 ms  DeleteObjects: 0.056300 ms)

Prepare: number of updated asset objects reloaded= 0
AssetImportParameters requested are different than current active one (requested -> active):
  custom:container-demuxer-ogg: 62fdf1f143b41e24485cea50d1cbac27 -> 
  custom:video-decoder-ogg-theora: a1e56fd34408186e4bbccfd4996cb3dc -> 
  custom:framework-win-MediaFoundation: 216162199b28c13a410421893ffa2e32 -> 
  custom:CustomObjectIndexerAttribute: 756ad292c208cfabdd7b50bc23989ffe -> 
  custom:container-demuxer-webm: 4f35f7cbe854078d1ac9338744f61a02 -> 
  custom:container-muxer-webm: aa71ff27fc2769a1b78a27578f13a17b -> 
  custom:video-decoder-webm-vp8: 9c59270c3fd7afecdb556c50c9e8de78 -> 
  custom:SearchIndexIgnoredProperties: e643bd26f0fe6173181afceb89e7c659 -> 
  custom:AudioImporter_EditorPlatform: d09bf68614088b80899f8185d706f6e7 -> 
  custom:video-encoder-webm-vp8: eb34c28f22e8b96e1ab97ce403110664 -> 
  custom:audio-decoder-ogg-vorbis: bf7c407c2cedff20999df2af8eb42d56 -> 
  custom:audio-encoder-webm-vorbis: bf7c407c2cedff20999df2af8eb42d56 -> 
========================================================================
Received Prepare
Begin MonoManager ReloadAssembly
- Loaded All Assemblies, in  0.453 seconds
Refreshing native plugins compatible for Editor in 2.40 ms, found 3 plugins.
Native extension for WindowsStandalone target not found
[Package Manager] Server::EnsureServerProcessIsRunning -- launch failed, reason: Unity was launched with the -noUpm command-line argument
[Package Manager] UpmClient::Send -- Unable to send message (not connected to UPM process).
[Package Manager] Cannot connect to Unity Package Manager local server
Mono: successfully reloaded assembly
- Finished resetting the current domain, in  1.286 seconds
Domain Reload Profiling: 1739ms
	BeginReloadAssembly (164ms)
		ExecutionOrderSort (0ms)
		DisableScriptedObjects (6ms)
		BackupInstance (0ms)
		ReleaseScriptingObjects (0ms)
		CreateAndSetChildDomain (34ms)
	RebuildCommonClasses (38ms)
	RebuildNativeTypeToScriptingClass (13ms)
	initialDomainReloadingComplete (26ms)
	LoadAllAssembliesAndSetupDomain (212ms)
		LoadAssemblies (279ms)
		RebuildTransferFunctionScriptingTraits (0ms)
		AnalyzeDomain (25ms)
			TypeCache.Refresh (10ms)
				TypeCache.ScanAssembly (1ms)
			ScanForSourceGeneratedMonoScriptInfo (8ms)
			ResolveRequiredComponents (6ms)
	FinalizeReload (1287ms)
		ReleaseScriptCaches (0ms)
		RebuildScriptCaches (0ms)
		SetupLoadedEditorAssemblies (621ms)
			LogAssemblyErrors (0ms)
			InitializePlatformSupportModulesInManaged (8ms)
			SetLoadedEditorAssemblies (7ms)
			RefreshPlugins (0ms)
			BeforeProcessingInitializeOnLoad (96ms)
			ProcessInitializeOnLoadAttributes (481ms)
			ProcessInitializeOnLoadMethodAttributes (25ms)
			AfterProcessingInitializeOnLoad (3ms)
			EditorAssembliesLoaded (0ms)
		ExecutionOrderSort2 (0ms)
		AwakeInstancesAfterBackupRestoration (14ms)
Refreshing native plugins compatible for Editor in 2.66 ms, found 3 plugins.
Preloading 0 native plugins for Editor in 0.00 ms.
Unloading 3112 Unused Serialized files (Serialized files now loaded: 0)
Unloading 23 unused Assets / (31.0 KB). Loaded Objects now: 3606.
Memory consumption went from 128.5 MB to 128.5 MB.
Total: 2.744700 ms (FindLiveObjects: 0.263600 ms CreateObjectMapping: 0.247200 ms MarkObjects: 2.184400 ms  DeleteObjects: 0.048500 ms)

Prepare: number of updated asset objects reloaded= 0
AssetImportParameters requested are different than current active one (requested -> active):
  custom:container-demuxer-ogg: 62fdf1f143b41e24485cea50d1cbac27 -> 
  custom:video-decoder-ogg-theora: a1e56fd34408186e4bbccfd4996cb3dc -> 
  custom:framework-win-MediaFoundation: 216162199b28c13a410421893ffa2e32 -> 
  custom:CustomObjectIndexerAttribute: 756ad292c208cfabdd7b50bc23989ffe -> 
  custom:container-demuxer-webm: 4f35f7cbe854078d1ac9338744f61a02 -> 
  custom:container-muxer-webm: aa71ff27fc2769a1b78a27578f13a17b -> 
  custom:video-decoder-webm-vp8: 9c59270c3fd7afecdb556c50c9e8de78 -> 
  custom:SearchIndexIgnoredProperties: e643bd26f0fe6173181afceb89e7c659 -> 
  custom:AudioImporter_EditorPlatform: d09bf68614088b80899f8185d706f6e7 -> 
  custom:video-encoder-webm-vp8: eb34c28f22e8b96e1ab97ce403110664 -> 
  custom:audio-decoder-ogg-vorbis: bf7c407c2cedff20999df2af8eb42d56 -> 
  custom:audio-encoder-webm-vorbis: bf7c407c2cedff20999df2af8eb42d56 -> 
========================================================================
Received Prepare
Begin MonoManager ReloadAssembly
- Loaded All Assemblies, in  0.458 seconds
Refreshing native plugins compatible for Editor in 2.66 ms, found 3 plugins.
Native extension for WindowsStandalone target not found
[Package Manager] Server::EnsureServerProcessIsRunning -- launch failed, reason: Unity was launched with the -noUpm command-line argument
[Package Manager] UpmClient::Send -- Unable to send message (not connected to UPM process).
[Package Manager] Cannot connect to Unity Package Manager local server
Mono: successfully reloaded assembly
- Finished resetting the current domain, in  1.451 seconds
Domain Reload Profiling: 1908ms
	BeginReloadAssembly (166ms)
		ExecutionOrderSort (0ms)
		DisableScriptedObjects (6ms)
		BackupInstance (0ms)
		ReleaseScriptingObjects (0ms)
		CreateAndSetChildDomain (35ms)
	RebuildCommonClasses (38ms)
	RebuildNativeTypeToScriptingClass (14ms)
	initialDomainReloadingComplete (29ms)
	LoadAllAssembliesAndSetupDomain (211ms)
		LoadAssemblies (291ms)
		RebuildTransferFunctionScriptingTraits (0ms)
		AnalyzeDomain (14ms)
			TypeCache.Refresh (6ms)
				TypeCache.ScanAssembly (0ms)
			ScanForSourceGeneratedMonoScriptInfo (0ms)
			ResolveRequiredComponents (6ms)
	FinalizeReload (1452ms)
		ReleaseScriptCaches (0ms)
		RebuildScriptCaches (0ms)
		SetupLoadedEditorAssemblies (738ms)
			LogAssemblyErrors (0ms)
			InitializePlatformSupportModulesInManaged (8ms)
			SetLoadedEditorAssemblies (11ms)
			RefreshPlugins (0ms)
			BeforeProcessingInitializeOnLoad (90ms)
			ProcessInitializeOnLoadAttributes (565ms)
			ProcessInitializeOnLoadMethodAttributes (59ms)
			AfterProcessingInitializeOnLoad (6ms)
			EditorAssembliesLoaded (0ms)
		ExecutionOrderSort2 (0ms)
		AwakeInstancesAfterBackupRestoration (26ms)
Refreshing native plugins compatible for Editor in 4.13 ms, found 3 plugins.
Preloading 0 native plugins for Editor in 0.00 ms.
Unloading 3112 Unused Serialized files (Serialized files now loaded: 0)
Unloading 23 unused Assets / (31.1 KB). Loaded Objects now: 3609.
Memory consumption went from 130.4 MB to 130.4 MB.
Total: 6.621800 ms (FindLiveObjects: 0.558500 ms CreateObjectMapping: 0.535500 ms MarkObjects: 5.464300 ms  DeleteObjects: 0.062500 ms)

Prepare: number of updated asset objects reloaded= 0
AssetImportParameters requested are different than current active one (requested -> active):
  custom:container-demuxer-ogg: 62fdf1f143b41e24485cea50d1cbac27 -> 
  custom:video-decoder-ogg-theora: a1e56fd34408186e4bbccfd4996cb3dc -> 
  custom:framework-win-MediaFoundation: 216162199b28c13a410421893ffa2e32 -> 
  custom:CustomObjectIndexerAttribute: 756ad292c208cfabdd7b50bc23989ffe -> 
  custom:container-demuxer-webm: 4f35f7cbe854078d1ac9338744f61a02 -> 
  custom:container-muxer-webm: aa71ff27fc2769a1b78a27578f13a17b -> 
  custom:video-decoder-webm-vp8: 9c59270c3fd7afecdb556c50c9e8de78 -> 
  custom:SearchIndexIgnoredProperties: e643bd26f0fe6173181afceb89e7c659 -> 
  custom:AudioImporter_EditorPlatform: d09bf68614088b80899f8185d706f6e7 -> 
  custom:video-encoder-webm-vp8: eb34c28f22e8b96e1ab97ce403110664 -> 
  custom:audio-decoder-ogg-vorbis: bf7c407c2cedff20999df2af8eb42d56 -> 
  custom:audio-encoder-webm-vorbis: bf7c407c2cedff20999df2af8eb42d56 -> 
========================================================================
Received Import Request.
  Time since last request: 169216.073664 seconds.
  path: Assets/Playing Cards/Resource/Materials
  artifactKey: Guid(c3e54175654f85b49ab61e1c2575604f) Importer(815301076,1909f56bfc062723c751e8b465ee728b)
Start importing Assets/Playing Cards/Resource/Materials using Guid(c3e54175654f85b49ab61e1c2575604f) Importer(815301076,1909f56bfc062723c751e8b465ee728b)  -> (artifact id: '9d51015c27387b829539f16527f9c7ca') in 0.004296 seconds
Number of updated asset objects reloaded before import = 0
Number of asset objects unloaded after import = 0
========================================================================
Received Prepare
Begin MonoManager ReloadAssembly
- Loaded All Assemblies, in  0.445 seconds
Refreshing native plugins compatible for Editor in 2.28 ms, found 3 plugins.
Native extension for WindowsStandalone target not found
[Package Manager] Server::EnsureServerProcessIsRunning -- launch failed, reason: Unity was launched with the -noUpm command-line argument
[Package Manager] UpmClient::Send -- Unable to send message (not connected to UPM process).
[Package Manager] Cannot connect to Unity Package Manager local server
Mono: successfully reloaded assembly
- Finished resetting the current domain, in  0.883 seconds
Domain Reload Profiling: 1328ms
	BeginReloadAssembly (166ms)
		ExecutionOrderSort (0ms)
		DisableScriptedObjects (7ms)
		BackupInstance (0ms)
		ReleaseScriptingObjects (0ms)
		CreateAndSetChildDomain (36ms)
	RebuildCommonClasses (36ms)
	RebuildNativeTypeToScriptingClass (13ms)
	initialDomainReloadingComplete (28ms)
	LoadAllAssembliesAndSetupDomain (202ms)
		LoadAssemblies (270ms)
		RebuildTransferFunctionScriptingTraits (0ms)
		AnalyzeDomain (24ms)
			TypeCache.Refresh (8ms)
				TypeCache.ScanAssembly (1ms)
			ScanForSourceGeneratedMonoScriptInfo (9ms)
			ResolveRequiredComponents (5ms)
	FinalizeReload (883ms)
		ReleaseScriptCaches (0ms)
		RebuildScriptCaches (0ms)
		SetupLoadedEditorAssemblies (427ms)
			LogAssemblyErrors (0ms)
			InitializePlatformSupportModulesInManaged (7ms)
			SetLoadedEditorAssemblies (5ms)
			RefreshPlugins (0ms)
			BeforeProcessingInitializeOnLoad (67ms)
			ProcessInitializeOnLoadAttributes (316ms)
			ProcessInitializeOnLoadMethodAttributes (27ms)
			AfterProcessingInitializeOnLoad (3ms)
			EditorAssembliesLoaded (0ms)
		ExecutionOrderSort2 (0ms)
		AwakeInstancesAfterBackupRestoration (14ms)
Refreshing native plugins compatible for Editor in 3.21 ms, found 3 plugins.
Preloading 0 native plugins for Editor in 0.00 ms.
Unloading 3111 Unused Serialized files (Serialized files now loaded: 0)
Unloading 23 unused Assets / (31.1 KB). Loaded Objects now: 3612.
Memory consumption went from 132.1 MB to 132.1 MB.
Total: 4.120800 ms (FindLiveObjects: 0.355300 ms CreateObjectMapping: 1.287300 ms MarkObjects: 2.425700 ms  DeleteObjects: 0.051300 ms)

Prepare: number of updated asset objects reloaded= 0
AssetImportParameters requested are different than current active one (requested -> active):
  custom:container-demuxer-ogg: 62fdf1f143b41e24485cea50d1cbac27 -> 
  custom:video-decoder-ogg-theora: a1e56fd34408186e4bbccfd4996cb3dc -> 
  custom:framework-win-MediaFoundation: 216162199b28c13a410421893ffa2e32 -> 
  custom:CustomObjectIndexerAttribute: 756ad292c208cfabdd7b50bc23989ffe -> 
  custom:container-demuxer-webm: 4f35f7cbe854078d1ac9338744f61a02 -> 
  custom:container-muxer-webm: aa71ff27fc2769a1b78a27578f13a17b -> 
  custom:video-decoder-webm-vp8: 9c59270c3fd7afecdb556c50c9e8de78 -> 
  custom:SearchIndexIgnoredProperties: e643bd26f0fe6173181afceb89e7c659 -> 
  custom:AudioImporter_EditorPlatform: d09bf68614088b80899f8185d706f6e7 -> 
  custom:video-encoder-webm-vp8: eb34c28f22e8b96e1ab97ce403110664 -> 
  custom:audio-decoder-ogg-vorbis: bf7c407c2cedff20999df2af8eb42d56 -> 
  custom:audio-encoder-webm-vorbis: bf7c407c2cedff20999df2af8eb42d56 -> 
========================================================================
Received Prepare
Begin MonoManager ReloadAssembly
- Loaded All Assemblies, in  0.443 seconds
Refreshing native plugins compatible for Editor in 2.46 ms, found 3 plugins.
Native extension for WindowsStandalone target not found
[Package Manager] Server::EnsureServerProcessIsRunning -- launch failed, reason: Unity was launched with the -noUpm command-line argument
[Package Manager] UpmClient::Send -- Unable to send message (not connected to UPM process).
[Package Manager] Cannot connect to Unity Package Manager local server
Mono: successfully reloaded assembly
- Finished resetting the current domain, in  1.911 seconds
Domain Reload Profiling: 2354ms
	BeginReloadAssembly (167ms)
		ExecutionOrderSort (0ms)
		DisableScriptedObjects (6ms)
		BackupInstance (0ms)
		ReleaseScriptingObjects (0ms)
		CreateAndSetChildDomain (34ms)
	RebuildCommonClasses (38ms)
	RebuildNativeTypeToScriptingClass (13ms)
	initialDomainReloadingComplete (27ms)
	LoadAllAssembliesAndSetupDomain (197ms)
		LoadAssemblies (279ms)
		RebuildTransferFunctionScriptingTraits (0ms)
		AnalyzeDomain (13ms)
			TypeCache.Refresh (5ms)
				TypeCache.ScanAssembly (0ms)
			ScanForSourceGeneratedMonoScriptInfo (0ms)
			ResolveRequiredComponents (6ms)
	FinalizeReload (1912ms)
		ReleaseScriptCaches (0ms)
		RebuildScriptCaches (0ms)
		SetupLoadedEditorAssemblies (1197ms)
			LogAssemblyErrors (0ms)
			InitializePlatformSupportModulesInManaged (16ms)
			SetLoadedEditorAssemblies (8ms)
			RefreshPlugins (0ms)
			BeforeProcessingInitializeOnLoad (225ms)
			ProcessInitializeOnLoadAttributes (894ms)
			ProcessInitializeOnLoadMethodAttributes (47ms)
			AfterProcessingInitializeOnLoad (5ms)
			EditorAssembliesLoaded (0ms)
		ExecutionOrderSort2 (0ms)
		AwakeInstancesAfterBackupRestoration (23ms)
Refreshing native plugins compatible for Editor in 3.81 ms, found 3 plugins.
Preloading 0 native plugins for Editor in 0.00 ms.
Unloading 3112 Unused Serialized files (Serialized files now loaded: 0)
Unloading 23 unused Assets / (31.0 KB). Loaded Objects now: 3615.
Memory consumption went from 134.3 MB to 134.3 MB.
Total: 3.971700 ms (FindLiveObjects: 0.269700 ms CreateObjectMapping: 0.917000 ms MarkObjects: 2.727400 ms  DeleteObjects: 0.056300 ms)

Prepare: number of updated asset objects reloaded= 0
AssetImportParameters requested are different than current active one (requested -> active):
  custom:container-demuxer-ogg: 62fdf1f143b41e24485cea50d1cbac27 -> 
  custom:video-decoder-ogg-theora: a1e56fd34408186e4bbccfd4996cb3dc -> 
  custom:framework-win-MediaFoundation: 216162199b28c13a410421893ffa2e32 -> 
  custom:CustomObjectIndexerAttribute: 756ad292c208cfabdd7b50bc23989ffe -> 
  custom:container-demuxer-webm: 4f35f7cbe854078d1ac9338744f61a02 -> 
  custom:container-muxer-webm: aa71ff27fc2769a1b78a27578f13a17b -> 
  custom:video-decoder-webm-vp8: 9c59270c3fd7afecdb556c50c9e8de78 -> 
  custom:SearchIndexIgnoredProperties: e643bd26f0fe6173181afceb89e7c659 -> 
  custom:AudioImporter_EditorPlatform: d09bf68614088b80899f8185d706f6e7 -> 
  custom:video-encoder-webm-vp8: eb34c28f22e8b96e1ab97ce403110664 -> 
  custom:audio-decoder-ogg-vorbis: bf7c407c2cedff20999df2af8eb42d56 -> 
  custom:audio-encoder-webm-vorbis: bf7c407c2cedff20999df2af8eb42d56 -> 
========================================================================
Received Prepare
Begin MonoManager ReloadAssembly
- Loaded All Assemblies, in  0.445 seconds
Refreshing native plugins compatible for Editor in 2.33 ms, found 3 plugins.
Native extension for WindowsStandalone target not found
[Package Manager] Server::EnsureServerProcessIsRunning -- launch failed, reason: Unity was launched with the -noUpm command-line argument
[Package Manager] UpmClient::Send -- Unable to send message (not connected to UPM process).
[Package Manager] Cannot connect to Unity Package Manager local server
Mono: successfully reloaded assembly
- Finished resetting the current domain, in  0.979 seconds
Domain Reload Profiling: 1424ms
	BeginReloadAssembly (165ms)
		ExecutionOrderSort (0ms)
		DisableScriptedObjects (6ms)
		BackupInstance (0ms)
		ReleaseScriptingObjects (0ms)
		CreateAndSetChildDomain (34ms)
	RebuildCommonClasses (39ms)
	RebuildNativeTypeToScriptingClass (13ms)
	initialDomainReloadingComplete (27ms)
	LoadAllAssembliesAndSetupDomain (199ms)
		LoadAssemblies (271ms)
		RebuildTransferFunctionScriptingTraits (0ms)
		AnalyzeDomain (23ms)
			TypeCache.Refresh (9ms)
				TypeCache.ScanAssembly (1ms)
			ScanForSourceGeneratedMonoScriptInfo (7ms)
			ResolveRequiredComponents (5ms)
	FinalizeReload (980ms)
		ReleaseScriptCaches (0ms)
		RebuildScriptCaches (0ms)
		SetupLoadedEditorAssemblies (405ms)
			LogAssemblyErrors (0ms)
			InitializePlatformSupportModulesInManaged (5ms)
			SetLoadedEditorAssemblies (5ms)
			RefreshPlugins (0ms)
			BeforeProcessingInitializeOnLoad (66ms)
			ProcessInitializeOnLoadAttributes (301ms)
			ProcessInitializeOnLoadMethodAttributes (25ms)
			AfterProcessingInitializeOnLoad (3ms)
			EditorAssembliesLoaded (0ms)
		ExecutionOrderSort2 (0ms)
		AwakeInstancesAfterBackupRestoration (14ms)
Refreshing native plugins compatible for Editor in 2.27 ms, found 3 plugins.
Preloading 0 native plugins for Editor in 0.00 ms.
Unloading 3112 Unused Serialized files (Serialized files now loaded: 0)
Unloading 23 unused Assets / (31.1 KB). Loaded Objects now: 3618.
Memory consumption went from 136.2 MB to 136.2 MB.
Total: 2.784600 ms (FindLiveObjects: 0.279700 ms CreateObjectMapping: 0.249400 ms MarkObjects: 2.200800 ms  DeleteObjects: 0.053500 ms)

Prepare: number of updated asset objects reloaded= 0
AssetImportParameters requested are different than current active one (requested -> active):
  custom:container-demuxer-ogg: 62fdf1f143b41e24485cea50d1cbac27 -> 
  custom:video-decoder-ogg-theora: a1e56fd34408186e4bbccfd4996cb3dc -> 
  custom:framework-win-MediaFoundation: 216162199b28c13a410421893ffa2e32 -> 
  custom:CustomObjectIndexerAttribute: 756ad292c208cfabdd7b50bc23989ffe -> 
  custom:container-demuxer-webm: 4f35f7cbe854078d1ac9338744f61a02 -> 
  custom:container-muxer-webm: aa71ff27fc2769a1b78a27578f13a17b -> 
  custom:video-decoder-webm-vp8: 9c59270c3fd7afecdb556c50c9e8de78 -> 
  custom:SearchIndexIgnoredProperties: e643bd26f0fe6173181afceb89e7c659 -> 
  custom:AudioImporter_EditorPlatform: d09bf68614088b80899f8185d706f6e7 -> 
  custom:video-encoder-webm-vp8: eb34c28f22e8b96e1ab97ce403110664 -> 
  custom:audio-decoder-ogg-vorbis: bf7c407c2cedff20999df2af8eb42d56 -> 
  custom:audio-encoder-webm-vorbis: bf7c407c2cedff20999df2af8eb42d56 -> 
========================================================================
Received Prepare
Begin MonoManager ReloadAssembly
- Loaded All Assemblies, in  0.436 seconds
Refreshing native plugins compatible for Editor in 2.36 ms, found 3 plugins.
Native extension for WindowsStandalone target not found
[Package Manager] Server::EnsureServerProcessIsRunning -- launch failed, reason: Unity was launched with the -noUpm command-line argument
[Package Manager] UpmClient::Send -- Unable to send message (not connected to UPM process).
[Package Manager] Cannot connect to Unity Package Manager local server
Mono: successfully reloaded assembly
- Finished resetting the current domain, in  1.302 seconds
Domain Reload Profiling: 1738ms
	BeginReloadAssembly (164ms)
		ExecutionOrderSort (0ms)
		DisableScriptedObjects (6ms)
		BackupInstance (0ms)
		ReleaseScriptingObjects (0ms)
		CreateAndSetChildDomain (36ms)
	RebuildCommonClasses (36ms)
	RebuildNativeTypeToScriptingClass (13ms)
	initialDomainReloadingComplete (26ms)
	LoadAllAssembliesAndSetupDomain (196ms)
		LoadAssemblies (274ms)
		RebuildTransferFunctionScriptingTraits (0ms)
		AnalyzeDomain (13ms)
			TypeCache.Refresh (5ms)
				TypeCache.ScanAssembly (0ms)
			ScanForSourceGeneratedMonoScriptInfo (0ms)
			ResolveRequiredComponents (6ms)
	FinalizeReload (1303ms)
		ReleaseScriptCaches (0ms)
		RebuildScriptCaches (0ms)
		SetupLoadedEditorAssemblies (693ms)
			LogAssemblyErrors (0ms)
			InitializePlatformSupportModulesInManaged (14ms)
			SetLoadedEditorAssemblies (8ms)
			RefreshPlugins (0ms)
			BeforeProcessingInitializeOnLoad (101ms)
			ProcessInitializeOnLoadAttributes (516ms)
			ProcessInitializeOnLoadMethodAttributes (47ms)
			AfterProcessingInitializeOnLoad (6ms)
			EditorAssembliesLoaded (0ms)
		ExecutionOrderSort2 (0ms)
		AwakeInstancesAfterBackupRestoration (22ms)
Refreshing native plugins compatible for Editor in 3.22 ms, found 3 plugins.
Preloading 0 native plugins for Editor in 0.00 ms.
Unloading 3112 Unused Serialized files (Serialized files now loaded: 0)
Unloading 23 unused Assets / (31.1 KB). Loaded Objects now: 3621.
Memory consumption went from 138.2 MB to 138.1 MB.
Total: 3.652400 ms (FindLiveObjects: 0.258000 ms CreateObjectMapping: 0.257500 ms MarkObjects: 3.071200 ms  DeleteObjects: 0.064400 ms)

Prepare: number of updated asset objects reloaded= 0
AssetImportParameters requested are different than current active one (requested -> active):
  custom:container-demuxer-ogg: 62fdf1f143b41e24485cea50d1cbac27 -> 
  custom:video-decoder-ogg-theora: a1e56fd34408186e4bbccfd4996cb3dc -> 
  custom:framework-win-MediaFoundation: 216162199b28c13a410421893ffa2e32 -> 
  custom:CustomObjectIndexerAttribute: 756ad292c208cfabdd7b50bc23989ffe -> 
  custom:container-demuxer-webm: 4f35f7cbe854078d1ac9338744f61a02 -> 
  custom:container-muxer-webm: aa71ff27fc2769a1b78a27578f13a17b -> 
  custom:video-decoder-webm-vp8: 9c59270c3fd7afecdb556c50c9e8de78 -> 
  custom:SearchIndexIgnoredProperties: e643bd26f0fe6173181afceb89e7c659 -> 
  custom:AudioImporter_EditorPlatform: d09bf68614088b80899f8185d706f6e7 -> 
  custom:video-encoder-webm-vp8: eb34c28f22e8b96e1ab97ce403110664 -> 
  custom:audio-decoder-ogg-vorbis: bf7c407c2cedff20999df2af8eb42d56 -> 
  custom:audio-encoder-webm-vorbis: bf7c407c2cedff20999df2af8eb42d56 -> 
========================================================================
Received Prepare
Begin MonoManager ReloadAssembly
- Loaded All Assemblies, in  0.444 seconds
Refreshing native plugins compatible for Editor in 2.28 ms, found 3 plugins.
Native extension for WindowsStandalone target not found
[Package Manager] Server::EnsureServerProcessIsRunning -- launch failed, reason: Unity was launched with the -noUpm command-line argument
[Package Manager] UpmClient::Send -- Unable to send message (not connected to UPM process).
[Package Manager] Cannot connect to Unity Package Manager local server
Mono: successfully reloaded assembly
- Finished resetting the current domain, in  1.037 seconds
Domain Reload Profiling: 1481ms
	BeginReloadAssembly (163ms)
		ExecutionOrderSort (0ms)
		DisableScriptedObjects (6ms)
		BackupInstance (0ms)
		ReleaseScriptingObjects (0ms)
		CreateAndSetChildDomain (35ms)
	RebuildCommonClasses (38ms)
	RebuildNativeTypeToScriptingClass (14ms)
	initialDomainReloadingComplete (26ms)
	LoadAllAssembliesAndSetupDomain (201ms)
		LoadAssemblies (269ms)
		RebuildTransferFunctionScriptingTraits (0ms)
		AnalyzeDomain (23ms)
			TypeCache.Refresh (9ms)
				TypeCache.ScanAssembly (1ms)
			ScanForSourceGeneratedMonoScriptInfo (8ms)
			ResolveRequiredComponents (5ms)
	FinalizeReload (1038ms)
		ReleaseScriptCaches (0ms)
		RebuildScriptCaches (0ms)
		SetupLoadedEditorAssemblies (443ms)
			LogAssemblyErrors (0ms)
			InitializePlatformSupportModulesInManaged (5ms)
			SetLoadedEditorAssemblies (4ms)
			RefreshPlugins (0ms)
			BeforeProcessingInitializeOnLoad (62ms)
			ProcessInitializeOnLoadAttributes (342ms)
			ProcessInitializeOnLoadMethodAttributes (25ms)
			AfterProcessingInitializeOnLoad (3ms)
			EditorAssembliesLoaded (0ms)
		ExecutionOrderSort2 (0ms)
		AwakeInstancesAfterBackupRestoration (14ms)
Refreshing native plugins compatible for Editor in 3.28 ms, found 3 plugins.
Preloading 0 native plugins for Editor in 0.00 ms.
Unloading 3112 Unused Serialized files (Serialized files now loaded: 0)
Unloading 23 unused Assets / (31.1 KB). Loaded Objects now: 3624.
Memory consumption went from 140.1 MB to 140.1 MB.
Total: 2.825800 ms (FindLiveObjects: 0.265300 ms CreateObjectMapping: 0.271900 ms MarkObjects: 2.239800 ms  DeleteObjects: 0.047200 ms)

Prepare: number of updated asset objects reloaded= 0
AssetImportParameters requested are different than current active one (requested -> active):
  custom:container-demuxer-ogg: 62fdf1f143b41e24485cea50d1cbac27 -> 
  custom:video-decoder-ogg-theora: a1e56fd34408186e4bbccfd4996cb3dc -> 
  custom:framework-win-MediaFoundation: 216162199b28c13a410421893ffa2e32 -> 
  custom:CustomObjectIndexerAttribute: 756ad292c208cfabdd7b50bc23989ffe -> 
  custom:container-demuxer-webm: 4f35f7cbe854078d1ac9338744f61a02 -> 
  custom:container-muxer-webm: aa71ff27fc2769a1b78a27578f13a17b -> 
  custom:video-decoder-webm-vp8: 9c59270c3fd7afecdb556c50c9e8de78 -> 
  custom:SearchIndexIgnoredProperties: e643bd26f0fe6173181afceb89e7c659 -> 
  custom:AudioImporter_EditorPlatform: d09bf68614088b80899f8185d706f6e7 -> 
  custom:video-encoder-webm-vp8: eb34c28f22e8b96e1ab97ce403110664 -> 
  custom:audio-decoder-ogg-vorbis: bf7c407c2cedff20999df2af8eb42d56 -> 
  custom:audio-encoder-webm-vorbis: bf7c407c2cedff20999df2af8eb42d56 -> 
========================================================================
Received Import Request.
  Time since last request: 240.537946 seconds.
  path: Assets/CardTextures
  artifactKey: Guid(2f86e668e9a243141a1b2d19d3983fe9) Importer(815301076,1909f56bfc062723c751e8b465ee728b)
Start importing Assets/CardTextures using Guid(2f86e668e9a243141a1b2d19d3983fe9) Importer(815301076,1909f56bfc062723c751e8b465ee728b)  -> (artifact id: '1c8c6dbb6b09738e249dfb4daf9145bb') in 0.002318 seconds
Number of updated asset objects reloaded before import = 0
Number of asset objects unloaded after import = 0
========================================================================
Received Import Request.
  Time since last request: 8.188967 seconds.
  path: Assets/Playing Cards/Resource/Materials/BackColor_Red
  artifactKey: Guid(d468812b993dd5343ada1256af72fa20) Importer(815301076,1909f56bfc062723c751e8b465ee728b)
Start importing Assets/Playing Cards/Resource/Materials/BackColor_Red using Guid(d468812b993dd5343ada1256af72fa20) Importer(815301076,1909f56bfc062723c751e8b465ee728b)  -> (artifact id: 'b170da30474bd9377676daaac066f653') in 0.000574 seconds
Number of updated asset objects reloaded before import = 0
Number of asset objects unloaded after import = 0
========================================================================
Received Import Request.
  Time since last request: 8.074076 seconds.
  path: Assets/CardTextures/Blue_Deck_00.mat
  artifactKey: Guid(2d88b930d46b16247a8b3ed5e8ce818f) Importer(815301076,1909f56bfc062723c751e8b465ee728b)
Start importing Assets/CardTextures/Blue_Deck_00.mat using Guid(2d88b930d46b16247a8b3ed5e8ce818f) Importer(815301076,1909f56bfc062723c751e8b465ee728b)  -> (artifact id: '427dde4d2b9fb4423a47c630fb1ead6e') in 0.303007 seconds
Number of updated asset objects reloaded before import = 0
Number of asset objects unloaded after import = 3
========================================================================
Received Import Request.
  Time since last request: 0.000032 seconds.
  path: Assets/CardTextures/Blue_PlayingCards_Club02_00.mat
  artifactKey: Guid(d79f8f88b73c46e4c8ef14bf1dd8e249) Importer(815301076,1909f56bfc062723c751e8b465ee728b)
Start importing Assets/CardTextures/Blue_PlayingCards_Club02_00.mat using Guid(d79f8f88b73c46e4c8ef14bf1dd8e249) Importer(815301076,1909f56bfc062723c751e8b465ee728b)  -> (artifact id: 'ee7b70eb1a342ed9d4b935395bb79a75') in 0.115322 seconds
Number of updated asset objects reloaded before import = 0
Number of asset objects unloaded after import = 3
========================================================================
Received Import Request.
  Time since last request: 0.000034 seconds.
  path: Assets/CardTextures/Blue_PlayingCards_Club12_00.mat
  artifactKey: Guid(1dad0878f933cf14c97f944f6f6fa29e) Importer(815301076,1909f56bfc062723c751e8b465ee728b)
Start importing Assets/CardTextures/Blue_PlayingCards_Club12_00.mat using Guid(1dad0878f933cf14c97f944f6f6fa29e) Importer(815301076,1909f56bfc062723c751e8b465ee728b)  -> (artifact id: '2ee10de62e7b5f9ccf4fe27887c0b5df') in 0.010474 seconds
Number of updated asset objects reloaded before import = 0
Number of asset objects unloaded after import = 3
========================================================================
Received Import Request.
  Time since last request: 0.000079 seconds.
  path: Assets/CardTextures/Blue_PlayingCards_Club07_00.mat
  artifactKey: Guid(0946c8bf01f78c34bb47e970f1f7fcba) Importer(815301076,1909f56bfc062723c751e8b465ee728b)
Start importing Assets/CardTextures/Blue_PlayingCards_Club07_00.mat using Guid(0946c8bf01f78c34bb47e970f1f7fcba) Importer(815301076,1909f56bfc062723c751e8b465ee728b)  -> (artifact id: '0ff8eccfb17d04fb0ac07f750953a31f') in 0.017915 seconds
Number of updated asset objects reloaded before import = 0
Number of asset objects unloaded after import = 3
========================================================================
Received Import Request.
  Time since last request: 0.000014 seconds.
  path: Assets/CardTextures/Blue_PlayingCards_Joker_00.mat
  artifactKey: Guid(5b095ea72fec3714d8eefaec25ce77dc) Importer(815301076,1909f56bfc062723c751e8b465ee728b)
Start importing Assets/CardTextures/Blue_PlayingCards_Joker_00.mat using Guid(5b095ea72fec3714d8eefaec25ce77dc) Importer(815301076,1909f56bfc062723c751e8b465ee728b)  -> (artifact id: '2a4ac3e7c835601ce137f3669354220f') in 0.007805 seconds
Number of updated asset objects reloaded before import = 0
Number of asset objects unloaded after import = 3
========================================================================
Received Import Request.
  Time since last request: 0.000015 seconds.
  path: Assets/CardTextures/Blue_RifleShuffle_Second_00.mat
  artifactKey: Guid(c79a2d49db1844e48845f78a165b16ca) Importer(815301076,1909f56bfc062723c751e8b465ee728b)
Start importing Assets/CardTextures/Blue_RifleShuffle_Second_00.mat using Guid(c79a2d49db1844e48845f78a165b16ca) Importer(815301076,1909f56bfc062723c751e8b465ee728b)  -> (artifact id: '468af8cf531b658f4dd999d4752c596e') in 0.034834 seconds
Number of updated asset objects reloaded before import = 0
Number of asset objects unloaded after import = 3
========================================================================
Received Import Request.
  Time since last request: 0.000019 seconds.
  path: Assets/CardTextures/Blue_PlayingCards_Club11_00.mat
  artifactKey: Guid(eadf53ed21895b14aa31ecf6765c01e1) Importer(815301076,1909f56bfc062723c751e8b465ee728b)
Start importing Assets/CardTextures/Blue_PlayingCards_Club11_00.mat using Guid(eadf53ed21895b14aa31ecf6765c01e1) Importer(815301076,1909f56bfc062723c751e8b465ee728b)  -> (artifact id: 'abff3c9be2d04790092b4aa2b7f1df11') in 0.010574 seconds
Number of updated asset objects reloaded before import = 0
Number of asset objects unloaded after import = 3
========================================================================
Received Import Request.
  Time since last request: 0.000015 seconds.
  path: Assets/CardTextures/Blue_PlayingCards_Heart10_00.mat
  artifactKey: Guid(bfc0c419ab271b64aaa0af9fecfb5b32) Importer(815301076,1909f56bfc062723c751e8b465ee728b)
Start importing Assets/CardTextures/Blue_PlayingCards_Heart10_00.mat using Guid(bfc0c419ab271b64aaa0af9fecfb5b32) Importer(815301076,1909f56bfc062723c751e8b465ee728b)  -> (artifact id: '8a1bd2bf0fb2f39c4601f990e3d557b9') in 0.079577 seconds
Number of updated asset objects reloaded before import = 0
Number of asset objects unloaded after import = 3
========================================================================
Received Import Request.
  Time since last request: 0.000061 seconds.
  path: Assets/CardTextures/Blue_PlayingCards_Spade01_00.mat
  artifactKey: Guid(5bf80013dd905d04f9705d9074b8cb8b) Importer(815301076,1909f56bfc062723c751e8b465ee728b)
Start importing Assets/CardTextures/Blue_PlayingCards_Spade01_00.mat using Guid(5bf80013dd905d04f9705d9074b8cb8b) Importer(815301076,1909f56bfc062723c751e8b465ee728b)  -> (artifact id: '6209651f369b9b56b50fec4003f26733') in 0.019746 seconds
Number of updated asset objects reloaded before import = 0
Number of asset objects unloaded after import = 3
========================================================================
Received Import Request.
  Time since last request: 0.000151 seconds.
  path: Assets/CardTextures/Blue_PlayingCards_Spade13_00.mat
  artifactKey: Guid(3c1bc12c997d6ae4588cb5295d4b02ec) Importer(815301076,1909f56bfc062723c751e8b465ee728b)
Start importing Assets/CardTextures/Blue_PlayingCards_Spade13_00.mat using Guid(3c1bc12c997d6ae4588cb5295d4b02ec) Importer(815301076,1909f56bfc062723c751e8b465ee728b)  -> (artifact id: 'afc99d912f6941fa596e1d9bd887de65') in 0.053605 seconds
Number of updated asset objects reloaded before import = 0
Number of asset objects unloaded after import = 3
========================================================================
Received Import Request.
  Time since last request: 0.000020 seconds.
  path: Assets/CardTextures/Blue_PlayingCards_Spade03_00.mat
  artifactKey: Guid(ac2f4a42c1f1ce54991c0004968d54ac) Importer(815301076,1909f56bfc062723c751e8b465ee728b)
Start importing Assets/CardTextures/Blue_PlayingCards_Spade03_00.mat using Guid(ac2f4a42c1f1ce54991c0004968d54ac) Importer(815301076,1909f56bfc062723c751e8b465ee728b)  -> (artifact id: '93ef4b8cf3aa147b45a56fceb7c78859') in 0.047572 seconds
Number of updated asset objects reloaded before import = 0
Number of asset objects unloaded after import = 3
========================================================================
Received Import Request.
  Time since last request: 0.000026 seconds.
  path: Assets/CardTextures/Blue_PlayingCards_Diamond01_00.mat
  artifactKey: Guid(7a197a411ea28f043b4e811b1b380e4d) Importer(815301076,1909f56bfc062723c751e8b465ee728b)
Start importing Assets/CardTextures/Blue_PlayingCards_Diamond01_00.mat using Guid(7a197a411ea28f043b4e811b1b380e4d) Importer(815301076,1909f56bfc062723c751e8b465ee728b)  -> (artifact id: '2fb85fc0f94f22c19773fa886296771f') in 0.006345 seconds
Number of updated asset objects reloaded before import = 0
Number of asset objects unloaded after import = 3
========================================================================
Received Import Request.
  Time since last request: 0.000020 seconds.
  path: Assets/CardTextures/Blue_PlayingCards_Diamond11_00.mat
  artifactKey: Guid(1877209cfeea46e4f9189d82e4ce117b) Importer(815301076,1909f56bfc062723c751e8b465ee728b)
Start importing Assets/CardTextures/Blue_PlayingCards_Diamond11_00.mat using Guid(1877209cfeea46e4f9189d82e4ce117b) Importer(815301076,1909f56bfc062723c751e8b465ee728b)  -> (artifact id: 'f58d01fea45ae330fa826ca9bf79c1f3') in 0.026889 seconds
Number of updated asset objects reloaded before import = 0
Number of asset objects unloaded after import = 3
========================================================================
Received Import Request.
  Time since last request: 0.000017 seconds.
  path: Assets/CardTextures/Blue_PlayingCards_Spade12_00.mat
  artifactKey: Guid(acaed6c3a2fb7d540b59e5a193988fc6) Importer(815301076,1909f56bfc062723c751e8b465ee728b)
Start importing Assets/CardTextures/Blue_PlayingCards_Spade12_00.mat using Guid(acaed6c3a2fb7d540b59e5a193988fc6) Importer(815301076,1909f56bfc062723c751e8b465ee728b)  -> (artifact id: '20872248d109a0ec29c760709725c5d3') in 0.013367 seconds
Number of updated asset objects reloaded before import = 0
Number of asset objects unloaded after import = 3
========================================================================
Received Import Request.
  Time since last request: 0.000016 seconds.
  path: Assets/CardTextures/Blue_PlayingCards_Blank_00.mat
  artifactKey: Guid(db53f7e20cccd6d4cb1ba7a1168642df) Importer(815301076,1909f56bfc062723c751e8b465ee728b)
Start importing Assets/CardTextures/Blue_PlayingCards_Blank_00.mat using Guid(db53f7e20cccd6d4cb1ba7a1168642df) Importer(815301076,1909f56bfc062723c751e8b465ee728b)  -> (artifact id: '66c6e310f54ef5642b51076030d3310e') in 0.008407 seconds
Number of updated asset objects reloaded before import = 0
Number of asset objects unloaded after import = 2
========================================================================
Received Import Request.
  Time since last request: 0.000016 seconds.
  path: Assets/CardTextures/Blue_PlayingCards_Club03_00.mat
  artifactKey: Guid(af5a5f7559d6ad240a8b299136854300) Importer(815301076,1909f56bfc062723c751e8b465ee728b)
Start importing Assets/CardTextures/Blue_PlayingCards_Club03_00.mat using Guid(af5a5f7559d6ad240a8b299136854300) Importer(815301076,1909f56bfc062723c751e8b465ee728b)  -> (artifact id: '830e762ae0bffe57b4e782fbe0de0caf') in 0.007012 seconds
Number of updated asset objects reloaded before import = 0
Number of asset objects unloaded after import = 3
========================================================================
Received Import Request.
  Time since last request: 0.000020 seconds.
  path: Assets/CardTextures/Blue_PlayingCards_Diamond05_00.mat
  artifactKey: Guid(3f5dda592f9e614499052e4bd4d6d58b) Importer(815301076,1909f56bfc062723c751e8b465ee728b)
Start importing Assets/CardTextures/Blue_PlayingCards_Diamond05_00.mat using Guid(3f5dda592f9e614499052e4bd4d6d58b) Importer(815301076,1909f56bfc062723c751e8b465ee728b)  -> (artifact id: '7d65afa8376d0a1a11bbfc21042f44e7') in 0.008142 seconds
Number of updated asset objects reloaded before import = 0
Number of asset objects unloaded after import = 3
========================================================================
Received Import Request.
  Time since last request: 0.000016 seconds.
  path: Assets/CardTextures/Blue_PlayingCards_Diamond12_00.mat
  artifactKey: Guid(f4d48c98ca4b58c4cbb949a7b7695bb7) Importer(815301076,1909f56bfc062723c751e8b465ee728b)
Start importing Assets/CardTextures/Blue_PlayingCards_Diamond12_00.mat using Guid(f4d48c98ca4b58c4cbb949a7b7695bb7) Importer(815301076,1909f56bfc062723c751e8b465ee728b)  -> (artifact id: '98b11a62f10145445f5bbe2e954a392f') in 0.010667 seconds
Number of updated asset objects reloaded before import = 0
Number of asset objects unloaded after import = 3
========================================================================
Received Import Request.
  Time since last request: 0.000016 seconds.
  path: Assets/CardTextures/Blue_PlayingCards_Club04_00.mat
  artifactKey: Guid(5b7dace84d8b171489bdd0e26c609a34) Importer(815301076,1909f56bfc062723c751e8b465ee728b)
Start importing Assets/CardTextures/Blue_PlayingCards_Club04_00.mat using Guid(5b7dace84d8b171489bdd0e26c609a34) Importer(815301076,1909f56bfc062723c751e8b465ee728b)  -> (artifact id: 'd8e263cc5242c61db064e2938d2149f6') in 0.007478 seconds
Number of updated asset objects reloaded before import = 0
Number of asset objects unloaded after import = 3
========================================================================
Received Import Request.
  Time since last request: 0.000016 seconds.
  path: Assets/CardTextures/Blue_PlayingCards_Heart02_00.mat
  artifactKey: Guid(8326967d69069d04ebe0979e8308b706) Importer(815301076,1909f56bfc062723c751e8b465ee728b)
Start importing Assets/CardTextures/Blue_PlayingCards_Heart02_00.mat using Guid(8326967d69069d04ebe0979e8308b706) Importer(815301076,1909f56bfc062723c751e8b465ee728b)  -> (artifact id: '899ebd939960f4d60f46e4e261d425d4') in 0.010275 seconds
Number of updated asset objects reloaded before import = 0
Number of asset objects unloaded after import = 3
========================================================================
Received Import Request.
  Time since last request: 0.000016 seconds.
  path: Assets/CardTextures/Blue_PlayingCards_Heart08_00.mat
  artifactKey: Guid(0a3a746e565c8c9458313d1cf37f0551) Importer(815301076,1909f56bfc062723c751e8b465ee728b)
Start importing Assets/CardTextures/Blue_PlayingCards_Heart08_00.mat using Guid(0a3a746e565c8c9458313d1cf37f0551) Importer(815301076,1909f56bfc062723c751e8b465ee728b)  -> (artifact id: '5636844d1257aff0b4feeea8d44a9692') in 0.010775 seconds
Number of updated asset objects reloaded before import = 0
Number of asset objects unloaded after import = 3
========================================================================
Received Import Request.
  Time since last request: 0.000325 seconds.
  path: Assets/CardTextures/Blue_PlayingCards_Diamond06_00.mat
  artifactKey: Guid(867a7ff4770a41d4cbcbdf265172916b) Importer(815301076,1909f56bfc062723c751e8b465ee728b)
Start importing Assets/CardTextures/Blue_PlayingCards_Diamond06_00.mat using Guid(867a7ff4770a41d4cbcbdf265172916b) Importer(815301076,1909f56bfc062723c751e8b465ee728b)  -> (artifact id: 'e03c3a67fc2b74c2f7365d1e2b3645c1') in 0.015259 seconds
Number of updated asset objects reloaded before import = 0
Number of asset objects unloaded after import = 3
========================================================================
Received Import Request.
  Time since last request: 0.000017 seconds.
  path: Assets/CardTextures/Blue_PlayingCards_Heart09_00.mat
  artifactKey: Guid(009b19ae3e5bdba4f8e278a6b0ed3a0c) Importer(815301076,1909f56bfc062723c751e8b465ee728b)
Start importing Assets/CardTextures/Blue_PlayingCards_Heart09_00.mat using Guid(009b19ae3e5bdba4f8e278a6b0ed3a0c) Importer(815301076,1909f56bfc062723c751e8b465ee728b)  -> (artifact id: '0195d78127062bb479493f9138db5e47') in 0.008327 seconds
Number of updated asset objects reloaded before import = 0
Number of asset objects unloaded after import = 3
========================================================================
Received Import Request.
  Time since last request: 0.000017 seconds.
  path: Assets/CardTextures/Blue_RifleShuffle_First_00.mat
  artifactKey: Guid(126986e8b0fc3054db0ed662547a6a50) Importer(815301076,1909f56bfc062723c751e8b465ee728b)
Start importing Assets/CardTextures/Blue_RifleShuffle_First_00.mat using Guid(126986e8b0fc3054db0ed662547a6a50) Importer(815301076,1909f56bfc062723c751e8b465ee728b)  -> (artifact id: '575da4998295a6d91c013ab6816b5f23') in 0.007547 seconds
Number of updated asset objects reloaded before import = 0
Number of asset objects unloaded after import = 3
========================================================================
Received Import Request.
  Time since last request: 0.000020 seconds.
  path: Assets/CardTextures/Blue_PlayingCards_Club05_00.mat
  artifactKey: Guid(ca6a124eee9995841a3965523364f7ec) Importer(815301076,1909f56bfc062723c751e8b465ee728b)
Start importing Assets/CardTextures/Blue_PlayingCards_Club05_00.mat using Guid(ca6a124eee9995841a3965523364f7ec) Importer(815301076,1909f56bfc062723c751e8b465ee728b)  -> (artifact id: 'b6ccc31536c7e066611bf6f37e233cc9') in 0.010834 seconds
Number of updated asset objects reloaded before import = 0
Number of asset objects unloaded after import = 3
========================================================================
Received Import Request.
  Time since last request: 0.000017 seconds.
  path: Assets/CardTextures/Blue_PlayingCards_Diamond03_00.mat
  artifactKey: Guid(4d5101640e7d73d42b55398b4229a9a4) Importer(815301076,1909f56bfc062723c751e8b465ee728b)
Start importing Assets/CardTextures/Blue_PlayingCards_Diamond03_00.mat using Guid(4d5101640e7d73d42b55398b4229a9a4) Importer(815301076,1909f56bfc062723c751e8b465ee728b)  -> (artifact id: 'f21bad67b9e5d9119c80608fca10611b') in 0.006543 seconds
Number of updated asset objects reloaded before import = 0
Number of asset objects unloaded after import = 3
========================================================================
Received Import Request.
  Time since last request: 0.000016 seconds.
  path: Assets/CardTextures/Blue_PlayingCards_Heart03_00.mat
  artifactKey: Guid(0eb7ed16a026dac4da24ea7917785c06) Importer(815301076,1909f56bfc062723c751e8b465ee728b)
Start importing Assets/CardTextures/Blue_PlayingCards_Heart03_00.mat using Guid(0eb7ed16a026dac4da24ea7917785c06) Importer(815301076,1909f56bfc062723c751e8b465ee728b)  -> (artifact id: 'b63d1feec496e591a204caf89d1de25c') in 0.007090 seconds
Number of updated asset objects reloaded before import = 0
Number of asset objects unloaded after import = 3
========================================================================
Received Import Request.
  Time since last request: 0.000023 seconds.
  path: Assets/CardTextures/Blue_PlayingCards_Heart04_00.mat
  artifactKey: Guid(f79224b01f77a224787278e4af843470) Importer(815301076,1909f56bfc062723c751e8b465ee728b)
Start importing Assets/CardTextures/Blue_PlayingCards_Heart04_00.mat using Guid(f79224b01f77a224787278e4af843470) Importer(815301076,1909f56bfc062723c751e8b465ee728b)  -> (artifact id: '4cf4e74d509c8422de86c4469cddf599') in 0.013024 seconds
Number of updated asset objects reloaded before import = 0
Number of asset objects unloaded after import = 3
========================================================================
Received Import Request.
  Time since last request: 0.000017 seconds.
  path: Assets/CardTextures/Blue_PlayingCards_Spade04_00.mat
  artifactKey: Guid(e70f9f5ca9901a74da8930723259ede2) Importer(815301076,1909f56bfc062723c751e8b465ee728b)
Start importing Assets/CardTextures/Blue_PlayingCards_Spade04_00.mat using Guid(e70f9f5ca9901a74da8930723259ede2) Importer(815301076,1909f56bfc062723c751e8b465ee728b)  -> (artifact id: '13e74f57793c06c27ddf3ea6266b2adc') in 0.007398 seconds
Number of updated asset objects reloaded before import = 0
Number of asset objects unloaded after import = 3
========================================================================
Received Import Request.
  Time since last request: 0.000019 seconds.
  path: Assets/CardTextures/Blue_PlayingCards_Diamond09_00.mat
  artifactKey: Guid(faa3f0c64be0c4c47a17c30ef75a9547) Importer(815301076,1909f56bfc062723c751e8b465ee728b)
Start importing Assets/CardTextures/Blue_PlayingCards_Diamond09_00.mat using Guid(faa3f0c64be0c4c47a17c30ef75a9547) Importer(815301076,1909f56bfc062723c751e8b465ee728b)  -> (artifact id: 'b5db443ace55971d704ff12ade073aff') in 0.007412 seconds
Number of updated asset objects reloaded before import = 0
Number of asset objects unloaded after import = 3
========================================================================
Received Import Request.
  Time since last request: 0.000020 seconds.
  path: Assets/CardTextures/Blue_PlayingCards_Heart13_00.mat
  artifactKey: Guid(cb0651c993117a2498100c597315c771) Importer(815301076,1909f56bfc062723c751e8b465ee728b)
Start importing Assets/CardTextures/Blue_PlayingCards_Heart13_00.mat using Guid(cb0651c993117a2498100c597315c771) Importer(815301076,1909f56bfc062723c751e8b465ee728b)  -> (artifact id: 'd7de72e6e7623637b83dd3e98ef19a66') in 0.013332 seconds
Number of updated asset objects reloaded before import = 0
Number of asset objects unloaded after import = 3
========================================================================
Received Import Request.
  Time since last request: 0.000836 seconds.
  path: Assets/CardTextures/Blue_PlayingCards_Diamond10_00.mat
  artifactKey: Guid(f20e464168926f24cac6fa571f458a84) Importer(815301076,1909f56bfc062723c751e8b465ee728b)
Start importing Assets/CardTextures/Blue_PlayingCards_Diamond10_00.mat using Guid(f20e464168926f24cac6fa571f458a84) Importer(815301076,1909f56bfc062723c751e8b465ee728b)  -> (artifact id: '4453ede6833dd4b2ffeba63ad98f354a') in 0.024309 seconds
Number of updated asset objects reloaded before import = 0
Number of asset objects unloaded after import = 3
========================================================================
Received Import Request.
  Time since last request: 0.000017 seconds.
  path: Assets/CardTextures/Blue_PlayingCards_Heart01_00.mat
  artifactKey: Guid(c41be0add401458459f6a27cacb78209) Importer(815301076,1909f56bfc062723c751e8b465ee728b)
Start importing Assets/CardTextures/Blue_PlayingCards_Heart01_00.mat using Guid(c41be0add401458459f6a27cacb78209) Importer(815301076,1909f56bfc062723c751e8b465ee728b)  -> (artifact id: '2f4853d1db53f1e2adf3a9ff36a6e822') in 0.010742 seconds
Number of updated asset objects reloaded before import = 0
Number of asset objects unloaded after import = 3
========================================================================
Received Import Request.
  Time since last request: 0.000021 seconds.
  path: Assets/CardTextures/Blue_PlayingCards_Club08_00.mat
  artifactKey: Guid(f44b29d0e6320604ba628d8b3f9d58dd) Importer(815301076,1909f56bfc062723c751e8b465ee728b)
Start importing Assets/CardTextures/Blue_PlayingCards_Club08_00.mat using Guid(f44b29d0e6320604ba628d8b3f9d58dd) Importer(815301076,1909f56bfc062723c751e8b465ee728b)  -> (artifact id: 'a462886cd18ea95981f0c9227d5933c5') in 0.010331 seconds
Number of updated asset objects reloaded before import = 0
Number of asset objects unloaded after import = 3
========================================================================
Received Import Request.
  Time since last request: 0.002316 seconds.
  path: Assets/CardTextures/Blue_PlayingCards_Diamond13_00.mat
  artifactKey: Guid(f1c1c2c335123b947a37b566c80733ca) Importer(815301076,1909f56bfc062723c751e8b465ee728b)
Start importing Assets/CardTextures/Blue_PlayingCards_Diamond13_00.mat using Guid(f1c1c2c335123b947a37b566c80733ca) Importer(815301076,1909f56bfc062723c751e8b465ee728b)  -> (artifact id: 'f155bb4d2931b87d56beb4c8761647b4') in 0.023417 seconds
Number of updated asset objects reloaded before import = 0
Number of asset objects unloaded after import = 3
========================================================================
Received Import Request.
  Time since last request: 0.000020 seconds.
  path: Assets/CardTextures/Blue_PlayingCards_Club01_00.mat
  artifactKey: Guid(438ef3c26a0638f428d7d8c84ba2b6d9) Importer(815301076,1909f56bfc062723c751e8b465ee728b)
Start importing Assets/CardTextures/Blue_PlayingCards_Club01_00.mat using Guid(438ef3c26a0638f428d7d8c84ba2b6d9) Importer(815301076,1909f56bfc062723c751e8b465ee728b)  -> (artifact id: '39be8c9912bb7c3a9152f911b6424fb3') in 0.007093 seconds
Number of updated asset objects reloaded before import = 0
Number of asset objects unloaded after import = 3
========================================================================
Received Import Request.
  Time since last request: 0.000021 seconds.
  path: Assets/CardTextures/Blue_PlayingCards_Spade06_00.mat
  artifactKey: Guid(b93a9b47935cb9043a32689692fd082d) Importer(815301076,1909f56bfc062723c751e8b465ee728b)
Start importing Assets/CardTextures/Blue_PlayingCards_Spade06_00.mat using Guid(b93a9b47935cb9043a32689692fd082d) Importer(815301076,1909f56bfc062723c751e8b465ee728b)  -> (artifact id: 'b7f20d0161bbb05610ec92443be156ae') in 0.007432 seconds
Number of updated asset objects reloaded before import = 0
Number of asset objects unloaded after import = 3
========================================================================
Received Import Request.
  Time since last request: 0.000016 seconds.
  path: Assets/CardTextures/Blue_PlayingCards_Spade09_00.mat
  artifactKey: Guid(c4211f5ef6df764499354c11957e3d13) Importer(815301076,1909f56bfc062723c751e8b465ee728b)
Start importing Assets/CardTextures/Blue_PlayingCards_Spade09_00.mat using Guid(c4211f5ef6df764499354c11957e3d13) Importer(815301076,1909f56bfc062723c751e8b465ee728b)  -> (artifact id: '4e5a0d81348ff7a3dab727a24c88542b') in 0.011676 seconds
Number of updated asset objects reloaded before import = 0
Number of asset objects unloaded after import = 3
========================================================================
Received Import Request.
  Time since last request: 0.000021 seconds.
  path: Assets/CardTextures/Blue_PlayingCards_Heart06_00.mat
  artifactKey: Guid(fe734dc2b020b13469e4622f314acd9e) Importer(815301076,1909f56bfc062723c751e8b465ee728b)
Start importing Assets/CardTextures/Blue_PlayingCards_Heart06_00.mat using Guid(fe734dc2b020b13469e4622f314acd9e) Importer(815301076,1909f56bfc062723c751e8b465ee728b)  -> (artifact id: '06d9c952432a967ac92997e0772fe09d') in 0.015650 seconds
Number of updated asset objects reloaded before import = 0
Number of asset objects unloaded after import = 3
========================================================================
Received Import Request.
  Time since last request: 0.000017 seconds.
  path: Assets/CardTextures/Blue_PlayingCards_Heart11_00.mat
  artifactKey: Guid(78c56483acd0d4145aaad38ee93b5b40) Importer(815301076,1909f56bfc062723c751e8b465ee728b)
Start importing Assets/CardTextures/Blue_PlayingCards_Heart11_00.mat using Guid(78c56483acd0d4145aaad38ee93b5b40) Importer(815301076,1909f56bfc062723c751e8b465ee728b)  -> (artifact id: 'a70effe0c6025154d1fd450eeab0011a') in 0.009484 seconds
Number of updated asset objects reloaded before import = 0
Number of asset objects unloaded after import = 3
========================================================================
Received Import Request.
  Time since last request: 0.000016 seconds.
  path: Assets/CardTextures/Blue_PlayingCards_Diamond07_00.mat
  artifactKey: Guid(17a453515ae7f0c4090f004f088962b2) Importer(815301076,1909f56bfc062723c751e8b465ee728b)
Start importing Assets/CardTextures/Blue_PlayingCards_Diamond07_00.mat using Guid(17a453515ae7f0c4090f004f088962b2) Importer(815301076,1909f56bfc062723c751e8b465ee728b)  -> (artifact id: '2eb29198cb33cac47951b1fe85ec4d8a') in 0.007395 seconds
Number of updated asset objects reloaded before import = 0
Number of asset objects unloaded after import = 3
========================================================================
Received Import Request.
  Time since last request: 0.000015 seconds.
  path: Assets/CardTextures/Blue_PlayingCards_Spade02_00.mat
  artifactKey: Guid(a8315853fb393a446bad16c62d742c6f) Importer(815301076,1909f56bfc062723c751e8b465ee728b)
Start importing Assets/CardTextures/Blue_PlayingCards_Spade02_00.mat using Guid(a8315853fb393a446bad16c62d742c6f) Importer(815301076,1909f56bfc062723c751e8b465ee728b)  -> (artifact id: 'fed85f41a01d76f378a4cdb69d5e48f7') in 0.009656 seconds
Number of updated asset objects reloaded before import = 0
Number of asset objects unloaded after import = 3
========================================================================
Received Import Request.
  Time since last request: 0.000018 seconds.
  path: Assets/CardTextures/Blue_PlayingCards_Diamond08_00.mat
  artifactKey: Guid(9933b78b04e7622498c3255167241bfe) Importer(815301076,1909f56bfc062723c751e8b465ee728b)
Start importing Assets/CardTextures/Blue_PlayingCards_Diamond08_00.mat using Guid(9933b78b04e7622498c3255167241bfe) Importer(815301076,1909f56bfc062723c751e8b465ee728b)  -> (artifact id: 'b20e4cf652dedee13aca6c11c0ed24a7') in 0.011080 seconds
Number of updated asset objects reloaded before import = 0
Number of asset objects unloaded after import = 3
========================================================================
Received Import Request.
  Time since last request: 0.000015 seconds.
  path: Assets/CardTextures/Blue_PlayingCards_Spade10_00.mat
  artifactKey: Guid(92d490a6787fd9a4d9cd4c8ee588cdc6) Importer(815301076,1909f56bfc062723c751e8b465ee728b)
Start importing Assets/CardTextures/Blue_PlayingCards_Spade10_00.mat using Guid(92d490a6787fd9a4d9cd4c8ee588cdc6) Importer(815301076,1909f56bfc062723c751e8b465ee728b)  -> (artifact id: 'd4388e234e71c39ae3940db9e9316b31') in 0.007584 seconds
Number of updated asset objects reloaded before import = 0
Number of asset objects unloaded after import = 3
========================================================================
Received Import Request.
  Time since last request: 0.000015 seconds.
  path: Assets/CardTextures/Blue_PlayingCards_Diamond02_00.mat
  artifactKey: Guid(9a1b3425ed843b446b2e8f8d9a1bd85c) Importer(815301076,1909f56bfc062723c751e8b465ee728b)
Start importing Assets/CardTextures/Blue_PlayingCards_Diamond02_00.mat using Guid(9a1b3425ed843b446b2e8f8d9a1bd85c) Importer(815301076,1909f56bfc062723c751e8b465ee728b)  -> (artifact id: '899701e2ea3274b3264ff63c0324d381') in 0.027196 seconds
Number of updated asset objects reloaded before import = 0
Number of asset objects unloaded after import = 3
========================================================================
Received Import Request.
  Time since last request: 0.000122 seconds.
  path: Assets/CardTextures/Blue_PlayingCards_Spade07_00.mat
  artifactKey: Guid(2e5bf23a205fd4a49b621fd59287f48c) Importer(815301076,1909f56bfc062723c751e8b465ee728b)
Start importing Assets/CardTextures/Blue_PlayingCards_Spade07_00.mat using Guid(2e5bf23a205fd4a49b621fd59287f48c) Importer(815301076,1909f56bfc062723c751e8b465ee728b)  -> (artifact id: 'ee1eba3fe4a835eafc3deb9a767a5590') in 0.008319 seconds
Number of updated asset objects reloaded before import = 0
Number of asset objects unloaded after import = 3
========================================================================
Received Import Request.
  Time since last request: 0.000016 seconds.
  path: Assets/CardTextures/Blue_PlayingCards_Club06_00.mat
  artifactKey: Guid(d077c0e2e729b4047a290f537cb21971) Importer(815301076,1909f56bfc062723c751e8b465ee728b)
Start importing Assets/CardTextures/Blue_PlayingCards_Club06_00.mat using Guid(d077c0e2e729b4047a290f537cb21971) Importer(815301076,1909f56bfc062723c751e8b465ee728b)  -> (artifact id: '0343dc4b19be54c5bdbc985947adce37') in 0.007560 seconds
Number of updated asset objects reloaded before import = 0
Number of asset objects unloaded after import = 3
========================================================================
Received Import Request.
  Time since last request: 0.000016 seconds.
  path: Assets/CardTextures/Blue_PlayingCards_Heart05_00.mat
  artifactKey: Guid(d9618ddf7e553bd4794dd006340fc948) Importer(815301076,1909f56bfc062723c751e8b465ee728b)
Start importing Assets/CardTextures/Blue_PlayingCards_Heart05_00.mat using Guid(d9618ddf7e553bd4794dd006340fc948) Importer(815301076,1909f56bfc062723c751e8b465ee728b)  -> (artifact id: 'c0ef84d8a9fd44ffe82180ce285ed24a') in 0.008879 seconds
Number of updated asset objects reloaded before import = 0
Number of asset objects unloaded after import = 3
========================================================================
Received Import Request.
  Time since last request: 0.000016 seconds.
  path: Assets/CardTextures/Blue_PlayingCards_Spade05_00.mat
  artifactKey: Guid(f985d2f6709ca2d4398a78aadac98718) Importer(815301076,1909f56bfc062723c751e8b465ee728b)
Start importing Assets/CardTextures/Blue_PlayingCards_Spade05_00.mat using Guid(f985d2f6709ca2d4398a78aadac98718) Importer(815301076,1909f56bfc062723c751e8b465ee728b)  -> (artifact id: '98c969e78d7b473011021e7e9ae80f50') in 0.007471 seconds
Number of updated asset objects reloaded before import = 0
Number of asset objects unloaded after import = 3
========================================================================
Received Import Request.
  Time since last request: 0.000015 seconds.
  path: Assets/CardTextures/Blue_PlayingCards_Spade11_00.mat
  artifactKey: Guid(2b9a9d910de851e44a060e9d9b32474f) Importer(815301076,1909f56bfc062723c751e8b465ee728b)
Start importing Assets/CardTextures/Blue_PlayingCards_Spade11_00.mat using Guid(2b9a9d910de851e44a060e9d9b32474f) Importer(815301076,1909f56bfc062723c751e8b465ee728b)  -> (artifact id: 'dd2864e7ca410efa39e18758ee3adc69') in 0.019290 seconds
Number of updated asset objects reloaded before import = 0
Number of asset objects unloaded after import = 3
========================================================================
Received Import Request.
  Time since last request: 0.000015 seconds.
  path: Assets/CardTextures/Blue_PlayingCards_Spade08_00.mat
  artifactKey: Guid(fde04fa9c4918fc44bf1a1f4e87d56f3) Importer(815301076,1909f56bfc062723c751e8b465ee728b)
Start importing Assets/CardTextures/Blue_PlayingCards_Spade08_00.mat using Guid(fde04fa9c4918fc44bf1a1f4e87d56f3) Importer(815301076,1909f56bfc062723c751e8b465ee728b)  -> (artifact id: 'a1f150e31be6e2eeb7b666161d6e1763') in 0.005781 seconds
Number of updated asset objects reloaded before import = 0
Number of asset objects unloaded after import = 3
========================================================================
Received Import Request.
  Time since last request: 0.000019 seconds.
  path: Assets/CardTextures/Blue_PlayingCards_Heart12_00.mat
  artifactKey: Guid(447ba3047782f8840905ed11606a12ce) Importer(815301076,1909f56bfc062723c751e8b465ee728b)
Start importing Assets/CardTextures/Blue_PlayingCards_Heart12_00.mat using Guid(447ba3047782f8840905ed11606a12ce) Importer(815301076,1909f56bfc062723c751e8b465ee728b)  -> (artifact id: 'afdee0dc34e863d408de7dfa896a548e') in 0.037360 seconds
Number of updated asset objects reloaded before import = 0
Number of asset objects unloaded after import = 3
========================================================================
Received Import Request.
  Time since last request: 0.000016 seconds.
  path: Assets/CardTextures/Blue_LineUp_SpadeClub_00.mat
  artifactKey: Guid(c75d03c721939654aa7b78a1308299d8) Importer(815301076,1909f56bfc062723c751e8b465ee728b)
Start importing Assets/CardTextures/Blue_LineUp_SpadeClub_00.mat using Guid(c75d03c721939654aa7b78a1308299d8) Importer(815301076,1909f56bfc062723c751e8b465ee728b)  -> (artifact id: '8f12f657b3f1ea9d0205bf035ac2a647') in 0.031236 seconds
Number of updated asset objects reloaded before import = 0
Number of asset objects unloaded after import = 3
========================================================================
Received Import Request.
  Time since last request: 0.000132 seconds.
  path: Assets/CardTextures/Blue_PlayingCards_Club10_00.mat
  artifactKey: Guid(2e743a691a07d1b49827c34d7f34f6f4) Importer(815301076,1909f56bfc062723c751e8b465ee728b)
Start importing Assets/CardTextures/Blue_PlayingCards_Club10_00.mat using Guid(2e743a691a07d1b49827c34d7f34f6f4) Importer(815301076,1909f56bfc062723c751e8b465ee728b)  -> (artifact id: 'b31fe1509d242144fc628e1fcc1f93cb') in 0.019072 seconds
Number of updated asset objects reloaded before import = 0
Number of asset objects unloaded after import = 3
========================================================================
Received Import Request.
  Time since last request: 0.000015 seconds.
  path: Assets/CardTextures/Blue_PlayingCards_Club09_00.mat
  artifactKey: Guid(90355c70cea8ae24f94d99ed241a2f7f) Importer(815301076,1909f56bfc062723c751e8b465ee728b)
Start importing Assets/CardTextures/Blue_PlayingCards_Club09_00.mat using Guid(90355c70cea8ae24f94d99ed241a2f7f) Importer(815301076,1909f56bfc062723c751e8b465ee728b)  -> (artifact id: 'a0980716661910e847af3ec6a974b548') in 0.008296 seconds
Number of updated asset objects reloaded before import = 0
Number of asset objects unloaded after import = 3
========================================================================
Received Import Request.
  Time since last request: 0.000015 seconds.
  path: Assets/CardTextures/Blue_PlayingCards_Joker_10.mat
  artifactKey: Guid(170bed0ed799b12419386dfa46b79da7) Importer(815301076,1909f56bfc062723c751e8b465ee728b)
Start importing Assets/CardTextures/Blue_PlayingCards_Joker_10.mat using Guid(170bed0ed799b12419386dfa46b79da7) Importer(815301076,1909f56bfc062723c751e8b465ee728b)  -> (artifact id: '8b40f9db873bd3b094398776a3b0bb49') in 0.050416 seconds
Number of updated asset objects reloaded before import = 0
Number of asset objects unloaded after import = 3
========================================================================
Received Import Request.
  Time since last request: 0.000015 seconds.
  path: Assets/CardTextures/Blue_PlayingCards_Diamond04_00.mat
  artifactKey: Guid(4ad9b498c4631764482fd926f4395155) Importer(815301076,1909f56bfc062723c751e8b465ee728b)
Start importing Assets/CardTextures/Blue_PlayingCards_Diamond04_00.mat using Guid(4ad9b498c4631764482fd926f4395155) Importer(815301076,1909f56bfc062723c751e8b465ee728b)  -> (artifact id: '8268effdceb9105e3c643877f90ca5b9') in 0.005533 seconds
Number of updated asset objects reloaded before import = 0
Number of asset objects unloaded after import = 3
========================================================================
Received Import Request.
  Time since last request: 0.000015 seconds.
  path: Assets/CardTextures/Blue_PlayingCards_Club13_00.mat
  artifactKey: Guid(f5ce59837b3bfbe4fb67731b0bebcaf3) Importer(815301076,1909f56bfc062723c751e8b465ee728b)
Start importing Assets/CardTextures/Blue_PlayingCards_Club13_00.mat using Guid(f5ce59837b3bfbe4fb67731b0bebcaf3) Importer(815301076,1909f56bfc062723c751e8b465ee728b)  -> (artifact id: 'e8b8f49555e1008691c3e1aca938dc5e') in 0.009329 seconds
Number of updated asset objects reloaded before import = 0
Number of asset objects unloaded after import = 3
========================================================================
Received Import Request.
  Time since last request: 0.000023 seconds.
  path: Assets/CardTextures/Blue_PlayingCards_Heart07_00.mat
  artifactKey: Guid(8e2c95d34e77e474cbe044f41a7edd14) Importer(815301076,1909f56bfc062723c751e8b465ee728b)
Start importing Assets/CardTextures/Blue_PlayingCards_Heart07_00.mat using Guid(8e2c95d34e77e474cbe044f41a7edd14) Importer(815301076,1909f56bfc062723c751e8b465ee728b)  -> (artifact id: '376296fb5d73e8b91ca5b6f4c8892948') in 0.006943 seconds
Number of updated asset objects reloaded before import = 0
Number of asset objects unloaded after import = 3
========================================================================
Received Prepare
Begin MonoManager ReloadAssembly
- Loaded All Assemblies, in  0.647 seconds
Refreshing native plugins compatible for Editor in 2.31 ms, found 3 plugins.
Native extension for WindowsStandalone target not found
[Package Manager] Server::EnsureServerProcessIsRunning -- launch failed, reason: Unity was launched with the -noUpm command-line argument
[Package Manager] UpmClient::Send -- Unable to send message (not connected to UPM process).
[Package Manager] Cannot connect to Unity Package Manager local server
Mono: successfully reloaded assembly
- Finished resetting the current domain, in  1.214 seconds
Domain Reload Profiling: 1860ms
	BeginReloadAssembly (259ms)
		ExecutionOrderSort (0ms)
		DisableScriptedObjects (5ms)
		BackupInstance (0ms)
		ReleaseScriptingObjects (0ms)
		CreateAndSetChildDomain (95ms)
	RebuildCommonClasses (55ms)
	RebuildNativeTypeToScriptingClass (14ms)
	initialDomainReloadingComplete (55ms)
	LoadAllAssembliesAndSetupDomain (262ms)
		LoadAssemblies (369ms)
		RebuildTransferFunctionScriptingTraits (0ms)
		AnalyzeDomain (23ms)
			TypeCache.Refresh (9ms)
				TypeCache.ScanAssembly (1ms)
			ScanForSourceGeneratedMonoScriptInfo (7ms)
			ResolveRequiredComponents (6ms)
	FinalizeReload (1214ms)
		ReleaseScriptCaches (0ms)
		RebuildScriptCaches (0ms)
		SetupLoadedEditorAssemblies (431ms)
			LogAssemblyErrors (0ms)
			InitializePlatformSupportModulesInManaged (5ms)
			SetLoadedEditorAssemblies (4ms)
			RefreshPlugins (0ms)
			BeforeProcessingInitializeOnLoad (60ms)
			ProcessInitializeOnLoadAttributes (327ms)
			ProcessInitializeOnLoadMethodAttributes (30ms)
			AfterProcessingInitializeOnLoad (4ms)
			EditorAssembliesLoaded (0ms)
		ExecutionOrderSort2 (0ms)
		AwakeInstancesAfterBackupRestoration (16ms)
Refreshing native plugins compatible for Editor in 9.94 ms, found 3 plugins.
Preloading 0 native plugins for Editor in 0.00 ms.
Unloading 3111 Unused Serialized files (Serialized files now loaded: 0)
Unloading 23 unused Assets / (31.1 KB). Loaded Objects now: 3668.
Memory consumption went from 146.5 MB to 146.5 MB.
Total: 3.454000 ms (FindLiveObjects: 0.317300 ms CreateObjectMapping: 0.599100 ms MarkObjects: 2.484400 ms  DeleteObjects: 0.052000 ms)

Prepare: number of updated asset objects reloaded= 0
AssetImportParameters requested are different than current active one (requested -> active):
  custom:container-demuxer-ogg: 62fdf1f143b41e24485cea50d1cbac27 -> 
  custom:video-decoder-ogg-theora: a1e56fd34408186e4bbccfd4996cb3dc -> 
  custom:framework-win-MediaFoundation: 216162199b28c13a410421893ffa2e32 -> 
  custom:CustomObjectIndexerAttribute: 756ad292c208cfabdd7b50bc23989ffe -> 
  custom:container-demuxer-webm: 4f35f7cbe854078d1ac9338744f61a02 -> 
  custom:container-muxer-webm: aa71ff27fc2769a1b78a27578f13a17b -> 
  custom:video-decoder-webm-vp8: 9c59270c3fd7afecdb556c50c9e8de78 -> 
  custom:SearchIndexIgnoredProperties: e643bd26f0fe6173181afceb89e7c659 -> 
  custom:AudioImporter_EditorPlatform: d09bf68614088b80899f8185d706f6e7 -> 
  custom:video-encoder-webm-vp8: eb34c28f22e8b96e1ab97ce403110664 -> 
  custom:audio-decoder-ogg-vorbis: bf7c407c2cedff20999df2af8eb42d56 -> 
  custom:audio-encoder-webm-vorbis: bf7c407c2cedff20999df2af8eb42d56 -> 
========================================================================
Received Prepare
Begin MonoManager ReloadAssembly
- Loaded All Assemblies, in  0.898 seconds
Refreshing native plugins compatible for Editor in 4.44 ms, found 3 plugins.
Native extension for WindowsStandalone target not found
[Package Manager] Server::EnsureServerProcessIsRunning -- launch failed, reason: Unity was launched with the -noUpm command-line argument
[Package Manager] UpmClient::Send -- Unable to send message (not connected to UPM process).
[Package Manager] Cannot connect to Unity Package Manager local server
Mono: successfully reloaded assembly
- Finished resetting the current domain, in  1.400 seconds
Domain Reload Profiling: 2297ms
	BeginReloadAssembly (280ms)
		ExecutionOrderSort (0ms)
		DisableScriptedObjects (14ms)
		BackupInstance (0ms)
		ReleaseScriptingObjects (0ms)
		CreateAndSetChildDomain (43ms)
	RebuildCommonClasses (47ms)
	RebuildNativeTypeToScriptingClass (16ms)
	initialDomainReloadingComplete (78ms)
	LoadAllAssembliesAndSetupDomain (474ms)
		LoadAssemblies (588ms)
		RebuildTransferFunctionScriptingTraits (0ms)
		AnalyzeDomain (35ms)
			TypeCache.Refresh (12ms)
				TypeCache.ScanAssembly (1ms)
			ScanForSourceGeneratedMonoScriptInfo (9ms)
			ResolveRequiredComponents (13ms)
	FinalizeReload (1401ms)
		ReleaseScriptCaches (0ms)
		RebuildScriptCaches (0ms)
		SetupLoadedEditorAssemblies (778ms)
			LogAssemblyErrors (0ms)
			InitializePlatformSupportModulesInManaged (13ms)
			SetLoadedEditorAssemblies (4ms)
			RefreshPlugins (0ms)
			BeforeProcessingInitializeOnLoad (93ms)
			ProcessInitializeOnLoadAttributes (558ms)
			ProcessInitializeOnLoadMethodAttributes (103ms)
			AfterProcessingInitializeOnLoad (7ms)
			EditorAssembliesLoaded (0ms)
		ExecutionOrderSort2 (0ms)
		AwakeInstancesAfterBackupRestoration (22ms)
Refreshing native plugins compatible for Editor in 2.30 ms, found 3 plugins.
Preloading 0 native plugins for Editor in 0.00 ms.
Unloading 3112 Unused Serialized files (Serialized files now loaded: 0)
Unloading 23 unused Assets / (31.1 KB). Loaded Objects now: 3671.
Memory consumption went from 148.7 MB to 148.6 MB.
Total: 2.675900 ms (FindLiveObjects: 0.262800 ms CreateObjectMapping: 0.232800 ms MarkObjects: 2.134400 ms  DeleteObjects: 0.044900 ms)

Prepare: number of updated asset objects reloaded= 0
AssetImportParameters requested are different than current active one (requested -> active):
  custom:container-demuxer-ogg: 62fdf1f143b41e24485cea50d1cbac27 -> 
  custom:video-decoder-ogg-theora: a1e56fd34408186e4bbccfd4996cb3dc -> 
  custom:framework-win-MediaFoundation: 216162199b28c13a410421893ffa2e32 -> 
  custom:CustomObjectIndexerAttribute: 756ad292c208cfabdd7b50bc23989ffe -> 
  custom:container-demuxer-webm: 4f35f7cbe854078d1ac9338744f61a02 -> 
  custom:container-muxer-webm: aa71ff27fc2769a1b78a27578f13a17b -> 
  custom:video-decoder-webm-vp8: 9c59270c3fd7afecdb556c50c9e8de78 -> 
  custom:SearchIndexIgnoredProperties: e643bd26f0fe6173181afceb89e7c659 -> 
  custom:AudioImporter_EditorPlatform: d09bf68614088b80899f8185d706f6e7 -> 
  custom:video-encoder-webm-vp8: eb34c28f22e8b96e1ab97ce403110664 -> 
  custom:audio-decoder-ogg-vorbis: bf7c407c2cedff20999df2af8eb42d56 -> 
  custom:audio-encoder-webm-vorbis: bf7c407c2cedff20999df2af8eb42d56 -> 
========================================================================
Received Prepare
Begin MonoManager ReloadAssembly
- Loaded All Assemblies, in  0.904 seconds
Refreshing native plugins compatible for Editor in 2.41 ms, found 3 plugins.
Native extension for WindowsStandalone target not found
[Package Manager] Server::EnsureServerProcessIsRunning -- launch failed, reason: Unity was launched with the -noUpm command-line argument
[Package Manager] UpmClient::Send -- Unable to send message (not connected to UPM process).
[Package Manager] Cannot connect to Unity Package Manager local server
Mono: successfully reloaded assembly
- Finished resetting the current domain, in  2.866 seconds
Domain Reload Profiling: 3771ms
	BeginReloadAssembly (251ms)
		ExecutionOrderSort (0ms)
		DisableScriptedObjects (6ms)
		BackupInstance (0ms)
		ReleaseScriptingObjects (0ms)
		CreateAndSetChildDomain (56ms)
	RebuildCommonClasses (51ms)
	RebuildNativeTypeToScriptingClass (22ms)
	initialDomainReloadingComplete (46ms)
	LoadAllAssembliesAndSetupDomain (532ms)
		LoadAssemblies (623ms)
		RebuildTransferFunctionScriptingTraits (0ms)
		AnalyzeDomain (63ms)
			TypeCache.Refresh (16ms)
				TypeCache.ScanAssembly (0ms)
			ScanForSourceGeneratedMonoScriptInfo (0ms)
			ResolveRequiredComponents (43ms)
	FinalizeReload (2868ms)
		ReleaseScriptCaches (0ms)
		RebuildScriptCaches (0ms)
		SetupLoadedEditorAssemblies (1422ms)
			LogAssemblyErrors (0ms)
			InitializePlatformSupportModulesInManaged (19ms)
			SetLoadedEditorAssemblies (12ms)
			RefreshPlugins (0ms)
			BeforeProcessingInitializeOnLoad (193ms)
			ProcessInitializeOnLoadAttributes (1084ms)
			ProcessInitializeOnLoadMethodAttributes (104ms)
			AfterProcessingInitializeOnLoad (10ms)
			EditorAssembliesLoaded (0ms)
		ExecutionOrderSort2 (0ms)
		AwakeInstancesAfterBackupRestoration (41ms)
Refreshing native plugins compatible for Editor in 3.92 ms, found 3 plugins.
Preloading 0 native plugins for Editor in 0.00 ms.
Unloading 3112 Unused Serialized files (Serialized files now loaded: 0)
Unloading 23 unused Assets / (31.1 KB). Loaded Objects now: 3674.
Memory consumption went from 150.6 MB to 150.6 MB.
Total: 4.744700 ms (FindLiveObjects: 0.451200 ms CreateObjectMapping: 0.357100 ms MarkObjects: 3.814500 ms  DeleteObjects: 0.120500 ms)

Prepare: number of updated asset objects reloaded= 0
AssetImportParameters requested are different than current active one (requested -> active):
  custom:container-demuxer-ogg: 62fdf1f143b41e24485cea50d1cbac27 -> 
  custom:video-decoder-ogg-theora: a1e56fd34408186e4bbccfd4996cb3dc -> 
  custom:framework-win-MediaFoundation: 216162199b28c13a410421893ffa2e32 -> 
  custom:CustomObjectIndexerAttribute: 756ad292c208cfabdd7b50bc23989ffe -> 
  custom:container-demuxer-webm: 4f35f7cbe854078d1ac9338744f61a02 -> 
  custom:container-muxer-webm: aa71ff27fc2769a1b78a27578f13a17b -> 
  custom:video-decoder-webm-vp8: 9c59270c3fd7afecdb556c50c9e8de78 -> 
  custom:SearchIndexIgnoredProperties: e643bd26f0fe6173181afceb89e7c659 -> 
  custom:AudioImporter_EditorPlatform: d09bf68614088b80899f8185d706f6e7 -> 
  custom:video-encoder-webm-vp8: eb34c28f22e8b96e1ab97ce403110664 -> 
  custom:audio-decoder-ogg-vorbis: bf7c407c2cedff20999df2af8eb42d56 -> 
  custom:audio-encoder-webm-vorbis: bf7c407c2cedff20999df2af8eb42d56 -> 
Editor requested this worker to shutdown with reason: Scaling down because of idle timeout
TcpMessagingSession - receive error
AssetImportWorkerClient::OnTransportError - code=2 error=End of file
AssetImportWorker is now disconnected from the server
Process exiting
Exiting without the bug reporter. Application will terminate with return code 0