Using pre-set license
Built from '2021.3/staging' branch; Version is '2021.3.10f1 (1c7d0df0160b) revision 1867021'; Using compiler version '192829333'; Build Type 'Release'
OS: 'Windows 10  (10.0.19044) 64bit Education' Language: 'pl' Physical Memory: 32693 MB
BatchMode: 1, IsHumanControllingUs: 0, StartBugReporterOnCrash: 0, Is64bit: 1, IsPro: 1

COMMAND LINE ARGUMENTS:
C:\Program Files\Unity\Hub\Editor\2021.3.10f1\Editor\Unity.exe
-adb2
-batchMode
-noUpm
-name
AssetImportWorker1
-projectPath
C:/Users/student/Desktop/Unity-Laboratoria-main/My project
-logFile
Logs/AssetImportWorker1.log
-srvPort
52669
Successfully changed project path to: C:/Users/student/Desktop/Unity-Laboratoria-main/My project
C:/Users/student/Desktop/Unity-Laboratoria-main/My project
[UnityMemory] Configuration Parameters - Can be set up in boot.config
    "memorysetup-bucket-allocator-granularity=16"
    "memorysetup-bucket-allocator-bucket-count=8"
    "memorysetup-bucket-allocator-block-size=33554432"
    "memorysetup-bucket-allocator-block-count=8"
    "memorysetup-main-allocator-block-size=16777216"
    "memorysetup-thread-allocator-block-size=16777216"
    "memorysetup-gfx-main-allocator-block-size=16777216"
    "memorysetup-gfx-thread-allocator-block-size=16777216"
    "memorysetup-cache-allocator-block-size=4194304"
    "memorysetup-typetree-allocator-block-size=2097152"
    "memorysetup-profiler-bucket-allocator-granularity=16"
    "memorysetup-profiler-bucket-allocator-bucket-count=8"
    "memorysetup-profiler-bucket-allocator-block-size=33554432"
    "memorysetup-profiler-bucket-allocator-block-count=8"
    "memorysetup-profiler-allocator-block-size=16777216"
    "memorysetup-profiler-editor-allocator-block-size=1048576"
    "memorysetup-temp-allocator-size-main=16777216"
    "memorysetup-job-temp-allocator-block-size=2097152"
    "memorysetup-job-temp-allocator-block-size-background=1048576"
    "memorysetup-job-temp-allocator-reduction-small-platforms=262144"
    "memorysetup-temp-allocator-size-background-worker=32768"
    "memorysetup-temp-allocator-size-job-worker=262144"
    "memorysetup-temp-allocator-size-preload-manager=33554432"
    "memorysetup-temp-allocator-size-nav-mesh-worker=65536"
    "memorysetup-temp-allocator-size-audio-worker=65536"
    "memorysetup-temp-allocator-size-cloud-worker=32768"
    "memorysetup-temp-allocator-size-gi-baking-worker=262144"
    "memorysetup-temp-allocator-size-gfx=262144"
Refreshing native plugins compatible for Editor in 81.38 ms, found 3 plugins.
Preloading 0 native plugins for Editor in 0.00 ms.
Initialize engine version: 2021.3.10f1 (1c7d0df0160b)
[Subsystems] Discovering subsystems at path C:/Program Files/Unity/Hub/Editor/2021.3.10f1/Editor/Data/Resources/UnitySubsystems
[Subsystems] Discovering subsystems at path C:/Users/student/Desktop/Unity-Laboratoria-main/My project/Assets
GfxDevice: creating device client; threaded=0; jobified=0
Direct3D:
    Version:  Direct3D 11.0 [level 11.1]
    Renderer: NVIDIA GeForce GTX 1070 (ID=0x1b81)
    Vendor:   NVIDIA
    VRAM:     8081 MB
    Driver:   31.0.15.3623
Initialize mono
Mono path[0] = 'C:/Program Files/Unity/Hub/Editor/2021.3.10f1/Editor/Data/Managed'
Mono path[1] = 'C:/Program Files/Unity/Hub/Editor/2021.3.10f1/Editor/Data/MonoBleedingEdge/lib/mono/unityjit-win32'
Mono config path = 'C:/Program Files/Unity/Hub/Editor/2021.3.10f1/Editor/Data/MonoBleedingEdge/etc'
Using monoOptions --debugger-agent=transport=dt_socket,embedding=1,server=y,suspend=n,address=127.0.0.1:56400
Begin MonoManager ReloadAssembly
Registering precompiled unity dll's ...
Register platform support module: C:/Program Files/Unity/Hub/Editor/2021.3.10f1/Editor/Data/PlaybackEngines/WebGLSupport/UnityEditor.WebGL.Extensions.dll
Register platform support module: C:/Program Files/Unity/Hub/Editor/2021.3.10f1/Editor/Data/PlaybackEngines/WindowsStandaloneSupport/UnityEditor.WindowsStandalone.Extensions.dll
Registered in 0.009575 seconds.
Native extension for WindowsStandalone target not found
Native extension for WebGL target not found
Refreshing native plugins compatible for Editor in 89.06 ms, found 3 plugins.
Preloading 0 native plugins for Editor in 0.00 ms.
Mono: successfully reloaded assembly
- Completed reload, in  0.699 seconds
Domain Reload Profiling:
	ReloadAssembly (699ms)
		BeginReloadAssembly (75ms)
			ExecutionOrderSort (0ms)
			DisableScriptedObjects (0ms)
			BackupInstance (0ms)
			ReleaseScriptingObjects (0ms)
			CreateAndSetChildDomain (1ms)
		EndReloadAssembly (504ms)
			LoadAssemblies (73ms)
			RebuildTransferFunctionScriptingTraits (0ms)
			SetupTypeCache (111ms)
			ReleaseScriptCaches (0ms)
			RebuildScriptCaches (31ms)
			SetupLoadedEditorAssemblies (308ms)
				LogAssemblyErrors (0ms)
				InitializePlatformSupportModulesInManaged (9ms)
				SetLoadedEditorAssemblies (0ms)
				RefreshPlugins (89ms)
				BeforeProcessingInitializeOnLoad (1ms)
				ProcessInitializeOnLoadAttributes (155ms)
				ProcessInitializeOnLoadMethodAttributes (53ms)
				AfterProcessingInitializeOnLoad (0ms)
				EditorAssembliesLoaded (0ms)
			ExecutionOrderSort2 (0ms)
			AwakeInstancesAfterBackupRestoration (0ms)
Platform modules already initialized, skipping
Registering precompiled user dll's ...
Registered in 0.005674 seconds.
Begin MonoManager ReloadAssembly
Native extension for WindowsStandalone target not found
Native extension for WebGL target not found
Refreshing native plugins compatible for Editor in 0.72 ms, found 3 plugins.
Preloading 0 native plugins for Editor in 0.00 ms.
Mono: successfully reloaded assembly
- Completed reload, in  1.041 seconds
Domain Reload Profiling:
	ReloadAssembly (1042ms)
		BeginReloadAssembly (114ms)
			ExecutionOrderSort (0ms)
			DisableScriptedObjects (6ms)
			BackupInstance (0ms)
			ReleaseScriptingObjects (0ms)
			CreateAndSetChildDomain (19ms)
		EndReloadAssembly (805ms)
			LoadAssemblies (84ms)
			RebuildTransferFunctionScriptingTraits (0ms)
			SetupTypeCache (253ms)
			ReleaseScriptCaches (1ms)
			RebuildScriptCaches (47ms)
			SetupLoadedEditorAssemblies (391ms)
				LogAssemblyErrors (0ms)
				InitializePlatformSupportModulesInManaged (10ms)
				SetLoadedEditorAssemblies (1ms)
				RefreshPlugins (1ms)
				BeforeProcessingInitializeOnLoad (83ms)
				ProcessInitializeOnLoadAttributes (269ms)
				ProcessInitializeOnLoadMethodAttributes (19ms)
				AfterProcessingInitializeOnLoad (8ms)
				EditorAssembliesLoaded (0ms)
			ExecutionOrderSort2 (0ms)
			AwakeInstancesAfterBackupRestoration (6ms)
Platform modules already initialized, skipping
========================================================================
Worker process is ready to serve import requests
Launched and connected shader compiler UnityShaderCompiler.exe after 0.05 seconds
Refreshing native plugins compatible for Editor in 0.91 ms, found 3 plugins.
Preloading 0 native plugins for Editor in 0.00 ms.
Unloading 3098 Unused Serialized files (Serialized files now loaded: 0)
Unloading 22 unused Assets / (56.5 KB). Loaded Objects now: 3563.
Memory consumption went from 112.9 MB to 112.8 MB.
Total: 3.708100 ms (FindLiveObjects: 0.269900 ms CreateObjectMapping: 0.176300 ms MarkObjects: 3.159600 ms  DeleteObjects: 0.100800 ms)

AssetImportParameters requested are different than current active one (requested -> active):
  custom:video-decoder-ogg-theora: a1e56fd34408186e4bbccfd4996cb3dc -> 
  custom:container-muxer-webm: aa71ff27fc2769a1b78a27578f13a17b -> 
  custom:container-demuxer-webm: 4f35f7cbe854078d1ac9338744f61a02 -> 
  custom:video-encoder-webm-vp8: eb34c28f22e8b96e1ab97ce403110664 -> 
  custom:audio-encoder-webm-vorbis: bf7c407c2cedff20999df2af8eb42d56 -> 
  custom:framework-win-MediaFoundation: 216162199b28c13a410421893ffa2e32 -> 
  custom:container-demuxer-ogg: 62fdf1f143b41e24485cea50d1cbac27 -> 
  custom:video-decoder-webm-vp8: 9c59270c3fd7afecdb556c50c9e8de78 -> 
  custom:audio-decoder-ogg-vorbis: bf7c407c2cedff20999df2af8eb42d56 -> 
========================================================================
Received Prepare
Registering precompiled user dll's ...
Registered in 0.004847 seconds.
Begin MonoManager ReloadAssembly
Native extension for WindowsStandalone target not found
Native extension for WebGL target not found
Refreshing native plugins compatible for Editor in 0.69 ms, found 3 plugins.
Preloading 0 native plugins for Editor in 0.00 ms.
Mono: successfully reloaded assembly
- Completed reload, in  1.260 seconds
Domain Reload Profiling:
	ReloadAssembly (1260ms)
		BeginReloadAssembly (149ms)
			ExecutionOrderSort (0ms)
			DisableScriptedObjects (6ms)
			BackupInstance (0ms)
			ReleaseScriptingObjects (0ms)
			CreateAndSetChildDomain (33ms)
		EndReloadAssembly (980ms)
			LoadAssemblies (100ms)
			RebuildTransferFunctionScriptingTraits (1ms)
			SetupTypeCache (356ms)
			ReleaseScriptCaches (1ms)
			RebuildScriptCaches (49ms)
			SetupLoadedEditorAssemblies (423ms)
				LogAssemblyErrors (0ms)
				InitializePlatformSupportModulesInManaged (18ms)
				SetLoadedEditorAssemblies (1ms)
				RefreshPlugins (1ms)
				BeforeProcessingInitializeOnLoad (76ms)
				ProcessInitializeOnLoadAttributes (294ms)
				ProcessInitializeOnLoadMethodAttributes (23ms)
				AfterProcessingInitializeOnLoad (11ms)
				EditorAssembliesLoaded (0ms)
			ExecutionOrderSort2 (0ms)
			AwakeInstancesAfterBackupRestoration (7ms)
Platform modules already initialized, skipping
Refreshing native plugins compatible for Editor in 2.15 ms, found 3 plugins.
Preloading 0 native plugins for Editor in 0.00 ms.
Unloading 3077 Unused Serialized files (Serialized files now loaded: 0)
Unloading 15 unused Assets / (24.7 KB). Loaded Objects now: 3566.
Memory consumption went from 111.1 MB to 111.1 MB.
Total: 2.761700 ms (FindLiveObjects: 0.307800 ms CreateObjectMapping: 0.249000 ms MarkObjects: 2.175200 ms  DeleteObjects: 0.028400 ms)

AssetImportParameters requested are different than current active one (requested -> active):
  custom:video-decoder-ogg-theora: a1e56fd34408186e4bbccfd4996cb3dc -> 
  custom:container-muxer-webm: aa71ff27fc2769a1b78a27578f13a17b -> 
  custom:container-demuxer-webm: 4f35f7cbe854078d1ac9338744f61a02 -> 
  custom:video-encoder-webm-vp8: eb34c28f22e8b96e1ab97ce403110664 -> 
  custom:audio-encoder-webm-vorbis: bf7c407c2cedff20999df2af8eb42d56 -> 
  custom:framework-win-MediaFoundation: 216162199b28c13a410421893ffa2e32 -> 
  custom:container-demuxer-ogg: 62fdf1f143b41e24485cea50d1cbac27 -> 
  custom:video-decoder-webm-vp8: 9c59270c3fd7afecdb556c50c9e8de78 -> 
  custom:audio-decoder-ogg-vorbis: bf7c407c2cedff20999df2af8eb42d56 -> 
========================================================================
Received Prepare
Registering precompiled user dll's ...
Registered in 0.008712 seconds.
Begin MonoManager ReloadAssembly
Native extension for WindowsStandalone target not found
Native extension for WebGL target not found
Refreshing native plugins compatible for Editor in 0.83 ms, found 3 plugins.
Preloading 0 native plugins for Editor in 0.00 ms.
Mono: successfully reloaded assembly
- Completed reload, in  1.250 seconds
Domain Reload Profiling:
	ReloadAssembly (1250ms)
		BeginReloadAssembly (138ms)
			ExecutionOrderSort (0ms)
			DisableScriptedObjects (7ms)
			BackupInstance (0ms)
			ReleaseScriptingObjects (0ms)
			CreateAndSetChildDomain (32ms)
		EndReloadAssembly (987ms)
			LoadAssemblies (92ms)
			RebuildTransferFunctionScriptingTraits (0ms)
			SetupTypeCache (338ms)
			ReleaseScriptCaches (1ms)
			RebuildScriptCaches (53ms)
			SetupLoadedEditorAssemblies (439ms)
				LogAssemblyErrors (0ms)
				InitializePlatformSupportModulesInManaged (19ms)
				SetLoadedEditorAssemblies (1ms)
				RefreshPlugins (1ms)
				BeforeProcessingInitializeOnLoad (76ms)
				ProcessInitializeOnLoadAttributes (307ms)
				ProcessInitializeOnLoadMethodAttributes (23ms)
				AfterProcessingInitializeOnLoad (13ms)
				EditorAssembliesLoaded (0ms)
			ExecutionOrderSort2 (0ms)
			AwakeInstancesAfterBackupRestoration (9ms)
Platform modules already initialized, skipping
Refreshing native plugins compatible for Editor in 2.79 ms, found 3 plugins.
Preloading 0 native plugins for Editor in 0.00 ms.
Unloading 3077 Unused Serialized files (Serialized files now loaded: 0)
Unloading 15 unused Assets / (24.7 KB). Loaded Objects now: 3569.
Memory consumption went from 111.1 MB to 111.1 MB.
Total: 3.298100 ms (FindLiveObjects: 0.349500 ms CreateObjectMapping: 0.183500 ms MarkObjects: 2.733000 ms  DeleteObjects: 0.030700 ms)

AssetImportParameters requested are different than current active one (requested -> active):
  custom:video-decoder-ogg-theora: a1e56fd34408186e4bbccfd4996cb3dc -> 
  custom:container-muxer-webm: aa71ff27fc2769a1b78a27578f13a17b -> 
  custom:container-demuxer-webm: 4f35f7cbe854078d1ac9338744f61a02 -> 
  custom:video-encoder-webm-vp8: eb34c28f22e8b96e1ab97ce403110664 -> 
  custom:audio-encoder-webm-vorbis: bf7c407c2cedff20999df2af8eb42d56 -> 
  custom:framework-win-MediaFoundation: 216162199b28c13a410421893ffa2e32 -> 
  custom:container-demuxer-ogg: 62fdf1f143b41e24485cea50d1cbac27 -> 
  custom:video-decoder-webm-vp8: 9c59270c3fd7afecdb556c50c9e8de78 -> 
  custom:audio-decoder-ogg-vorbis: bf7c407c2cedff20999df2af8eb42d56 -> 
========================================================================
Received Prepare
Registering precompiled user dll's ...
Registered in 0.005720 seconds.
Begin MonoManager ReloadAssembly
Native extension for WindowsStandalone target not found
Native extension for WebGL target not found
Refreshing native plugins compatible for Editor in 0.95 ms, found 3 plugins.
Preloading 0 native plugins for Editor in 0.00 ms.
Mono: successfully reloaded assembly
- Completed reload, in  1.324 seconds
Domain Reload Profiling:
	ReloadAssembly (1325ms)
		BeginReloadAssembly (153ms)
			ExecutionOrderSort (0ms)
			DisableScriptedObjects (5ms)
			BackupInstance (0ms)
			ReleaseScriptingObjects (0ms)
			CreateAndSetChildDomain (41ms)
		EndReloadAssembly (1060ms)
			LoadAssemblies (95ms)
			RebuildTransferFunctionScriptingTraits (0ms)
			SetupTypeCache (382ms)
			ReleaseScriptCaches (2ms)
			RebuildScriptCaches (56ms)
			SetupLoadedEditorAssemblies (468ms)
				LogAssemblyErrors (0ms)
				InitializePlatformSupportModulesInManaged (20ms)
				SetLoadedEditorAssemblies (1ms)
				RefreshPlugins (1ms)
				BeforeProcessingInitializeOnLoad (81ms)
				ProcessInitializeOnLoadAttributes (333ms)
				ProcessInitializeOnLoadMethodAttributes (21ms)
				AfterProcessingInitializeOnLoad (12ms)
				EditorAssembliesLoaded (0ms)
			ExecutionOrderSort2 (0ms)
			AwakeInstancesAfterBackupRestoration (10ms)
Platform modules already initialized, skipping
Refreshing native plugins compatible for Editor in 2.47 ms, found 3 plugins.
Preloading 0 native plugins for Editor in 0.00 ms.
Unloading 3077 Unused Serialized files (Serialized files now loaded: 0)
Unloading 15 unused Assets / (24.6 KB). Loaded Objects now: 3572.
Memory consumption went from 111.1 MB to 111.1 MB.
Total: 3.655100 ms (FindLiveObjects: 0.248300 ms CreateObjectMapping: 0.154800 ms MarkObjects: 3.214400 ms  DeleteObjects: 0.036500 ms)

AssetImportParameters requested are different than current active one (requested -> active):
  custom:video-decoder-ogg-theora: a1e56fd34408186e4bbccfd4996cb3dc -> 
  custom:container-muxer-webm: aa71ff27fc2769a1b78a27578f13a17b -> 
  custom:container-demuxer-webm: 4f35f7cbe854078d1ac9338744f61a02 -> 
  custom:video-encoder-webm-vp8: eb34c28f22e8b96e1ab97ce403110664 -> 
  custom:audio-encoder-webm-vorbis: bf7c407c2cedff20999df2af8eb42d56 -> 
  custom:framework-win-MediaFoundation: 216162199b28c13a410421893ffa2e32 -> 
  custom:container-demuxer-ogg: 62fdf1f143b41e24485cea50d1cbac27 -> 
  custom:video-decoder-webm-vp8: 9c59270c3fd7afecdb556c50c9e8de78 -> 
  custom:audio-decoder-ogg-vorbis: bf7c407c2cedff20999df2af8eb42d56 -> 
========================================================================
Received Prepare
Registering precompiled user dll's ...
Registered in 0.006717 seconds.
Begin MonoManager ReloadAssembly
Native extension for WindowsStandalone target not found
Native extension for WebGL target not found
Refreshing native plugins compatible for Editor in 0.70 ms, found 3 plugins.
Preloading 0 native plugins for Editor in 0.00 ms.
Mono: successfully reloaded assembly
- Completed reload, in  1.458 seconds
Domain Reload Profiling:
	ReloadAssembly (1459ms)
		BeginReloadAssembly (145ms)
			ExecutionOrderSort (0ms)
			DisableScriptedObjects (6ms)
			BackupInstance (0ms)
			ReleaseScriptingObjects (0ms)
			CreateAndSetChildDomain (34ms)
		EndReloadAssembly (1196ms)
			LoadAssemblies (103ms)
			RebuildTransferFunctionScriptingTraits (0ms)
			SetupTypeCache (364ms)
			ReleaseScriptCaches (1ms)
			RebuildScriptCaches (63ms)
			SetupLoadedEditorAssemblies (568ms)
				LogAssemblyErrors (0ms)
				InitializePlatformSupportModulesInManaged (19ms)
				SetLoadedEditorAssemblies (0ms)
				RefreshPlugins (1ms)
				BeforeProcessingInitializeOnLoad (94ms)
				ProcessInitializeOnLoadAttributes (404ms)
				ProcessInitializeOnLoadMethodAttributes (33ms)
				AfterProcessingInitializeOnLoad (17ms)
				EditorAssembliesLoaded (0ms)
			ExecutionOrderSort2 (0ms)
			AwakeInstancesAfterBackupRestoration (24ms)
Platform modules already initialized, skipping
Refreshing native plugins compatible for Editor in 2.99 ms, found 3 plugins.
Preloading 0 native plugins for Editor in 0.00 ms.
Unloading 3077 Unused Serialized files (Serialized files now loaded: 0)
Unloading 15 unused Assets / (24.6 KB). Loaded Objects now: 3575.
Memory consumption went from 111.1 MB to 111.1 MB.
Total: 3.243800 ms (FindLiveObjects: 0.256300 ms CreateObjectMapping: 0.168300 ms MarkObjects: 2.783500 ms  DeleteObjects: 0.034600 ms)

AssetImportParameters requested are different than current active one (requested -> active):
  custom:video-decoder-ogg-theora: a1e56fd34408186e4bbccfd4996cb3dc -> 
  custom:container-muxer-webm: aa71ff27fc2769a1b78a27578f13a17b -> 
  custom:container-demuxer-webm: 4f35f7cbe854078d1ac9338744f61a02 -> 
  custom:video-encoder-webm-vp8: eb34c28f22e8b96e1ab97ce403110664 -> 
  custom:audio-encoder-webm-vorbis: bf7c407c2cedff20999df2af8eb42d56 -> 
  custom:framework-win-MediaFoundation: 216162199b28c13a410421893ffa2e32 -> 
  custom:container-demuxer-ogg: 62fdf1f143b41e24485cea50d1cbac27 -> 
  custom:video-decoder-webm-vp8: 9c59270c3fd7afecdb556c50c9e8de78 -> 
  custom:audio-decoder-ogg-vorbis: bf7c407c2cedff20999df2af8eb42d56 -> 
========================================================================
Received Prepare
Registering precompiled user dll's ...
Registered in 0.005343 seconds.
Begin MonoManager ReloadAssembly
Native extension for WindowsStandalone target not found
Native extension for WebGL target not found
Refreshing native plugins compatible for Editor in 0.66 ms, found 3 plugins.
Preloading 0 native plugins for Editor in 0.00 ms.
Mono: successfully reloaded assembly
- Completed reload, in  1.275 seconds
Domain Reload Profiling:
	ReloadAssembly (1276ms)
		BeginReloadAssembly (172ms)
			ExecutionOrderSort (0ms)
			DisableScriptedObjects (6ms)
			BackupInstance (0ms)
			ReleaseScriptingObjects (0ms)
			CreateAndSetChildDomain (47ms)
		EndReloadAssembly (976ms)
			LoadAssemblies (107ms)
			RebuildTransferFunctionScriptingTraits (0ms)
			SetupTypeCache (310ms)
			ReleaseScriptCaches (1ms)
			RebuildScriptCaches (64ms)
			SetupLoadedEditorAssemblies (441ms)
				LogAssemblyErrors (0ms)
				InitializePlatformSupportModulesInManaged (23ms)
				SetLoadedEditorAssemblies (1ms)
				RefreshPlugins (1ms)
				BeforeProcessingInitializeOnLoad (78ms)
				ProcessInitializeOnLoadAttributes (305ms)
				ProcessInitializeOnLoadMethodAttributes (22ms)
				AfterProcessingInitializeOnLoad (11ms)
				EditorAssembliesLoaded (0ms)
			ExecutionOrderSort2 (0ms)
			AwakeInstancesAfterBackupRestoration (7ms)
Platform modules already initialized, skipping
Refreshing native plugins compatible for Editor in 2.06 ms, found 3 plugins.
Preloading 0 native plugins for Editor in 0.00 ms.
Unloading 3077 Unused Serialized files (Serialized files now loaded: 0)
Unloading 15 unused Assets / (24.7 KB). Loaded Objects now: 3578.
Memory consumption went from 111.1 MB to 111.1 MB.
Total: 3.199400 ms (FindLiveObjects: 0.315900 ms CreateObjectMapping: 0.198600 ms MarkObjects: 2.653800 ms  DeleteObjects: 0.030000 ms)

AssetImportParameters requested are different than current active one (requested -> active):
  custom:video-decoder-ogg-theora: a1e56fd34408186e4bbccfd4996cb3dc -> 
  custom:container-muxer-webm: aa71ff27fc2769a1b78a27578f13a17b -> 
  custom:container-demuxer-webm: 4f35f7cbe854078d1ac9338744f61a02 -> 
  custom:video-encoder-webm-vp8: eb34c28f22e8b96e1ab97ce403110664 -> 
  custom:audio-encoder-webm-vorbis: bf7c407c2cedff20999df2af8eb42d56 -> 
  custom:framework-win-MediaFoundation: 216162199b28c13a410421893ffa2e32 -> 
  custom:container-demuxer-ogg: 62fdf1f143b41e24485cea50d1cbac27 -> 
  custom:video-decoder-webm-vp8: 9c59270c3fd7afecdb556c50c9e8de78 -> 
  custom:audio-decoder-ogg-vorbis: bf7c407c2cedff20999df2af8eb42d56 -> 
========================================================================
Received Import Request.
  Time since last request: 15879.021596 seconds.
  path: Assets/Resources/BackColor_Blue.png
  artifactKey: Guid(2adfb989a86cb6b4bb9f3c34340f95a4) Importer(815301076,1909f56bfc062723c751e8b465ee728b)
Start importing Assets/Resources/BackColor_Blue.png using Guid(2adfb989a86cb6b4bb9f3c34340f95a4) Importer(815301076,1909f56bfc062723c751e8b465ee728b)  -> (artifact id: '145ac708994227548ced84cb5dde9264') in 0.197890 seconds 
========================================================================
Received Import Request.
  Time since last request: 0.000027 seconds.
  path: Assets/Resources/Spade11.png
  artifactKey: Guid(3a3420aa8534d6541a16bb91e475387a) Importer(815301076,1909f56bfc062723c751e8b465ee728b)
Start importing Assets/Resources/Spade11.png using Guid(3a3420aa8534d6541a16bb91e475387a) Importer(815301076,1909f56bfc062723c751e8b465ee728b)  -> (artifact id: 'b42e029c7a0e1069d0032ecf64faa1a5') in 0.028909 seconds 
========================================================================
Received Import Request.
  Time since last request: 0.000044 seconds.
  path: Assets/Resources/Diamond12.png
  artifactKey: Guid(9debd26a7c659fd4f80be09f764bae7a) Importer(815301076,1909f56bfc062723c751e8b465ee728b)
Start importing Assets/Resources/Diamond12.png using Guid(9debd26a7c659fd4f80be09f764bae7a) Importer(815301076,1909f56bfc062723c751e8b465ee728b)  -> (artifact id: 'dce75543644d25a9d0faad9f4ff36fc1') in 0.028871 seconds 
========================================================================
Received Import Request.
  Time since last request: 0.000030 seconds.
  path: Assets/Resources/Spade09.png
  artifactKey: Guid(01f6c8c242c8b0a4587efde7d0d73395) Importer(815301076,1909f56bfc062723c751e8b465ee728b)
Start importing Assets/Resources/Spade09.png using Guid(01f6c8c242c8b0a4587efde7d0d73395) Importer(815301076,1909f56bfc062723c751e8b465ee728b)  -> (artifact id: '4625347ab7d21f473c9fdb630d397f66') in 0.026045 seconds 
========================================================================
Received Import Request.
  Time since last request: 0.000029 seconds.
  path: Assets/Resources/Spade01.png
  artifactKey: Guid(4e6b4dc67bab5b047b88ef915932104a) Importer(815301076,1909f56bfc062723c751e8b465ee728b)
Start importing Assets/Resources/Spade01.png using Guid(4e6b4dc67bab5b047b88ef915932104a) Importer(815301076,1909f56bfc062723c751e8b465ee728b)  -> (artifact id: '9f4bf779d94cc0baf2f811ff8ab5d7eb') in 0.023629 seconds 
========================================================================
Received Import Request.
  Time since last request: 0.000023 seconds.
  path: Assets/Resources/Heart06.png
  artifactKey: Guid(ab0236daa98aa4345a625d7293a575c8) Importer(815301076,1909f56bfc062723c751e8b465ee728b)
Start importing Assets/Resources/Heart06.png using Guid(ab0236daa98aa4345a625d7293a575c8) Importer(815301076,1909f56bfc062723c751e8b465ee728b)  -> (artifact id: '0291a4035d76b6e0d48d2cd693389099') in 0.027404 seconds 
========================================================================
Received Import Request.
  Time since last request: 0.000021 seconds.
  path: Assets/Resources/Spade08.png
  artifactKey: Guid(2517ce36219c54e48bc52f179376e682) Importer(815301076,1909f56bfc062723c751e8b465ee728b)
Start importing Assets/Resources/Spade08.png using Guid(2517ce36219c54e48bc52f179376e682) Importer(815301076,1909f56bfc062723c751e8b465ee728b)  -> (artifact id: '33c8d78fdffb5ef7d89cb55ff358f93d') in 0.025908 seconds 
========================================================================
Received Import Request.
  Time since last request: 0.000029 seconds.
  path: Assets/Resources/Heart04.png
  artifactKey: Guid(7721e0606ff1e2d4999a4b299d4d927f) Importer(815301076,1909f56bfc062723c751e8b465ee728b)
Start importing Assets/Resources/Heart04.png using Guid(7721e0606ff1e2d4999a4b299d4d927f) Importer(815301076,1909f56bfc062723c751e8b465ee728b)  -> (artifact id: '224a5df00badebd094d7d1b54b25bbaa') in 0.026043 seconds 
========================================================================
Received Import Request.
  Time since last request: 0.000021 seconds.
  path: Assets/Resources/Diamond06.png
  artifactKey: Guid(6e50f46e7e8f7fb4bae03e22f2d8a8da) Importer(815301076,1909f56bfc062723c751e8b465ee728b)
Start importing Assets/Resources/Diamond06.png using Guid(6e50f46e7e8f7fb4bae03e22f2d8a8da) Importer(815301076,1909f56bfc062723c751e8b465ee728b)  -> (artifact id: 'e30d56376bbe44134676123fad0f796c') in 0.026415 seconds 
========================================================================
Received Import Request.
  Time since last request: 0.000046 seconds.
  path: Assets/Resources/Club10.png
  artifactKey: Guid(c98f3399d607a6e4f8dc80a721a0b1f3) Importer(815301076,1909f56bfc062723c751e8b465ee728b)
Start importing Assets/Resources/Club10.png using Guid(c98f3399d607a6e4f8dc80a721a0b1f3) Importer(815301076,1909f56bfc062723c751e8b465ee728b)  -> (artifact id: 'dd7da9ffabb21fa90b84def60a4cab85') in 0.026605 seconds 
========================================================================
Received Import Request.
  Time since last request: 0.000037 seconds.
  path: Assets/Resources/Diamond13.png
  artifactKey: Guid(935bb37faf3ff4b48ab5f62649047a96) Importer(815301076,1909f56bfc062723c751e8b465ee728b)
Start importing Assets/Resources/Diamond13.png using Guid(935bb37faf3ff4b48ab5f62649047a96) Importer(815301076,1909f56bfc062723c751e8b465ee728b)  -> (artifact id: 'f11fd0c5623fbad493624f6677ceab0a') in 0.031858 seconds 
========================================================================
Received Import Request.
  Time since last request: 0.000025 seconds.
  path: Assets/Resources/Club02.png
  artifactKey: Guid(f900406115738174088242be47372d4d) Importer(815301076,1909f56bfc062723c751e8b465ee728b)
Start importing Assets/Resources/Club02.png using Guid(f900406115738174088242be47372d4d) Importer(815301076,1909f56bfc062723c751e8b465ee728b)  -> (artifact id: '9b39e1b311d8a5e21cb15d8ca5ccd803') in 0.026862 seconds 
========================================================================
Received Import Request.
  Time since last request: 0.000020 seconds.
  path: Assets/Resources/Diamond07.png
  artifactKey: Guid(233326f1366d8c84f854afafa76af345) Importer(815301076,1909f56bfc062723c751e8b465ee728b)
Start importing Assets/Resources/Diamond07.png using Guid(233326f1366d8c84f854afafa76af345) Importer(815301076,1909f56bfc062723c751e8b465ee728b)  -> (artifact id: 'af0bc0f23b4eb50c75f75d4e9d84f2cf') in 0.027746 seconds 
========================================================================
Received Import Request.
  Time since last request: 0.000023 seconds.
  path: Assets/Resources/Club04.png
  artifactKey: Guid(f7410727da62b844a91a015228cc0bb7) Importer(815301076,1909f56bfc062723c751e8b465ee728b)
Start importing Assets/Resources/Club04.png using Guid(f7410727da62b844a91a015228cc0bb7) Importer(815301076,1909f56bfc062723c751e8b465ee728b)  -> (artifact id: 'd8cbb5041e962cb3e00f9f354885ec5b') in 0.025863 seconds 
========================================================================
Received Import Request.
  Time since last request: 0.000020 seconds.
  path: Assets/Resources/Diamond03.png
  artifactKey: Guid(fc0af457757f8bc44a5f2b726a6d9753) Importer(815301076,1909f56bfc062723c751e8b465ee728b)
Start importing Assets/Resources/Diamond03.png using Guid(fc0af457757f8bc44a5f2b726a6d9753) Importer(815301076,1909f56bfc062723c751e8b465ee728b)  -> (artifact id: '47d7e24e876e14e1ce5ee763d2364788') in 0.028714 seconds 
========================================================================
Received Import Request.
  Time since last request: 0.000023 seconds.
  path: Assets/Resources/Club08.png
  artifactKey: Guid(9a085b8d02a99ab41a940c11be0feaa1) Importer(815301076,1909f56bfc062723c751e8b465ee728b)
Start importing Assets/Resources/Club08.png using Guid(9a085b8d02a99ab41a940c11be0feaa1) Importer(815301076,1909f56bfc062723c751e8b465ee728b)  -> (artifact id: '47300317fbe8ce718b4ec507f4aebde9') in 0.022398 seconds 
========================================================================
Received Import Request.
  Time since last request: 0.000019 seconds.
  path: Assets/Resources/Club13.png
  artifactKey: Guid(3b6470a363aafe1409d3ac3f9e86483a) Importer(815301076,1909f56bfc062723c751e8b465ee728b)
Start importing Assets/Resources/Club13.png using Guid(3b6470a363aafe1409d3ac3f9e86483a) Importer(815301076,1909f56bfc062723c751e8b465ee728b)  -> (artifact id: 'f59dfd29e0b2032620ced67218d9a73d') in 0.026432 seconds 
========================================================================
Received Import Request.
  Time since last request: 0.000026 seconds.
  path: Assets/Resources/Club06.png
  artifactKey: Guid(5dafa72ea52c85f408aa36d6e8e3d990) Importer(815301076,1909f56bfc062723c751e8b465ee728b)
Start importing Assets/Resources/Club06.png using Guid(5dafa72ea52c85f408aa36d6e8e3d990) Importer(815301076,1909f56bfc062723c751e8b465ee728b)  -> (artifact id: 'c9065a92b090d28bbc82a84ee37d9b62') in 0.024599 seconds 
========================================================================
Received Import Request.
  Time since last request: 0.000032 seconds.
  path: Assets/Resources/Joker_Color.png
  artifactKey: Guid(c0051e8a5d04a4045ba4dbfd6dd7ee91) Importer(815301076,1909f56bfc062723c751e8b465ee728b)
Start importing Assets/Resources/Joker_Color.png using Guid(c0051e8a5d04a4045ba4dbfd6dd7ee91) Importer(815301076,1909f56bfc062723c751e8b465ee728b)  -> (artifact id: '6f8e0d435cdf3074e90af1bcf0d0f000') in 0.027030 seconds 
========================================================================
Received Import Request.
  Time since last request: 0.000022 seconds.
  path: Assets/Resources/Diamond05.png
  artifactKey: Guid(a74c6eef7f5c45d4f957ebb3c8f03179) Importer(815301076,1909f56bfc062723c751e8b465ee728b)
Start importing Assets/Resources/Diamond05.png using Guid(a74c6eef7f5c45d4f957ebb3c8f03179) Importer(815301076,1909f56bfc062723c751e8b465ee728b)  -> (artifact id: '5bb80487ecc6bcbf6b48dec9eb41b50f') in 0.028347 seconds 
========================================================================
Received Import Request.
  Time since last request: 0.000020 seconds.
  path: Assets/Resources/Heart01.png
  artifactKey: Guid(73532959df1f79241bce1a1d165446f0) Importer(815301076,1909f56bfc062723c751e8b465ee728b)
Start importing Assets/Resources/Heart01.png using Guid(73532959df1f79241bce1a1d165446f0) Importer(815301076,1909f56bfc062723c751e8b465ee728b)  -> (artifact id: '70fcb512e4cec80d3bc83a4de9317bff') in 0.026159 seconds 
========================================================================
Received Import Request.
  Time since last request: 0.000021 seconds.
  path: Assets/Resources/Spade03.png
  artifactKey: Guid(9e2906d8083e85046b3da03564725160) Importer(815301076,1909f56bfc062723c751e8b465ee728b)
Start importing Assets/Resources/Spade03.png using Guid(9e2906d8083e85046b3da03564725160) Importer(815301076,1909f56bfc062723c751e8b465ee728b)  -> (artifact id: 'aed0e24b4d377db0f0c4f1f15742a3e3') in 0.026462 seconds 
========================================================================
Received Import Request.
  Time since last request: 0.000029 seconds.
  path: Assets/Resources/Diamond04.png
  artifactKey: Guid(306310eebd466304db4dc6f539eb7287) Importer(815301076,1909f56bfc062723c751e8b465ee728b)
Start importing Assets/Resources/Diamond04.png using Guid(306310eebd466304db4dc6f539eb7287) Importer(815301076,1909f56bfc062723c751e8b465ee728b)  -> (artifact id: '0164e304f631a725b2851d2f19ad2bb5') in 0.032272 seconds 
========================================================================
Received Import Request.
  Time since last request: 0.000023 seconds.
  path: Assets/Resources/Spade13.png
  artifactKey: Guid(96a87b94e6046d5429af15ef4eb71f3e) Importer(815301076,1909f56bfc062723c751e8b465ee728b)
Start importing Assets/Resources/Spade13.png using Guid(96a87b94e6046d5429af15ef4eb71f3e) Importer(815301076,1909f56bfc062723c751e8b465ee728b)  -> (artifact id: '0727c47b1af97a190d435d77a6c29196') in 0.028803 seconds 
========================================================================
Received Import Request.
  Time since last request: 0.000027 seconds.
  path: Assets/Resources/Heart03.png
  artifactKey: Guid(c21183b595f0ee14da985356af474121) Importer(815301076,1909f56bfc062723c751e8b465ee728b)
Start importing Assets/Resources/Heart03.png using Guid(c21183b595f0ee14da985356af474121) Importer(815301076,1909f56bfc062723c751e8b465ee728b)  -> (artifact id: '1bfc46fd8491bf8e7fdc5578240bc450') in 0.026149 seconds 
========================================================================
Received Import Request.
  Time since last request: 0.000037 seconds.
  path: Assets/Resources/Club12.png
  artifactKey: Guid(dbf8a5a7fe4f7bb4ca2efd623931891c) Importer(815301076,1909f56bfc062723c751e8b465ee728b)
Start importing Assets/Resources/Club12.png using Guid(dbf8a5a7fe4f7bb4ca2efd623931891c) Importer(815301076,1909f56bfc062723c751e8b465ee728b)  -> (artifact id: 'c34097779cf41900f62c1845d8a0174b') in 0.041983 seconds 
========================================================================
Received Import Request.
  Time since last request: 0.000025 seconds.
  path: Assets/Resources/Spade02.png
  artifactKey: Guid(f5c92a84995a958458b37efdbf582de2) Importer(815301076,1909f56bfc062723c751e8b465ee728b)
Start importing Assets/Resources/Spade02.png using Guid(f5c92a84995a958458b37efdbf582de2) Importer(815301076,1909f56bfc062723c751e8b465ee728b)  -> (artifact id: '3133eb53227eac8745cce762301b2cdc') in 0.026456 seconds 
========================================================================
Received Import Request.
  Time since last request: 0.000026 seconds.
  path: Assets/Resources/Heart10.png
  artifactKey: Guid(3e963e0558a2c34438a82a401ac7fbef) Importer(815301076,1909f56bfc062723c751e8b465ee728b)
Start importing Assets/Resources/Heart10.png using Guid(3e963e0558a2c34438a82a401ac7fbef) Importer(815301076,1909f56bfc062723c751e8b465ee728b)  -> (artifact id: '84f44de215b660f9d219d4f6feb5509d') in 0.026295 seconds 
========================================================================
Received Import Request.
  Time since last request: 0.000023 seconds.
  path: Assets/Resources/Diamond11.png
  artifactKey: Guid(4dd01d3b1a893534c9d7001ec6f386b1) Importer(815301076,1909f56bfc062723c751e8b465ee728b)
Start importing Assets/Resources/Diamond11.png using Guid(4dd01d3b1a893534c9d7001ec6f386b1) Importer(815301076,1909f56bfc062723c751e8b465ee728b)  -> (artifact id: '068f271f36bdfc61ee9a737dfa3b3513') in 0.032028 seconds 
========================================================================
Received Import Request.
  Time since last request: 0.000035 seconds.
  path: Assets/Resources/Spade10.png
  artifactKey: Guid(f3fa1949a517f944b8a54c15a290c269) Importer(815301076,1909f56bfc062723c751e8b465ee728b)
Start importing Assets/Resources/Spade10.png using Guid(f3fa1949a517f944b8a54c15a290c269) Importer(815301076,1909f56bfc062723c751e8b465ee728b)  -> (artifact id: 'c7b31848fa7a79d417b5c2a20655e0e2') in 0.037741 seconds 
========================================================================
Received Import Request.
  Time since last request: 0.000050 seconds.
  path: Assets/Resources/Heart09.png
  artifactKey: Guid(888f1c53c95d16849aa21daad847853f) Importer(815301076,1909f56bfc062723c751e8b465ee728b)
Start importing Assets/Resources/Heart09.png using Guid(888f1c53c95d16849aa21daad847853f) Importer(815301076,1909f56bfc062723c751e8b465ee728b)  -> (artifact id: '663a2f7408a8cb9b74c67b4ca04c23b2') in 0.037210 seconds 
========================================================================
Received Import Request.
  Time since last request: 0.000034 seconds.
  path: Assets/Resources/Club01.png
  artifactKey: Guid(509067f93f5e5944898b7e10454dd8cb) Importer(815301076,1909f56bfc062723c751e8b465ee728b)
Start importing Assets/Resources/Club01.png using Guid(509067f93f5e5944898b7e10454dd8cb) Importer(815301076,1909f56bfc062723c751e8b465ee728b)  -> (artifact id: 'a6b7d45ccfc19b0bc2298aac4f83e423') in 0.029876 seconds 
========================================================================
Received Import Request.
  Time since last request: 0.000045 seconds.
  path: Assets/Resources/Spade12.png
  artifactKey: Guid(55c5dfce6748de4489fee7ce6a6622b5) Importer(815301076,1909f56bfc062723c751e8b465ee728b)
Start importing Assets/Resources/Spade12.png using Guid(55c5dfce6748de4489fee7ce6a6622b5) Importer(815301076,1909f56bfc062723c751e8b465ee728b)  -> (artifact id: '5c28009e3dcdfb5954ad0709cc11107a') in 0.033940 seconds 
========================================================================
Received Import Request.
  Time since last request: 0.000023 seconds.
  path: Assets/Resources/Club03.png
  artifactKey: Guid(8783a521a0c832d42be2186c0d9b9499) Importer(815301076,1909f56bfc062723c751e8b465ee728b)
Start importing Assets/Resources/Club03.png using Guid(8783a521a0c832d42be2186c0d9b9499) Importer(815301076,1909f56bfc062723c751e8b465ee728b)  -> (artifact id: '4c60093b7d04a195c256df261fd0b4ee') in 0.024786 seconds 
========================================================================
Received Import Request.
  Time since last request: 0.000025 seconds.
  path: Assets/Resources/Diamond10.png
  artifactKey: Guid(349f47e2529e14c4db1a1b4a454edf62) Importer(815301076,1909f56bfc062723c751e8b465ee728b)
Start importing Assets/Resources/Diamond10.png using Guid(349f47e2529e14c4db1a1b4a454edf62) Importer(815301076,1909f56bfc062723c751e8b465ee728b)  -> (artifact id: 'e0382132ba3cccaa552cd18bb72cb5d6') in 0.025289 seconds 
========================================================================
Received Import Request.
  Time since last request: 0.000033 seconds.
  path: Assets/Resources/Diamond01.png
  artifactKey: Guid(7d780d9cc9949314f86eced800019734) Importer(815301076,1909f56bfc062723c751e8b465ee728b)
Start importing Assets/Resources/Diamond01.png using Guid(7d780d9cc9949314f86eced800019734) Importer(815301076,1909f56bfc062723c751e8b465ee728b)  -> (artifact id: 'fc4b24c9890b093ba62872561bec2919') in 0.023051 seconds 
========================================================================
Received Import Request.
  Time since last request: 0.000021 seconds.
  path: Assets/Resources/Club05.png
  artifactKey: Guid(6ec532700c88c61478d1f35a4e427a72) Importer(815301076,1909f56bfc062723c751e8b465ee728b)
Start importing Assets/Resources/Club05.png using Guid(6ec532700c88c61478d1f35a4e427a72) Importer(815301076,1909f56bfc062723c751e8b465ee728b)  -> (artifact id: '5a11ca9c3032b75b0c0a0804ad46a9af') in 0.026783 seconds 
========================================================================
Received Import Request.
  Time since last request: 0.000021 seconds.
  path: Assets/Resources/Heart13.png
  artifactKey: Guid(bd5e460c76ef9f2448437a9701004f2e) Importer(815301076,1909f56bfc062723c751e8b465ee728b)
Start importing Assets/Resources/Heart13.png using Guid(bd5e460c76ef9f2448437a9701004f2e) Importer(815301076,1909f56bfc062723c751e8b465ee728b)  -> (artifact id: 'eee65353ec12acd7666e332570203473') in 0.025710 seconds 
========================================================================
Received Import Request.
  Time since last request: 0.000031 seconds.
  path: Assets/Resources/Club09.png
  artifactKey: Guid(61b31877b27524945b76dd571cdb8c6e) Importer(815301076,1909f56bfc062723c751e8b465ee728b)
Start importing Assets/Resources/Club09.png using Guid(61b31877b27524945b76dd571cdb8c6e) Importer(815301076,1909f56bfc062723c751e8b465ee728b)  -> (artifact id: '829fb8576d90ce546413292e0f0c4f1b') in 0.025627 seconds 
========================================================================
Received Import Request.
  Time since last request: 0.000027 seconds.
  path: Assets/Resources/Diamond08.png
  artifactKey: Guid(aaa6b2ebf52163844a2e6e350ac6f040) Importer(815301076,1909f56bfc062723c751e8b465ee728b)
Start importing Assets/Resources/Diamond08.png using Guid(aaa6b2ebf52163844a2e6e350ac6f040) Importer(815301076,1909f56bfc062723c751e8b465ee728b)  -> (artifact id: 'f78ed4c60c4dc88ff5513ca00f1a4d8a') in 0.022634 seconds 
========================================================================
Received Import Request.
  Time since last request: 0.000043 seconds.
  path: Assets/Resources/Spade05.png
  artifactKey: Guid(4b42aa66bf8ac3a439a1ecb00142399d) Importer(815301076,1909f56bfc062723c751e8b465ee728b)
Start importing Assets/Resources/Spade05.png using Guid(4b42aa66bf8ac3a439a1ecb00142399d) Importer(815301076,1909f56bfc062723c751e8b465ee728b)  -> (artifact id: 'a8460e9d64b5e6d2fde04212c5089f51') in 0.022645 seconds 
========================================================================
Received Import Request.
  Time since last request: 22.330677 seconds.
  path: Assets/Resources/Spade03 1.png
  artifactKey: Guid(571c8120f410a0a489998d2998931ea9) Importer(815301076,1909f56bfc062723c751e8b465ee728b)
Start importing Assets/Resources/Spade03 1.png using Guid(571c8120f410a0a489998d2998931ea9) Importer(815301076,1909f56bfc062723c751e8b465ee728b)  -> (artifact id: '173234289f2604e3aea7c21b78df1dfb') in 0.012196 seconds 
========================================================================
Received Prepare
Registering precompiled user dll's ...
Registered in 0.004981 seconds.
Begin MonoManager ReloadAssembly
Native extension for WindowsStandalone target not found
Native extension for WebGL target not found
Refreshing native plugins compatible for Editor in 0.91 ms, found 3 plugins.
Preloading 0 native plugins for Editor in 0.00 ms.
Mono: successfully reloaded assembly
- Completed reload, in  1.394 seconds
Domain Reload Profiling:
	ReloadAssembly (1395ms)
		BeginReloadAssembly (158ms)
			ExecutionOrderSort (0ms)
			DisableScriptedObjects (5ms)
			BackupInstance (0ms)
			ReleaseScriptingObjects (0ms)
			CreateAndSetChildDomain (44ms)
		EndReloadAssembly (1112ms)
			LoadAssemblies (98ms)
			RebuildTransferFunctionScriptingTraits (0ms)
			SetupTypeCache (355ms)
			ReleaseScriptCaches (1ms)
			RebuildScriptCaches (62ms)
			SetupLoadedEditorAssemblies (534ms)
				LogAssemblyErrors (0ms)
				InitializePlatformSupportModulesInManaged (20ms)
				SetLoadedEditorAssemblies (1ms)
				RefreshPlugins (1ms)
				BeforeProcessingInitializeOnLoad (87ms)
				ProcessInitializeOnLoadAttributes (387ms)
				ProcessInitializeOnLoadMethodAttributes (24ms)
				AfterProcessingInitializeOnLoad (14ms)
				EditorAssembliesLoaded (0ms)
			ExecutionOrderSort2 (0ms)
			AwakeInstancesAfterBackupRestoration (8ms)
Platform modules already initialized, skipping
Refreshing native plugins compatible for Editor in 2.18 ms, found 3 plugins.
Preloading 0 native plugins for Editor in 0.00 ms.
Unloading 3077 Unused Serialized files (Serialized files now loaded: 0)
Unloading 15 unused Assets / (24.6 KB). Loaded Objects now: 3589.
Memory consumption went from 115.5 MB to 115.5 MB.
Total: 3.351300 ms (FindLiveObjects: 0.279800 ms CreateObjectMapping: 0.283800 ms MarkObjects: 2.755800 ms  DeleteObjects: 0.030000 ms)

AssetImportParameters requested are different than current active one (requested -> active):
  custom:video-decoder-ogg-theora: a1e56fd34408186e4bbccfd4996cb3dc -> 
  custom:container-muxer-webm: aa71ff27fc2769a1b78a27578f13a17b -> 
  custom:container-demuxer-webm: 4f35f7cbe854078d1ac9338744f61a02 -> 
  custom:video-encoder-webm-vp8: eb34c28f22e8b96e1ab97ce403110664 -> 
  custom:audio-encoder-webm-vorbis: bf7c407c2cedff20999df2af8eb42d56 -> 
  custom:framework-win-MediaFoundation: 216162199b28c13a410421893ffa2e32 -> 
  custom:container-demuxer-ogg: 62fdf1f143b41e24485cea50d1cbac27 -> 
  custom:video-decoder-webm-vp8: 9c59270c3fd7afecdb556c50c9e8de78 -> 
  custom:audio-decoder-ogg-vorbis: bf7c407c2cedff20999df2af8eb42d56 -> 
Editor requested this worker to shutdown with reason: Scaling down because of idle timeout
AssetImportWorker is now disconnected from the server
Process exiting
Exiting without the bug reporter. Application will terminate with return code 0