Using pre-set license
Built from '2022.3/staging' branch; Version is '2022.3.11f1 (d00248457e15) revision 13632072'; Using compiler version '192829333'; Build Type 'Release'
OS: 'Windows 10  (10.0.19045) 64bit Core' Language: 'pl' Physical Memory: 16343 MB
BatchMode: 1, IsHumanControllingUs: 0, StartBugReporterOnCrash: 0, Is64bit: 1, IsPro: 1

COMMAND LINE ARGUMENTS:
E:\Unity Editor\2022.3.11f1\Editor\Unity.exe
-adb2
-batchMode
-noUpm
-name
AssetImportWorker3
-projectPath
E:/Unity-Laboratoria/My project
-logFile
Logs/AssetImportWorker3.log
-srvPort
50331
Successfully changed project path to: E:/Unity-Laboratoria/My project
E:/Unity-Laboratoria/My project
[UnityMemory] Configuration Parameters - Can be set up in boot.config
    "memorysetup-bucket-allocator-granularity=16"
    "memorysetup-bucket-allocator-bucket-count=8"
    "memorysetup-bucket-allocator-block-size=33554432"
    "memorysetup-bucket-allocator-block-count=8"
    "memorysetup-main-allocator-block-size=16777216"
    "memorysetup-thread-allocator-block-size=16777216"
    "memorysetup-gfx-main-allocator-block-size=16777216"
    "memorysetup-gfx-thread-allocator-block-size=16777216"
    "memorysetup-cache-allocator-block-size=4194304"
    "memorysetup-typetree-allocator-block-size=2097152"
    "memorysetup-profiler-bucket-allocator-granularity=16"
    "memorysetup-profiler-bucket-allocator-bucket-count=8"
    "memorysetup-profiler-bucket-allocator-block-size=33554432"
    "memorysetup-profiler-bucket-allocator-block-count=8"
    "memorysetup-profiler-allocator-block-size=16777216"
    "memorysetup-profiler-editor-allocator-block-size=1048576"
    "memorysetup-temp-allocator-size-main=16777216"
    "memorysetup-job-temp-allocator-block-size=2097152"
    "memorysetup-job-temp-allocator-block-size-background=1048576"
    "memorysetup-job-temp-allocator-reduction-small-platforms=262144"
    "memorysetup-allocator-temp-initial-block-size-main=262144"
    "memorysetup-allocator-temp-initial-block-size-worker=262144"
    "memorysetup-temp-allocator-size-background-worker=32768"
    "memorysetup-temp-allocator-size-job-worker=262144"
    "memorysetup-temp-allocator-size-preload-manager=33554432"
    "memorysetup-temp-allocator-size-nav-mesh-worker=65536"
    "memorysetup-temp-allocator-size-audio-worker=65536"
    "memorysetup-temp-allocator-size-cloud-worker=32768"
    "memorysetup-temp-allocator-size-gi-baking-worker=262144"
    "memorysetup-temp-allocator-size-gfx=262144"
Player connection [15024] Host "[IP] 192.168.1.3 [Port] 0 [Flags] 2 [Guid] 1205751715 [EditorId] 1205751715 [Version] 1048832 [Id] WindowsEditor(7,MILOSZ) [Debug] 1 [PackageName] WindowsEditor [ProjectName] Editor" joined multi-casting on [225.0.0.222:54997]...

Player connection [15024] Host "[IP] 192.168.1.3 [Port] 0 [Flags] 2 [Guid] 1205751715 [EditorId] 1205751715 [Version] 1048832 [Id] WindowsEditor(7,MILOSZ) [Debug] 1 [PackageName] WindowsEditor [ProjectName] Editor" joined alternative multi-casting on [225.0.0.222:34997]...

[Physics::Module] Initialized MultithreadedJobDispatcher with 3 workers.
Refreshing native plugins compatible for Editor in 19.61 ms, found 3 plugins.
Preloading 0 native plugins for Editor in 0.00 ms.
Initialize engine version: 2022.3.11f1 (d00248457e15)
[Subsystems] Discovering subsystems at path E:/Unity Editor/2022.3.11f1/Editor/Data/Resources/UnitySubsystems
[Subsystems] Discovering subsystems at path E:/Unity-Laboratoria/My project/Assets
GfxDevice: creating device client; threaded=0; jobified=0
Direct3D:
    Version:  Direct3D 11.0 [level 11.1]
    Renderer: NVIDIA GeForce GTX 1060 6GB (ID=0x1c03)
    Vendor:   NVIDIA
    VRAM:     6043 MB
    Driver:   31.0.15.3623
Initialize mono
Mono path[0] = 'E:/Unity Editor/2022.3.11f1/Editor/Data/Managed'
Mono path[1] = 'E:/Unity Editor/2022.3.11f1/Editor/Data/MonoBleedingEdge/lib/mono/unityjit-win32'
Mono config path = 'E:/Unity Editor/2022.3.11f1/Editor/Data/MonoBleedingEdge/etc'
Using monoOptions --debugger-agent=transport=dt_socket,embedding=1,server=y,suspend=n,address=127.0.0.1:56340
Begin MonoManager ReloadAssembly
Registering precompiled unity dll's ...
Register platform support module: E:/Unity Editor/2022.3.11f1/Editor/Data/PlaybackEngines/WindowsStandaloneSupport/UnityEditor.WindowsStandalone.Extensions.dll
Registered in 0.006907 seconds.
- Loaded All Assemblies, in  1.177 seconds
Native extension for WindowsStandalone target not found
Mono: successfully reloaded assembly
- Finished resetting the current domain, in  0.701 seconds
Domain Reload Profiling: 1878ms
	BeginReloadAssembly (420ms)
		ExecutionOrderSort (0ms)
		DisableScriptedObjects (0ms)
		BackupInstance (0ms)
		ReleaseScriptingObjects (0ms)
		CreateAndSetChildDomain (4ms)
	RebuildCommonClasses (136ms)
	RebuildNativeTypeToScriptingClass (28ms)
	initialDomainReloadingComplete (178ms)
	LoadAllAssembliesAndSetupDomain (415ms)
		LoadAssemblies (416ms)
		RebuildTransferFunctionScriptingTraits (0ms)
		AnalyzeDomain (412ms)
			TypeCache.Refresh (405ms)
				TypeCache.ScanAssembly (378ms)
			ScanForSourceGeneratedMonoScriptInfo (0ms)
			ResolveRequiredComponents (1ms)
	FinalizeReload (702ms)
		ReleaseScriptCaches (0ms)
		RebuildScriptCaches (0ms)
		SetupLoadedEditorAssemblies (584ms)
			LogAssemblyErrors (0ms)
			InitializePlatformSupportModulesInManaged (17ms)
			SetLoadedEditorAssemblies (26ms)
			RefreshPlugins (0ms)
			BeforeProcessingInitializeOnLoad (2ms)
			ProcessInitializeOnLoadAttributes (412ms)
			ProcessInitializeOnLoadMethodAttributes (126ms)
			AfterProcessingInitializeOnLoad (0ms)
			EditorAssembliesLoaded (0ms)
		ExecutionOrderSort2 (0ms)
		AwakeInstancesAfterBackupRestoration (0ms)
========================================================================
Worker process is ready to serve import requests
Begin MonoManager ReloadAssembly
- Loaded All Assemblies, in  1.401 seconds
Refreshing native plugins compatible for Editor in 4.93 ms, found 3 plugins.
Native extension for WindowsStandalone target not found
Package Manager log level set to [2]
[Package Manager] Server::EnsureServerProcessIsRunning -- launch failed, reason: Unity was launched with the -noUpm command-line argument
[Package Manager] UpmClient::Send -- Unable to send message (not connected to UPM process).
[Package Manager] Cannot connect to Unity Package Manager local server
Mono: successfully reloaded assembly
- Finished resetting the current domain, in  1.033 seconds
Domain Reload Profiling: 2435ms
	BeginReloadAssembly (314ms)
		ExecutionOrderSort (0ms)
		DisableScriptedObjects (14ms)
		BackupInstance (0ms)
		ReleaseScriptingObjects (0ms)
		CreateAndSetChildDomain (41ms)
	RebuildCommonClasses (122ms)
	RebuildNativeTypeToScriptingClass (44ms)
	initialDomainReloadingComplete (110ms)
	LoadAllAssembliesAndSetupDomain (810ms)
		LoadAssemblies (629ms)
		RebuildTransferFunctionScriptingTraits (0ms)
		AnalyzeDomain (373ms)
			TypeCache.Refresh (334ms)
				TypeCache.ScanAssembly (302ms)
			ScanForSourceGeneratedMonoScriptInfo (29ms)
			ResolveRequiredComponents (9ms)
	FinalizeReload (1034ms)
		ReleaseScriptCaches (0ms)
		RebuildScriptCaches (0ms)
		SetupLoadedEditorAssemblies (681ms)
			LogAssemblyErrors (0ms)
			InitializePlatformSupportModulesInManaged (7ms)
			SetLoadedEditorAssemblies (4ms)
			RefreshPlugins (0ms)
			BeforeProcessingInitializeOnLoad (95ms)
			ProcessInitializeOnLoadAttributes (534ms)
			ProcessInitializeOnLoadMethodAttributes (36ms)
			AfterProcessingInitializeOnLoad (5ms)
			EditorAssembliesLoaded (0ms)
		ExecutionOrderSort2 (0ms)
		AwakeInstancesAfterBackupRestoration (20ms)
Launched and connected shader compiler UnityShaderCompiler.exe after 0.08 seconds
Refreshing native plugins compatible for Editor in 2.48 ms, found 3 plugins.
Preloading 0 native plugins for Editor in 0.00 ms.
Unloading 3176 Unused Serialized files (Serialized files now loaded: 0)
Unloading 32 unused Assets / (57.3 KB). Loaded Objects now: 3640.
Memory consumption went from 127.9 MB to 127.8 MB.
Total: 2.991400 ms (FindLiveObjects: 0.267000 ms CreateObjectMapping: 0.257400 ms MarkObjects: 2.355500 ms  DeleteObjects: 0.110500 ms)

AssetImportParameters requested are different than current active one (requested -> active):
  custom:container-demuxer-ogg: 62fdf1f143b41e24485cea50d1cbac27 -> 
  custom:video-decoder-ogg-theora: a1e56fd34408186e4bbccfd4996cb3dc -> 
  custom:framework-win-MediaFoundation: 216162199b28c13a410421893ffa2e32 -> 
  custom:container-demuxer-webm: 4f35f7cbe854078d1ac9338744f61a02 -> 
  custom:container-muxer-webm: aa71ff27fc2769a1b78a27578f13a17b -> 
  custom:video-decoder-webm-vp8: 9c59270c3fd7afecdb556c50c9e8de78 -> 
  custom:AudioImporter_EditorPlatform: d09bf68614088b80899f8185d706f6e7 -> 
  custom:video-encoder-webm-vp8: eb34c28f22e8b96e1ab97ce403110664 -> 
  custom:audio-decoder-ogg-vorbis: bf7c407c2cedff20999df2af8eb42d56 -> 
  custom:audio-encoder-webm-vorbis: bf7c407c2cedff20999df2af8eb42d56 -> 
========================================================================
Received Prepare
Refreshing native plugins compatible for Editor in 2.47 ms, found 3 plugins.
Preloading 0 native plugins for Editor in 0.00 ms.
Unloading 1 Unused Serialized files (Serialized files now loaded: 0)
Unloading 1 unused Assets / (3.0 KB). Loaded Objects now: 3640.
Memory consumption went from 74.9 MB to 74.9 MB.
Total: 3.313900 ms (FindLiveObjects: 0.271100 ms CreateObjectMapping: 0.382800 ms MarkObjects: 2.628200 ms  DeleteObjects: 0.030400 ms)

Prepare: number of updated asset objects reloaded= 0
AssetImportParameters requested are different than current active one (requested -> active):
  custom:container-demuxer-ogg: 62fdf1f143b41e24485cea50d1cbac27 -> 
  custom:video-decoder-ogg-theora: a1e56fd34408186e4bbccfd4996cb3dc -> 
  custom:framework-win-MediaFoundation: 216162199b28c13a410421893ffa2e32 -> 
  custom:CustomObjectIndexerAttribute: 756ad292c208cfabdd7b50bc23989ffe -> 
  custom:container-demuxer-webm: 4f35f7cbe854078d1ac9338744f61a02 -> 
  custom:container-muxer-webm: aa71ff27fc2769a1b78a27578f13a17b -> 
  custom:video-decoder-webm-vp8: 9c59270c3fd7afecdb556c50c9e8de78 -> 
  custom:SearchIndexIgnoredProperties: e643bd26f0fe6173181afceb89e7c659 -> 
  custom:AudioImporter_EditorPlatform: d09bf68614088b80899f8185d706f6e7 -> 
  custom:video-encoder-webm-vp8: eb34c28f22e8b96e1ab97ce403110664 -> 
  custom:audio-decoder-ogg-vorbis: bf7c407c2cedff20999df2af8eb42d56 -> 
  custom:audio-encoder-webm-vorbis: bf7c407c2cedff20999df2af8eb42d56 -> 
========================================================================
Received Prepare
Begin MonoManager ReloadAssembly
- Loaded All Assemblies, in  1.112 seconds
Refreshing native plugins compatible for Editor in 3.87 ms, found 3 plugins.
Native extension for WindowsStandalone target not found
[Package Manager] Server::EnsureServerProcessIsRunning -- launch failed, reason: Unity was launched with the -noUpm command-line argument
[Package Manager] UpmClient::Send -- Unable to send message (not connected to UPM process).
[Package Manager] Cannot connect to Unity Package Manager local server
Mono: successfully reloaded assembly
- Finished resetting the current domain, in  2.678 seconds
Domain Reload Profiling: 3788ms
	BeginReloadAssembly (263ms)
		ExecutionOrderSort (0ms)
		DisableScriptedObjects (11ms)
		BackupInstance (0ms)
		ReleaseScriptingObjects (0ms)
		CreateAndSetChildDomain (39ms)
	RebuildCommonClasses (126ms)
	RebuildNativeTypeToScriptingClass (77ms)
	initialDomainReloadingComplete (71ms)
	LoadAllAssembliesAndSetupDomain (574ms)
		LoadAssemblies (707ms)
		RebuildTransferFunctionScriptingTraits (0ms)
		AnalyzeDomain (13ms)
			TypeCache.Refresh (6ms)
				TypeCache.ScanAssembly (0ms)
			ScanForSourceGeneratedMonoScriptInfo (0ms)
			ResolveRequiredComponents (6ms)
	FinalizeReload (2678ms)
		ReleaseScriptCaches (0ms)
		RebuildScriptCaches (0ms)
		SetupLoadedEditorAssemblies (1394ms)
			LogAssemblyErrors (0ms)
			InitializePlatformSupportModulesInManaged (13ms)
			SetLoadedEditorAssemblies (15ms)
			RefreshPlugins (0ms)
			BeforeProcessingInitializeOnLoad (217ms)
			ProcessInitializeOnLoadAttributes (1077ms)
			ProcessInitializeOnLoadMethodAttributes (67ms)
			AfterProcessingInitializeOnLoad (5ms)
			EditorAssembliesLoaded (0ms)
		ExecutionOrderSort2 (0ms)
		AwakeInstancesAfterBackupRestoration (58ms)
Refreshing native plugins compatible for Editor in 2.77 ms, found 3 plugins.
Preloading 0 native plugins for Editor in 0.00 ms.
Unloading 3155 Unused Serialized files (Serialized files now loaded: 0)
Unloading 23 unused Assets / (31.0 KB). Loaded Objects now: 3643.
Memory consumption went from 125.4 MB to 125.4 MB.
Total: 3.434400 ms (FindLiveObjects: 0.264900 ms CreateObjectMapping: 0.244400 ms MarkObjects: 2.880700 ms  DeleteObjects: 0.042800 ms)

Prepare: number of updated asset objects reloaded= 0
AssetImportParameters requested are different than current active one (requested -> active):
  custom:container-demuxer-ogg: 62fdf1f143b41e24485cea50d1cbac27 -> 
  custom:video-decoder-ogg-theora: a1e56fd34408186e4bbccfd4996cb3dc -> 
  custom:framework-win-MediaFoundation: 216162199b28c13a410421893ffa2e32 -> 
  custom:CustomObjectIndexerAttribute: 756ad292c208cfabdd7b50bc23989ffe -> 
  custom:container-demuxer-webm: 4f35f7cbe854078d1ac9338744f61a02 -> 
  custom:container-muxer-webm: aa71ff27fc2769a1b78a27578f13a17b -> 
  custom:video-decoder-webm-vp8: 9c59270c3fd7afecdb556c50c9e8de78 -> 
  custom:SearchIndexIgnoredProperties: e643bd26f0fe6173181afceb89e7c659 -> 
  custom:AudioImporter_EditorPlatform: d09bf68614088b80899f8185d706f6e7 -> 
  custom:video-encoder-webm-vp8: eb34c28f22e8b96e1ab97ce403110664 -> 
  custom:audio-decoder-ogg-vorbis: bf7c407c2cedff20999df2af8eb42d56 -> 
  custom:audio-encoder-webm-vorbis: bf7c407c2cedff20999df2af8eb42d56 -> 
========================================================================
Received Import Request.
  Time since last request: 430438.087300 seconds.
  path: Assets/Playing Cards/Resource/Prefab/BackColor_Blue/Blue_PlayingCards_Club06_00.prefab
  artifactKey: Guid(57c32fca1cf574847a9e8df604000fc9) Importer(815301076,1909f56bfc062723c751e8b465ee728b)
Start importing Assets/Playing Cards/Resource/Prefab/BackColor_Blue/Blue_PlayingCards_Club06_00.prefab using Guid(57c32fca1cf574847a9e8df604000fc9) Importer(815301076,1909f56bfc062723c751e8b465ee728b)  -> (artifact id: '0eae2802c871ba3bd4f9a31d0770cac8') in 0.227860 seconds
Internal: There are remaining Allocations on the JobTempAlloc. This is a leak, and will impact performance
To Debug, run app with -diag-job-temp-memory-leak-validation cmd line argument. This will output the callstacks of the leaked allocations.
Number of updated asset objects reloaded before import = 0
Number of asset objects unloaded after import = 10
========================================================================
Received Import Request.
  Time since last request: 0.000024 seconds.
  path: Assets/Playing Cards/Resource/Prefab/BackColor_Blue/Blue_PlayingCards_Diamond13_00.prefab
  artifactKey: Guid(0dc512b3b50dc7a4389e5af9e778e85d) Importer(815301076,1909f56bfc062723c751e8b465ee728b)
Start importing Assets/Playing Cards/Resource/Prefab/BackColor_Blue/Blue_PlayingCards_Diamond13_00.prefab using Guid(0dc512b3b50dc7a4389e5af9e778e85d) Importer(815301076,1909f56bfc062723c751e8b465ee728b)  -> (artifact id: 'c8591a6e4ac782bcd2d0cb493e38e62c') in 0.006101 seconds
Internal: There are remaining Allocations on the JobTempAlloc. This is a leak, and will impact performance
To Debug, run app with -diag-job-temp-memory-leak-validation cmd line argument. This will output the callstacks of the leaked allocations.
Number of updated asset objects reloaded before import = 0
Number of asset objects unloaded after import = 10
========================================================================
Received Import Request.
  Time since last request: 0.000392 seconds.
  path: Assets/Playing Cards/Resource/Prefab/BackColor_Blue/Blue_PlayingCards_Club12_00.prefab
  artifactKey: Guid(d88027f6a04646c4383a9b136a96eda4) Importer(815301076,1909f56bfc062723c751e8b465ee728b)
Start importing Assets/Playing Cards/Resource/Prefab/BackColor_Blue/Blue_PlayingCards_Club12_00.prefab using Guid(d88027f6a04646c4383a9b136a96eda4) Importer(815301076,1909f56bfc062723c751e8b465ee728b)  -> (artifact id: '6566344357aea7fac2fa1236f6ec755c') in 0.005876 seconds
Internal: There are remaining Allocations on the JobTempAlloc. This is a leak, and will impact performance
To Debug, run app with -diag-job-temp-memory-leak-validation cmd line argument. This will output the callstacks of the leaked allocations.
Number of updated asset objects reloaded before import = 0
Number of asset objects unloaded after import = 10
========================================================================
Received Import Request.
  Time since last request: 0.000014 seconds.
  path: Assets/Playing Cards/Resource/Prefab/BackColor_Blue/Blue_PlayingCards_Heart07_00.prefab
  artifactKey: Guid(9b290f09d7578c5429c5c4e95c3b3fcd) Importer(815301076,1909f56bfc062723c751e8b465ee728b)
Start importing Assets/Playing Cards/Resource/Prefab/BackColor_Blue/Blue_PlayingCards_Heart07_00.prefab using Guid(9b290f09d7578c5429c5c4e95c3b3fcd) Importer(815301076,1909f56bfc062723c751e8b465ee728b)  -> (artifact id: 'c2159aef63e6be24d20d081c87eeb68c') in 0.006502 seconds
Internal: There are remaining Allocations on the JobTempAlloc. This is a leak, and will impact performance
To Debug, run app with -diag-job-temp-memory-leak-validation cmd line argument. This will output the callstacks of the leaked allocations.
Number of updated asset objects reloaded before import = 0
Number of asset objects unloaded after import = 10
========================================================================
Received Import Request.
  Time since last request: 0.000015 seconds.
  path: Assets/Playing Cards/Resource/Prefab/BackColor_Blue/Blue_PlayingCards_Club07_00.prefab
  artifactKey: Guid(cf7f08e4d0bd5014b87ca0924b0f998f) Importer(815301076,1909f56bfc062723c751e8b465ee728b)
Start importing Assets/Playing Cards/Resource/Prefab/BackColor_Blue/Blue_PlayingCards_Club07_00.prefab using Guid(cf7f08e4d0bd5014b87ca0924b0f998f) Importer(815301076,1909f56bfc062723c751e8b465ee728b)  -> (artifact id: '0d7a3e914154263ea713551afb4672a4') in 0.006724 seconds
Internal: There are remaining Allocations on the JobTempAlloc. This is a leak, and will impact performance
To Debug, run app with -diag-job-temp-memory-leak-validation cmd line argument. This will output the callstacks of the leaked allocations.
Number of updated asset objects reloaded before import = 0
Number of asset objects unloaded after import = 10
========================================================================
Received Import Request.
  Time since last request: 0.000016 seconds.
  path: Assets/Playing Cards/Resource/Prefab/BackColor_Blue/Blue_PlayingCards_Heart05_00.prefab
  artifactKey: Guid(5785542f67752c04db937a9c0a2ad310) Importer(815301076,1909f56bfc062723c751e8b465ee728b)
Start importing Assets/Playing Cards/Resource/Prefab/BackColor_Blue/Blue_PlayingCards_Heart05_00.prefab using Guid(5785542f67752c04db937a9c0a2ad310) Importer(815301076,1909f56bfc062723c751e8b465ee728b)  -> (artifact id: 'ddf03ac676dc9ae1013e6b925b1eccbf') in 0.006123 seconds
Internal: There are remaining Allocations on the JobTempAlloc. This is a leak, and will impact performance
To Debug, run app with -diag-job-temp-memory-leak-validation cmd line argument. This will output the callstacks of the leaked allocations.
Number of updated asset objects reloaded before import = 0
Number of asset objects unloaded after import = 10
========================================================================
Received Import Request.
  Time since last request: 0.000016 seconds.
  path: Assets/Playing Cards/Resource/Prefab/BackColor_Blue/Blue_PlayingCards_Heart02_00.prefab
  artifactKey: Guid(c606a94c00be09443bb63b97e1ec86ca) Importer(815301076,1909f56bfc062723c751e8b465ee728b)
Start importing Assets/Playing Cards/Resource/Prefab/BackColor_Blue/Blue_PlayingCards_Heart02_00.prefab using Guid(c606a94c00be09443bb63b97e1ec86ca) Importer(815301076,1909f56bfc062723c751e8b465ee728b)  -> (artifact id: '35ac2c3322bedd5a7a1c2133ed6796f8') in 0.006242 seconds
Internal: There are remaining Allocations on the JobTempAlloc. This is a leak, and will impact performance
To Debug, run app with -diag-job-temp-memory-leak-validation cmd line argument. This will output the callstacks of the leaked allocations.
Number of updated asset objects reloaded before import = 0
Number of asset objects unloaded after import = 10
========================================================================
Received Import Request.
  Time since last request: 0.000016 seconds.
  path: Assets/Playing Cards/Resource/Prefab/BackColor_Blue/Blue_PlayingCards_Club10_00.prefab
  artifactKey: Guid(4f1ac5d9bb0145e478692d54589f8967) Importer(815301076,1909f56bfc062723c751e8b465ee728b)
Start importing Assets/Playing Cards/Resource/Prefab/BackColor_Blue/Blue_PlayingCards_Club10_00.prefab using Guid(4f1ac5d9bb0145e478692d54589f8967) Importer(815301076,1909f56bfc062723c751e8b465ee728b)  -> (artifact id: '149707231599a85c5088fb4ce2db3919') in 0.006652 seconds
Internal: There are remaining Allocations on the JobTempAlloc. This is a leak, and will impact performance
To Debug, run app with -diag-job-temp-memory-leak-validation cmd line argument. This will output the callstacks of the leaked allocations.
Number of updated asset objects reloaded before import = 0
Number of asset objects unloaded after import = 10
========================================================================
Received Import Request.
  Time since last request: 0.000016 seconds.
  path: Assets/Playing Cards/Resource/Prefab/BackColor_Blue/Blue_Tower_00.prefab
  artifactKey: Guid(5aefb09db03fce9488b5b8185fd38c54) Importer(815301076,1909f56bfc062723c751e8b465ee728b)
Start importing Assets/Playing Cards/Resource/Prefab/BackColor_Blue/Blue_Tower_00.prefab using Guid(5aefb09db03fce9488b5b8185fd38c54) Importer(815301076,1909f56bfc062723c751e8b465ee728b)  -> (artifact id: '46b06a3e249fab8495fa61243a7ed766') in 0.015751 seconds
Internal: There are remaining Allocations on the JobTempAlloc. This is a leak, and will impact performance
To Debug, run app with -diag-job-temp-memory-leak-validation cmd line argument. This will output the callstacks of the leaked allocations.
Number of updated asset objects reloaded before import = 0
Number of asset objects unloaded after import = 19
========================================================================
Received Import Request.
  Time since last request: 0.000015 seconds.
  path: Assets/Playing Cards/Resource/Prefab/BackColor_Blue/Blue_PlayingCards_Heart04_00.prefab
  artifactKey: Guid(f3fcf408079bb07468350b6a4ccab16d) Importer(815301076,1909f56bfc062723c751e8b465ee728b)
Start importing Assets/Playing Cards/Resource/Prefab/BackColor_Blue/Blue_PlayingCards_Heart04_00.prefab using Guid(f3fcf408079bb07468350b6a4ccab16d) Importer(815301076,1909f56bfc062723c751e8b465ee728b)  -> (artifact id: '525f4038968c1377cf84180430a22445') in 0.006351 seconds
Internal: There are remaining Allocations on the JobTempAlloc. This is a leak, and will impact performance
To Debug, run app with -diag-job-temp-memory-leak-validation cmd line argument. This will output the callstacks of the leaked allocations.
Number of updated asset objects reloaded before import = 0
Number of asset objects unloaded after import = 10
========================================================================
Received Import Request.
  Time since last request: 0.000018 seconds.
  path: Assets/Playing Cards/Resource/Prefab/BackColor_Blue/Blue_PlayingCards_Spade12_00.prefab
  artifactKey: Guid(26444efaf7a11dc49b7164a7b180cec9) Importer(815301076,1909f56bfc062723c751e8b465ee728b)
Start importing Assets/Playing Cards/Resource/Prefab/BackColor_Blue/Blue_PlayingCards_Spade12_00.prefab using Guid(26444efaf7a11dc49b7164a7b180cec9) Importer(815301076,1909f56bfc062723c751e8b465ee728b)  -> (artifact id: '9e677676a255129795c6f1ac951e6520') in 0.007179 seconds
Internal: There are remaining Allocations on the JobTempAlloc. This is a leak, and will impact performance
To Debug, run app with -diag-job-temp-memory-leak-validation cmd line argument. This will output the callstacks of the leaked allocations.
Number of updated asset objects reloaded before import = 0
Number of asset objects unloaded after import = 10
========================================================================
Received Import Request.
  Time since last request: 0.000015 seconds.
  path: Assets/Playing Cards/Resource/Prefab/BackColor_Blue/Blue_Spread_00.prefab
  artifactKey: Guid(9ef7d9aaf03690143840973fe712bd0e) Importer(815301076,1909f56bfc062723c751e8b465ee728b)
Start importing Assets/Playing Cards/Resource/Prefab/BackColor_Blue/Blue_Spread_00.prefab using Guid(9ef7d9aaf03690143840973fe712bd0e) Importer(815301076,1909f56bfc062723c751e8b465ee728b)  -> (artifact id: '6f58f9689bbe77057ac93d9fd9005309') in 0.008381 seconds
Internal: There are remaining Allocations on the JobTempAlloc. This is a leak, and will impact performance
To Debug, run app with -diag-job-temp-memory-leak-validation cmd line argument. This will output the callstacks of the leaked allocations.
Number of updated asset objects reloaded before import = 0
Number of asset objects unloaded after import = 19
========================================================================
Received Import Request.
  Time since last request: 0.000016 seconds.
  path: Assets/Playing Cards/Resource/Prefab/BackColor_Blue/Blue_PlayingCards_Diamond12_00.prefab
  artifactKey: Guid(527be08438e77c647b3bff00ce5cc256) Importer(815301076,1909f56bfc062723c751e8b465ee728b)
Start importing Assets/Playing Cards/Resource/Prefab/BackColor_Blue/Blue_PlayingCards_Diamond12_00.prefab using Guid(527be08438e77c647b3bff00ce5cc256) Importer(815301076,1909f56bfc062723c751e8b465ee728b)  -> (artifact id: 'ec471950073d2fff429699b8d2cc8288') in 0.008206 seconds
Internal: There are remaining Allocations on the JobTempAlloc. This is a leak, and will impact performance
To Debug, run app with -diag-job-temp-memory-leak-validation cmd line argument. This will output the callstacks of the leaked allocations.
Number of updated asset objects reloaded before import = 0
Number of asset objects unloaded after import = 10
========================================================================
Received Import Request.
  Time since last request: 0.000017 seconds.
  path: Assets/Playing Cards/Resource/Prefab/BackColor_Blue/Blue_PlayingCards_Heart11_00.prefab
  artifactKey: Guid(620c87bdd851fd4438708a75ad328e36) Importer(815301076,1909f56bfc062723c751e8b465ee728b)
Start importing Assets/Playing Cards/Resource/Prefab/BackColor_Blue/Blue_PlayingCards_Heart11_00.prefab using Guid(620c87bdd851fd4438708a75ad328e36) Importer(815301076,1909f56bfc062723c751e8b465ee728b)  -> (artifact id: '63185058716ba9a6c05a17f7f4e9ed2e') in 0.006418 seconds
Internal: There are remaining Allocations on the JobTempAlloc. This is a leak, and will impact performance
To Debug, run app with -diag-job-temp-memory-leak-validation cmd line argument. This will output the callstacks of the leaked allocations.
Number of updated asset objects reloaded before import = 0
Number of asset objects unloaded after import = 10
========================================================================
Received Import Request.
  Time since last request: 0.000017 seconds.
  path: Assets/Playing Cards/Resource/Prefab/BackColor_Blue/Blue_PlayingCards_Diamond10_00.prefab
  artifactKey: Guid(5af0cda9ec825d343a55947605f315da) Importer(815301076,1909f56bfc062723c751e8b465ee728b)
Start importing Assets/Playing Cards/Resource/Prefab/BackColor_Blue/Blue_PlayingCards_Diamond10_00.prefab using Guid(5af0cda9ec825d343a55947605f315da) Importer(815301076,1909f56bfc062723c751e8b465ee728b)  -> (artifact id: '5aaa4135bc211685a5c831f019ee0891') in 0.006593 seconds
Internal: There are remaining Allocations on the JobTempAlloc. This is a leak, and will impact performance
To Debug, run app with -diag-job-temp-memory-leak-validation cmd line argument. This will output the callstacks of the leaked allocations.
Number of updated asset objects reloaded before import = 0
Number of asset objects unloaded after import = 10
========================================================================
Received Import Request.
  Time since last request: 0.000016 seconds.
  path: Assets/Playing Cards/Resource/Prefab/BackColor_Blue/Blue_PlayingCards_Heart08_00.prefab
  artifactKey: Guid(f3c9575fb59651a4d9f9ff880df9db8b) Importer(815301076,1909f56bfc062723c751e8b465ee728b)
Start importing Assets/Playing Cards/Resource/Prefab/BackColor_Blue/Blue_PlayingCards_Heart08_00.prefab using Guid(f3c9575fb59651a4d9f9ff880df9db8b) Importer(815301076,1909f56bfc062723c751e8b465ee728b)  -> (artifact id: '65335bf07251b7615eaf61639f96ee3d') in 0.006630 seconds
Internal: There are remaining Allocations on the JobTempAlloc. This is a leak, and will impact performance
To Debug, run app with -diag-job-temp-memory-leak-validation cmd line argument. This will output the callstacks of the leaked allocations.
Number of updated asset objects reloaded before import = 0
Number of asset objects unloaded after import = 10
========================================================================
Received Import Request.
  Time since last request: 0.000016 seconds.
  path: Assets/Playing Cards/Resource/Prefab/BackColor_Blue/Blue_PlayingCards_Diamond02_00.prefab
  artifactKey: Guid(fb504e82be2699044917d3c360ba3229) Importer(815301076,1909f56bfc062723c751e8b465ee728b)
Start importing Assets/Playing Cards/Resource/Prefab/BackColor_Blue/Blue_PlayingCards_Diamond02_00.prefab using Guid(fb504e82be2699044917d3c360ba3229) Importer(815301076,1909f56bfc062723c751e8b465ee728b)  -> (artifact id: 'ea0b7555713c58210a0dcb44515e51a7') in 0.006266 seconds
Internal: There are remaining Allocations on the JobTempAlloc. This is a leak, and will impact performance
To Debug, run app with -diag-job-temp-memory-leak-validation cmd line argument. This will output the callstacks of the leaked allocations.
Number of updated asset objects reloaded before import = 0
Number of asset objects unloaded after import = 10
========================================================================
Received Import Request.
  Time since last request: 0.000017 seconds.
  path: Assets/Playing Cards/Resource/Prefab/BackColor_Blue/Blue_PlayingCards_Spade06_00.prefab
  artifactKey: Guid(7dd524b18c5befe4d8de4601b1ee9324) Importer(815301076,1909f56bfc062723c751e8b465ee728b)
Start importing Assets/Playing Cards/Resource/Prefab/BackColor_Blue/Blue_PlayingCards_Spade06_00.prefab using Guid(7dd524b18c5befe4d8de4601b1ee9324) Importer(815301076,1909f56bfc062723c751e8b465ee728b)  -> (artifact id: 'db3aa431275bb15d5a359e13721c7546') in 0.006649 seconds
Internal: There are remaining Allocations on the JobTempAlloc. This is a leak, and will impact performance
To Debug, run app with -diag-job-temp-memory-leak-validation cmd line argument. This will output the callstacks of the leaked allocations.
Number of updated asset objects reloaded before import = 0
Number of asset objects unloaded after import = 10
========================================================================
Received Import Request.
  Time since last request: 0.000017 seconds.
  path: Assets/Playing Cards/Resource/Prefab/BackColor_Blue/Blue_PlayingCards_Heart10_00.prefab
  artifactKey: Guid(ceb8c219ebb0b184e9d8069bc0a11421) Importer(815301076,1909f56bfc062723c751e8b465ee728b)
Start importing Assets/Playing Cards/Resource/Prefab/BackColor_Blue/Blue_PlayingCards_Heart10_00.prefab using Guid(ceb8c219ebb0b184e9d8069bc0a11421) Importer(815301076,1909f56bfc062723c751e8b465ee728b)  -> (artifact id: '1e48f623ad0f3ac40b07c2309b96d681') in 0.006165 seconds
Internal: There are remaining Allocations on the JobTempAlloc. This is a leak, and will impact performance
To Debug, run app with -diag-job-temp-memory-leak-validation cmd line argument. This will output the callstacks of the leaked allocations.
Number of updated asset objects reloaded before import = 0
Number of asset objects unloaded after import = 10
========================================================================
Received Import Request.
  Time since last request: 0.000017 seconds.
  path: Assets/Playing Cards/Resource/Prefab/BackColor_Blue/Blue_LittleDeck_00.prefab
  artifactKey: Guid(939382b70a855e640958d4c788588909) Importer(815301076,1909f56bfc062723c751e8b465ee728b)
Start importing Assets/Playing Cards/Resource/Prefab/BackColor_Blue/Blue_LittleDeck_00.prefab using Guid(939382b70a855e640958d4c788588909) Importer(815301076,1909f56bfc062723c751e8b465ee728b)  -> (artifact id: '6b3aefb222ffbb708b6ddc0edb91b31e') in 0.047671 seconds
Internal: There are remaining Allocations on the JobTempAlloc. This is a leak, and will impact performance
To Debug, run app with -diag-job-temp-memory-leak-validation cmd line argument. This will output the callstacks of the leaked allocations.
Number of updated asset objects reloaded before import = 0
Number of asset objects unloaded after import = 10
========================================================================
Received Import Request.
  Time since last request: 0.000389 seconds.
  path: Assets/Playing Cards/Resource/Prefab/BackColor_Blue/Blue_PlayingCards_Club11_00.prefab
  artifactKey: Guid(60378eeda91387f4384f20f946f6bc50) Importer(815301076,1909f56bfc062723c751e8b465ee728b)
Start importing Assets/Playing Cards/Resource/Prefab/BackColor_Blue/Blue_PlayingCards_Club11_00.prefab using Guid(60378eeda91387f4384f20f946f6bc50) Importer(815301076,1909f56bfc062723c751e8b465ee728b)  -> (artifact id: '37258b8b7e948e386fc376d027ff2b3b') in 0.006384 seconds
Internal: There are remaining Allocations on the JobTempAlloc. This is a leak, and will impact performance
To Debug, run app with -diag-job-temp-memory-leak-validation cmd line argument. This will output the callstacks of the leaked allocations.
Number of updated asset objects reloaded before import = 0
Number of asset objects unloaded after import = 10
========================================================================
Received Import Request.
  Time since last request: 0.000014 seconds.
  path: Assets/Playing Cards/Resource/Prefab/BackColor_Blue/Blue_PlayingCards_Spade04_00.prefab
  artifactKey: Guid(c68d5787d30e4b24ca2669f11ad30a7b) Importer(815301076,1909f56bfc062723c751e8b465ee728b)
Start importing Assets/Playing Cards/Resource/Prefab/BackColor_Blue/Blue_PlayingCards_Spade04_00.prefab using Guid(c68d5787d30e4b24ca2669f11ad30a7b) Importer(815301076,1909f56bfc062723c751e8b465ee728b)  -> (artifact id: 'ec3e0b0c9a93c751b4df5ba4a0bfbe6b') in 0.006521 seconds
Internal: There are remaining Allocations on the JobTempAlloc. This is a leak, and will impact performance
To Debug, run app with -diag-job-temp-memory-leak-validation cmd line argument. This will output the callstacks of the leaked allocations.
Number of updated asset objects reloaded before import = 0
Number of asset objects unloaded after import = 10
========================================================================
Received Import Request.
  Time since last request: 0.000017 seconds.
  path: Assets/Playing Cards/Resource/Prefab/BackColor_Blue/Blue_PlayingCards_Heart09_00.prefab
  artifactKey: Guid(2a0cf7cf983069a4f9cfd25cfc85b642) Importer(815301076,1909f56bfc062723c751e8b465ee728b)
Start importing Assets/Playing Cards/Resource/Prefab/BackColor_Blue/Blue_PlayingCards_Heart09_00.prefab using Guid(2a0cf7cf983069a4f9cfd25cfc85b642) Importer(815301076,1909f56bfc062723c751e8b465ee728b)  -> (artifact id: '96c73fdd85940e5fc2adec3337739a46') in 0.006479 seconds
Internal: There are remaining Allocations on the JobTempAlloc. This is a leak, and will impact performance
To Debug, run app with -diag-job-temp-memory-leak-validation cmd line argument. This will output the callstacks of the leaked allocations.
Number of updated asset objects reloaded before import = 0
Number of asset objects unloaded after import = 10
========================================================================
Received Import Request.
  Time since last request: 0.000016 seconds.
  path: Assets/Playing Cards/Resource/Prefab/BackColor_Blue/Blue_PlayingCards_Spade09_00.prefab
  artifactKey: Guid(5c747c6a2508a3b4d83d9b6c297fe6bb) Importer(815301076,1909f56bfc062723c751e8b465ee728b)
Start importing Assets/Playing Cards/Resource/Prefab/BackColor_Blue/Blue_PlayingCards_Spade09_00.prefab using Guid(5c747c6a2508a3b4d83d9b6c297fe6bb) Importer(815301076,1909f56bfc062723c751e8b465ee728b)  -> (artifact id: 'e14eb5e748f966bc75fd3caca8ff305e') in 0.006285 seconds
Internal: There are remaining Allocations on the JobTempAlloc. This is a leak, and will impact performance
To Debug, run app with -diag-job-temp-memory-leak-validation cmd line argument. This will output the callstacks of the leaked allocations.
Number of updated asset objects reloaded before import = 0
Number of asset objects unloaded after import = 10
========================================================================
Received Import Request.
  Time since last request: 0.000017 seconds.
  path: Assets/Playing Cards/Resource/Prefab/BackColor_Blue/Blue_RifleShuffle_First_00.prefab
  artifactKey: Guid(0661497767262874fa5dd701b9159dc4) Importer(815301076,1909f56bfc062723c751e8b465ee728b)
Start importing Assets/Playing Cards/Resource/Prefab/BackColor_Blue/Blue_RifleShuffle_First_00.prefab using Guid(0661497767262874fa5dd701b9159dc4) Importer(815301076,1909f56bfc062723c751e8b465ee728b)  -> (artifact id: 'c051d21323808f010dc2ba7fc43a8ca3') in 0.030090 seconds
Internal: There are remaining Allocations on the JobTempAlloc. This is a leak, and will impact performance
To Debug, run app with -diag-job-temp-memory-leak-validation cmd line argument. This will output the callstacks of the leaked allocations.
Number of updated asset objects reloaded before import = 0
Number of asset objects unloaded after import = 17
========================================================================
Received Import Request.
  Time since last request: 0.000021 seconds.
  path: Assets/Playing Cards/Resource/Prefab/BackColor_Blue/Blue_PlayingCards_Heart01_00.prefab
  artifactKey: Guid(d2f80b469e8f7a14abb2443d13dfee73) Importer(815301076,1909f56bfc062723c751e8b465ee728b)
Start importing Assets/Playing Cards/Resource/Prefab/BackColor_Blue/Blue_PlayingCards_Heart01_00.prefab using Guid(d2f80b469e8f7a14abb2443d13dfee73) Importer(815301076,1909f56bfc062723c751e8b465ee728b)  -> (artifact id: '5d18db949010ff385aa6491768ec020c') in 0.007028 seconds
Internal: There are remaining Allocations on the JobTempAlloc. This is a leak, and will impact performance
To Debug, run app with -diag-job-temp-memory-leak-validation cmd line argument. This will output the callstacks of the leaked allocations.
Number of updated asset objects reloaded before import = 0
Number of asset objects unloaded after import = 10
========================================================================
Received Import Request.
  Time since last request: 0.000028 seconds.
  path: Assets/Playing Cards/Resource/Prefab/BackColor_Blue/Blue_PlayingCards_Spade10_00.prefab
  artifactKey: Guid(8313c0beb060a864c9a7f49de221eccc) Importer(815301076,1909f56bfc062723c751e8b465ee728b)
Start importing Assets/Playing Cards/Resource/Prefab/BackColor_Blue/Blue_PlayingCards_Spade10_00.prefab using Guid(8313c0beb060a864c9a7f49de221eccc) Importer(815301076,1909f56bfc062723c751e8b465ee728b)  -> (artifact id: '61ea514491de614b094575a7de23b9fd') in 0.006155 seconds
Internal: There are remaining Allocations on the JobTempAlloc. This is a leak, and will impact performance
To Debug, run app with -diag-job-temp-memory-leak-validation cmd line argument. This will output the callstacks of the leaked allocations.
Number of updated asset objects reloaded before import = 0
Number of asset objects unloaded after import = 10
========================================================================
Received Import Request.
  Time since last request: 0.000016 seconds.
  path: Assets/Playing Cards/Resource/Prefab/BackColor_Blue/Blue_PlayingCards_Club03_00.prefab
  artifactKey: Guid(0c9f83dbd793c6a48a7556f2d55f8bf4) Importer(815301076,1909f56bfc062723c751e8b465ee728b)
Start importing Assets/Playing Cards/Resource/Prefab/BackColor_Blue/Blue_PlayingCards_Club03_00.prefab using Guid(0c9f83dbd793c6a48a7556f2d55f8bf4) Importer(815301076,1909f56bfc062723c751e8b465ee728b)  -> (artifact id: 'af2e1843d8959360292ffa89c58c3e72') in 0.006364 seconds
Internal: There are remaining Allocations on the JobTempAlloc. This is a leak, and will impact performance
To Debug, run app with -diag-job-temp-memory-leak-validation cmd line argument. This will output the callstacks of the leaked allocations.
Number of updated asset objects reloaded before import = 0
Number of asset objects unloaded after import = 10
========================================================================
Received Import Request.
  Time since last request: 0.000015 seconds.
  path: Assets/Playing Cards/Resource/Prefab/BackColor_Blue/Blue_PlayingCards_Diamond07_00.prefab
  artifactKey: Guid(a4ff2953159bfc04bbf910e3e0cb782d) Importer(815301076,1909f56bfc062723c751e8b465ee728b)
Start importing Assets/Playing Cards/Resource/Prefab/BackColor_Blue/Blue_PlayingCards_Diamond07_00.prefab using Guid(a4ff2953159bfc04bbf910e3e0cb782d) Importer(815301076,1909f56bfc062723c751e8b465ee728b)  -> (artifact id: '69826ee4bcf9b3724aa57db346fef4e7') in 0.006012 seconds
Internal: There are remaining Allocations on the JobTempAlloc. This is a leak, and will impact performance
To Debug, run app with -diag-job-temp-memory-leak-validation cmd line argument. This will output the callstacks of the leaked allocations.
Number of updated asset objects reloaded before import = 0
Number of asset objects unloaded after import = 10
========================================================================
Received Import Request.
  Time since last request: 0.000016 seconds.
  path: Assets/Playing Cards/Resource/Prefab/BackColor_Blue/Blue_PlayingCards_Spade03_00.prefab
  artifactKey: Guid(709cd623e685a1d4ea516e9458bd6a56) Importer(815301076,1909f56bfc062723c751e8b465ee728b)
Start importing Assets/Playing Cards/Resource/Prefab/BackColor_Blue/Blue_PlayingCards_Spade03_00.prefab using Guid(709cd623e685a1d4ea516e9458bd6a56) Importer(815301076,1909f56bfc062723c751e8b465ee728b)  -> (artifact id: 'fef861e55e0c2ea142ed61016034fd6c') in 0.012773 seconds
Internal: There are remaining Allocations on the JobTempAlloc. This is a leak, and will impact performance
To Debug, run app with -diag-job-temp-memory-leak-validation cmd line argument. This will output the callstacks of the leaked allocations.
Number of updated asset objects reloaded before import = 0
Number of asset objects unloaded after import = 10
========================================================================
Received Import Request.
  Time since last request: 0.000936 seconds.
  path: Assets/Playing Cards/Resource/Prefab/BackColor_Blue/Blue_PlayingCards_Club08_00.prefab
  artifactKey: Guid(859a69a2afa120b43850c9cd106f4bf1) Importer(815301076,1909f56bfc062723c751e8b465ee728b)
Start importing Assets/Playing Cards/Resource/Prefab/BackColor_Blue/Blue_PlayingCards_Club08_00.prefab using Guid(859a69a2afa120b43850c9cd106f4bf1) Importer(815301076,1909f56bfc062723c751e8b465ee728b)  -> (artifact id: 'de2d263deb82b4a52fc7b04927f7b7ae') in 0.005924 seconds
Internal: There are remaining Allocations on the JobTempAlloc. This is a leak, and will impact performance
To Debug, run app with -diag-job-temp-memory-leak-validation cmd line argument. This will output the callstacks of the leaked allocations.
Number of updated asset objects reloaded before import = 0
Number of asset objects unloaded after import = 10
========================================================================
Received Import Request.
  Time since last request: 0.000016 seconds.
  path: Assets/Playing Cards/Resource/Prefab/BackColor_Blue/Blue_PlayingCards_Heart06_00.prefab
  artifactKey: Guid(09a202838f006d549a4bf923d6c2b495) Importer(815301076,1909f56bfc062723c751e8b465ee728b)
Start importing Assets/Playing Cards/Resource/Prefab/BackColor_Blue/Blue_PlayingCards_Heart06_00.prefab using Guid(09a202838f006d549a4bf923d6c2b495) Importer(815301076,1909f56bfc062723c751e8b465ee728b)  -> (artifact id: 'c7ebfd85715a8cea016e8fe1c39739bf') in 0.005966 seconds
Internal: There are remaining Allocations on the JobTempAlloc. This is a leak, and will impact performance
To Debug, run app with -diag-job-temp-memory-leak-validation cmd line argument. This will output the callstacks of the leaked allocations.
Number of updated asset objects reloaded before import = 0
Number of asset objects unloaded after import = 10
========================================================================
Received Import Request.
  Time since last request: 0.000017 seconds.
  path: Assets/Playing Cards/Resource/Prefab/BackColor_Blue/Blue_PlayingCards_Diamond08_00.prefab
  artifactKey: Guid(86850f5aac494fb47b3901083248e109) Importer(815301076,1909f56bfc062723c751e8b465ee728b)
Start importing Assets/Playing Cards/Resource/Prefab/BackColor_Blue/Blue_PlayingCards_Diamond08_00.prefab using Guid(86850f5aac494fb47b3901083248e109) Importer(815301076,1909f56bfc062723c751e8b465ee728b)  -> (artifact id: '6f7d696b39bc57502d1d32655f21da6c') in 0.006212 seconds
Internal: There are remaining Allocations on the JobTempAlloc. This is a leak, and will impact performance
To Debug, run app with -diag-job-temp-memory-leak-validation cmd line argument. This will output the callstacks of the leaked allocations.
Number of updated asset objects reloaded before import = 0
Number of asset objects unloaded after import = 10
========================================================================
Received Import Request.
  Time since last request: 0.000016 seconds.
  path: Assets/Playing Cards/Resource/Prefab/BackColor_Blue/Blue_PlayingCards_Diamond04_00.prefab
  artifactKey: Guid(ab57051fe93c8e7438bcfdacb49452a9) Importer(815301076,1909f56bfc062723c751e8b465ee728b)
Start importing Assets/Playing Cards/Resource/Prefab/BackColor_Blue/Blue_PlayingCards_Diamond04_00.prefab using Guid(ab57051fe93c8e7438bcfdacb49452a9) Importer(815301076,1909f56bfc062723c751e8b465ee728b)  -> (artifact id: 'c59f0ae543934efcf11c3d6b4df47a48') in 0.006439 seconds
Internal: There are remaining Allocations on the JobTempAlloc. This is a leak, and will impact performance
To Debug, run app with -diag-job-temp-memory-leak-validation cmd line argument. This will output the callstacks of the leaked allocations.
Number of updated asset objects reloaded before import = 0
Number of asset objects unloaded after import = 10
========================================================================
Received Import Request.
  Time since last request: 0.000016 seconds.
  path: Assets/Playing Cards/Resource/Prefab/BackColor_Blue/Blue_PlayingCards_Diamond01_00.prefab
  artifactKey: Guid(f6b699ff21559bc4282d7cf0ff522634) Importer(815301076,1909f56bfc062723c751e8b465ee728b)
Start importing Assets/Playing Cards/Resource/Prefab/BackColor_Blue/Blue_PlayingCards_Diamond01_00.prefab using Guid(f6b699ff21559bc4282d7cf0ff522634) Importer(815301076,1909f56bfc062723c751e8b465ee728b)  -> (artifact id: '89b78a1e6b1cbce8f8d182aaa6db2064') in 0.007332 seconds
Internal: There are remaining Allocations on the JobTempAlloc. This is a leak, and will impact performance
To Debug, run app with -diag-job-temp-memory-leak-validation cmd line argument. This will output the callstacks of the leaked allocations.
Number of updated asset objects reloaded before import = 0
Number of asset objects unloaded after import = 10
========================================================================
Received Import Request.
  Time since last request: 0.000017 seconds.
  path: Assets/Playing Cards/Resource/Prefab/BackColor_Blue/Blue_PlayingCards_Spade05_00.prefab
  artifactKey: Guid(e6ff6187ffb7e6441ac0124027a23a4f) Importer(815301076,1909f56bfc062723c751e8b465ee728b)
Start importing Assets/Playing Cards/Resource/Prefab/BackColor_Blue/Blue_PlayingCards_Spade05_00.prefab using Guid(e6ff6187ffb7e6441ac0124027a23a4f) Importer(815301076,1909f56bfc062723c751e8b465ee728b)  -> (artifact id: '2cc42b30b6c1ad6348f0bfe28b6a99e5') in 0.006464 seconds
Internal: There are remaining Allocations on the JobTempAlloc. This is a leak, and will impact performance
To Debug, run app with -diag-job-temp-memory-leak-validation cmd line argument. This will output the callstacks of the leaked allocations.
Number of updated asset objects reloaded before import = 0
Number of asset objects unloaded after import = 10
========================================================================
Received Import Request.
  Time since last request: 0.000016 seconds.
  path: Assets/Playing Cards/Resource/Prefab/BackColor_Blue/Blue_ManyDeck_00.prefab
  artifactKey: Guid(cbb2006a6ea0dac479a09747aaa29f20) Importer(815301076,1909f56bfc062723c751e8b465ee728b)
Start importing Assets/Playing Cards/Resource/Prefab/BackColor_Blue/Blue_ManyDeck_00.prefab using Guid(cbb2006a6ea0dac479a09747aaa29f20) Importer(815301076,1909f56bfc062723c751e8b465ee728b)  -> (artifact id: '70845db1e238ff2e9c20883ba4bf3dd5') in 0.008294 seconds
Internal: There are remaining Allocations on the JobTempAlloc. This is a leak, and will impact performance
To Debug, run app with -diag-job-temp-memory-leak-validation cmd line argument. This will output the callstacks of the leaked allocations.
Number of updated asset objects reloaded before import = 0
Number of asset objects unloaded after import = 10
========================================================================
Received Import Request.
  Time since last request: 0.000016 seconds.
  path: Assets/Playing Cards/Resource/Prefab/BackColor_Blue/Blue_PlayingCards_Club05_00.prefab
  artifactKey: Guid(d8ec169ce3d59824ebf20eacc9dd05ee) Importer(815301076,1909f56bfc062723c751e8b465ee728b)
Start importing Assets/Playing Cards/Resource/Prefab/BackColor_Blue/Blue_PlayingCards_Club05_00.prefab using Guid(d8ec169ce3d59824ebf20eacc9dd05ee) Importer(815301076,1909f56bfc062723c751e8b465ee728b)  -> (artifact id: 'fa69f087c241fbf79e6ffceb5a8002f0') in 0.006775 seconds
Internal: There are remaining Allocations on the JobTempAlloc. This is a leak, and will impact performance
To Debug, run app with -diag-job-temp-memory-leak-validation cmd line argument. This will output the callstacks of the leaked allocations.
Number of updated asset objects reloaded before import = 0
Number of asset objects unloaded after import = 10
========================================================================
Received Import Request.
  Time since last request: 0.000018 seconds.
  path: Assets/Playing Cards/Resource/Prefab/BackColor_Blue/Blue_PlayingCards_Blank_00.prefab
  artifactKey: Guid(3164b38464b3a9547beb4522f03f3031) Importer(815301076,1909f56bfc062723c751e8b465ee728b)
Start importing Assets/Playing Cards/Resource/Prefab/BackColor_Blue/Blue_PlayingCards_Blank_00.prefab using Guid(3164b38464b3a9547beb4522f03f3031) Importer(815301076,1909f56bfc062723c751e8b465ee728b)  -> (artifact id: 'cee4c73bfec9125878cc0f447b91b126') in 0.006292 seconds
Internal: There are remaining Allocations on the JobTempAlloc. This is a leak, and will impact performance
To Debug, run app with -diag-job-temp-memory-leak-validation cmd line argument. This will output the callstacks of the leaked allocations.
Number of updated asset objects reloaded before import = 0
Number of asset objects unloaded after import = 9
========================================================================
Received Import Request.
  Time since last request: 0.000016 seconds.
  path: Assets/Playing Cards/Resource/Prefab/BackColor_Blue/Blue_PlayingCards_Diamond03_00.prefab
  artifactKey: Guid(ffe8af5b3c9db6148ae35786adc66d86) Importer(815301076,1909f56bfc062723c751e8b465ee728b)
Start importing Assets/Playing Cards/Resource/Prefab/BackColor_Blue/Blue_PlayingCards_Diamond03_00.prefab using Guid(ffe8af5b3c9db6148ae35786adc66d86) Importer(815301076,1909f56bfc062723c751e8b465ee728b)  -> (artifact id: '094c3e9188a240cc1cbdf67eea497b02') in 0.006890 seconds
Internal: There are remaining Allocations on the JobTempAlloc. This is a leak, and will impact performance
To Debug, run app with -diag-job-temp-memory-leak-validation cmd line argument. This will output the callstacks of the leaked allocations.
Number of updated asset objects reloaded before import = 0
Number of asset objects unloaded after import = 10
========================================================================
Received Import Request.
  Time since last request: 0.000015 seconds.
  path: Assets/Playing Cards/Resource/Prefab/BackColor_Blue/Blue_PlayingCards_Heart03_00.prefab
  artifactKey: Guid(f47e5aaa6217cc0418467c1fbe35e372) Importer(815301076,1909f56bfc062723c751e8b465ee728b)
Start importing Assets/Playing Cards/Resource/Prefab/BackColor_Blue/Blue_PlayingCards_Heart03_00.prefab using Guid(f47e5aaa6217cc0418467c1fbe35e372) Importer(815301076,1909f56bfc062723c751e8b465ee728b)  -> (artifact id: '9117feefe6127b7fe15e0f6cb7ed4262') in 0.006844 seconds
Internal: There are remaining Allocations on the JobTempAlloc. This is a leak, and will impact performance
To Debug, run app with -diag-job-temp-memory-leak-validation cmd line argument. This will output the callstacks of the leaked allocations.
Number of updated asset objects reloaded before import = 0
Number of asset objects unloaded after import = 10
========================================================================
Received Import Request.
  Time since last request: 0.000015 seconds.
  path: Assets/Playing Cards/Resource/Prefab/BackColor_Blue/Blue_ManyDiscard_00.prefab
  artifactKey: Guid(fd89f85809a0f2f45a801aab04cc064d) Importer(815301076,1909f56bfc062723c751e8b465ee728b)
Start importing Assets/Playing Cards/Resource/Prefab/BackColor_Blue/Blue_ManyDiscard_00.prefab using Guid(fd89f85809a0f2f45a801aab04cc064d) Importer(815301076,1909f56bfc062723c751e8b465ee728b)  -> (artifact id: '58987c1a2d56c6db17d40ff4d8c0b167') in 0.007459 seconds
Internal: There are remaining Allocations on the JobTempAlloc. This is a leak, and will impact performance
To Debug, run app with -diag-job-temp-memory-leak-validation cmd line argument. This will output the callstacks of the leaked allocations.
Number of updated asset objects reloaded before import = 0
Number of asset objects unloaded after import = 19
========================================================================
Received Import Request.
  Time since last request: 0.000019 seconds.
  path: Assets/Playing Cards/Resource/Prefab/BackColor_Blue/Blue_PlayingCards_Club01_00.prefab
  artifactKey: Guid(1d1cc56097e553a46b1249f2c8bc83cf) Importer(815301076,1909f56bfc062723c751e8b465ee728b)
Start importing Assets/Playing Cards/Resource/Prefab/BackColor_Blue/Blue_PlayingCards_Club01_00.prefab using Guid(1d1cc56097e553a46b1249f2c8bc83cf) Importer(815301076,1909f56bfc062723c751e8b465ee728b)  -> (artifact id: '94f15f73b66891277f2434a1cd4b6429') in 0.006703 seconds
Internal: There are remaining Allocations on the JobTempAlloc. This is a leak, and will impact performance
To Debug, run app with -diag-job-temp-memory-leak-validation cmd line argument. This will output the callstacks of the leaked allocations.
Number of updated asset objects reloaded before import = 0
Number of asset objects unloaded after import = 10
========================================================================
Received Import Request.
  Time since last request: 0.000015 seconds.
  path: Assets/Playing Cards/Resource/Prefab/BackColor_Blue/Blue_PlayingCards_Heart13_00.prefab
  artifactKey: Guid(46b99c0846546f648a5f91f6f5217d96) Importer(815301076,1909f56bfc062723c751e8b465ee728b)
Start importing Assets/Playing Cards/Resource/Prefab/BackColor_Blue/Blue_PlayingCards_Heart13_00.prefab using Guid(46b99c0846546f648a5f91f6f5217d96) Importer(815301076,1909f56bfc062723c751e8b465ee728b)  -> (artifact id: 'fb34653446f39c8133cbb2e8f7671c06') in 0.006153 seconds
Internal: There are remaining Allocations on the JobTempAlloc. This is a leak, and will impact performance
To Debug, run app with -diag-job-temp-memory-leak-validation cmd line argument. This will output the callstacks of the leaked allocations.
Number of updated asset objects reloaded before import = 0
Number of asset objects unloaded after import = 10
========================================================================
Received Import Request.
  Time since last request: 0.000014 seconds.
  path: Assets/Playing Cards/Resource/Prefab/BackColor_Blue/Blue_PlayingCards_Spade02_00.prefab
  artifactKey: Guid(ead15689667236347af67a77429e92d8) Importer(815301076,1909f56bfc062723c751e8b465ee728b)
Start importing Assets/Playing Cards/Resource/Prefab/BackColor_Blue/Blue_PlayingCards_Spade02_00.prefab using Guid(ead15689667236347af67a77429e92d8) Importer(815301076,1909f56bfc062723c751e8b465ee728b)  -> (artifact id: '732b65f0ce638cc316b7fe87aaf559b5') in 0.005934 seconds
Internal: There are remaining Allocations on the JobTempAlloc. This is a leak, and will impact performance
To Debug, run app with -diag-job-temp-memory-leak-validation cmd line argument. This will output the callstacks of the leaked allocations.
Number of updated asset objects reloaded before import = 0
Number of asset objects unloaded after import = 10
========================================================================
Received Import Request.
  Time since last request: 0.000017 seconds.
  path: Assets/Playing Cards/Resource/Prefab/BackColor_Blue/Blue_PlayingCards_Club02_00.prefab
  artifactKey: Guid(71e2ac9160ea26e4aa4ab8d9c87a8bf1) Importer(815301076,1909f56bfc062723c751e8b465ee728b)
Start importing Assets/Playing Cards/Resource/Prefab/BackColor_Blue/Blue_PlayingCards_Club02_00.prefab using Guid(71e2ac9160ea26e4aa4ab8d9c87a8bf1) Importer(815301076,1909f56bfc062723c751e8b465ee728b)  -> (artifact id: 'f76dee9211fb47ae1effdc2597fea777') in 0.006711 seconds
Internal: There are remaining Allocations on the JobTempAlloc. This is a leak, and will impact performance
To Debug, run app with -diag-job-temp-memory-leak-validation cmd line argument. This will output the callstacks of the leaked allocations.
Number of updated asset objects reloaded before import = 0
Number of asset objects unloaded after import = 10
========================================================================
Received Import Request.
  Time since last request: 0.000016 seconds.
  path: Assets/Playing Cards/Resource/Prefab/BackColor_Blue/Blue_PlayingCards_Spade08_00.prefab
  artifactKey: Guid(7f1b451453c3280428345cdc9a8add79) Importer(815301076,1909f56bfc062723c751e8b465ee728b)
Start importing Assets/Playing Cards/Resource/Prefab/BackColor_Blue/Blue_PlayingCards_Spade08_00.prefab using Guid(7f1b451453c3280428345cdc9a8add79) Importer(815301076,1909f56bfc062723c751e8b465ee728b)  -> (artifact id: '82b6042ba1195299c2de6996f3f4aecb') in 0.013375 seconds
Internal: There are remaining Allocations on the JobTempAlloc. This is a leak, and will impact performance
To Debug, run app with -diag-job-temp-memory-leak-validation cmd line argument. This will output the callstacks of the leaked allocations.
Number of updated asset objects reloaded before import = 0
Number of asset objects unloaded after import = 10
Editor requested this worker to shutdown with reason: Scaling down because of idle timeout
TcpMessagingSession - receive error: operation aborted. errorcode: 995, details: Operacja We/Wy zostaa przerwana z powodu zakoczenia wtku lub dania aplikacji.
AssetImportWorker is now disconnected from the server
Process exiting
Exiting without the bug reporter. Application will terminate with return code 0